[2022-03-24 18:26:25,425] {taskinstance.py:851} INFO - Dependencies all met for <TaskInstance: boston_service_request_csv.spark_submit_task 2022-02-01T00:00:00+00:00 [queued]>
[2022-03-24 18:26:25,461] {taskinstance.py:851} INFO - Dependencies all met for <TaskInstance: boston_service_request_csv.spark_submit_task 2022-02-01T00:00:00+00:00 [queued]>
[2022-03-24 18:26:25,463] {taskinstance.py:1042} INFO - 
--------------------------------------------------------------------------------
[2022-03-24 18:26:25,465] {taskinstance.py:1043} INFO - Starting attempt 2 of 2
[2022-03-24 18:26:25,466] {taskinstance.py:1044} INFO - 
--------------------------------------------------------------------------------
[2022-03-24 18:26:25,501] {taskinstance.py:1063} INFO - Executing <Task(SparkSubmitOperator): spark_submit_task> on 2022-02-01T00:00:00+00:00
[2022-03-24 18:26:25,509] {standard_task_runner.py:52} INFO - Started process 506 to run task
[2022-03-24 18:26:25,520] {standard_task_runner.py:76} INFO - Running: ['airflow', 'tasks', 'run', 'boston_service_request_csv', 'spark_submit_task', '2022-02-01T00:00:00+00:00', '--job-id', '24', '--pool', 'default_pool', '--raw', '--subdir', 'DAGS_FOLDER/boston_service_request.py', '--cfg-path', '/tmp/tmpvpib78b5', '--error-file', '/tmp/tmpc1w3zqhf']
[2022-03-24 18:26:25,527] {standard_task_runner.py:77} INFO - Job 24: Subtask spark_submit_task
[2022-03-24 18:26:25,638] {logging_mixin.py:104} INFO - Running <TaskInstance: boston_service_request_csv.spark_submit_task 2022-02-01T00:00:00+00:00 [running]> on host 9ea09cd34959
[2022-03-24 18:26:25,743] {taskinstance.py:1257} INFO - Exporting the following env vars:
AIRFLOW_CTX_DAG_OWNER=airflow
AIRFLOW_CTX_DAG_ID=boston_service_request_csv
AIRFLOW_CTX_TASK_ID=spark_submit_task
AIRFLOW_CTX_EXECUTION_DATE=2022-02-01T00:00:00+00:00
AIRFLOW_CTX_DAG_RUN_ID=scheduled__2022-02-01T00:00:00+00:00
[2022-03-24 18:26:25,768] {base.py:74} INFO - Using connection to: id: spark_local. Host: local[*], Port: None, Schema: , Login: , Password: None, extra: None
[2022-03-24 18:26:25,776] {spark_submit.py:335} INFO - Spark-Submit cmd: spark-submit --master local[*] --name arrow-spark /home/airflow/datalake/project.py
[2022-03-24 18:26:32,925] {spark_submit.py:488} INFO - WARNING: An illegal reflective access operation has occurred
[2022-03-24 18:26:32,927] {spark_submit.py:488} INFO - WARNING: Illegal reflective access by org.apache.spark.unsafe.Platform (file:/opt/spark/jars/spark-unsafe_2.12-3.0.0.jar) to constructor java.nio.DirectByteBuffer(long,int)
[2022-03-24 18:26:32,929] {spark_submit.py:488} INFO - WARNING: Please consider reporting this to the maintainers of org.apache.spark.unsafe.Platform
[2022-03-24 18:26:32,930] {spark_submit.py:488} INFO - WARNING: Use --illegal-access=warn to enable warnings of further illegal reflective access operations
[2022-03-24 18:26:32,932] {spark_submit.py:488} INFO - WARNING: All illegal access operations will be denied in a future release
[2022-03-24 18:26:42,354] {spark_submit.py:488} INFO - Traceback (most recent call last):
[2022-03-24 18:26:42,357] {spark_submit.py:488} INFO - File "/home/airflow/datalake/project.py", line 17, in <module>
[2022-03-24 18:26:42,358] {spark_submit.py:488} INFO - from IPython.core.display import HTML
[2022-03-24 18:26:42,360] {spark_submit.py:488} INFO - ModuleNotFoundError: No module named 'IPython'
[2022-03-24 18:26:42,577] {spark_submit.py:488} INFO - 2022-03-24 18:26:42,574 INFO util.ShutdownHookManager: Shutdown hook called
[2022-03-24 18:26:42,582] {spark_submit.py:488} INFO - 2022-03-24 18:26:42,581 INFO util.ShutdownHookManager: Deleting directory /tmp/spark-ab35b01a-365f-46ac-906f-1023294a5ad0
[2022-03-24 18:26:43,167] {taskinstance.py:1455} ERROR - Cannot execute: spark-submit --master local[*] --name arrow-spark /home/airflow/datalake/project.py. Error code is: 1.
Traceback (most recent call last):
  File "/home/airflow/.local/lib/python3.6/site-packages/airflow/models/taskinstance.py", line 1112, in _run_raw_task
    self._prepare_and_execute_task_with_callbacks(context, task)
  File "/home/airflow/.local/lib/python3.6/site-packages/airflow/models/taskinstance.py", line 1285, in _prepare_and_execute_task_with_callbacks
    result = self._execute_task(context, task_copy)
  File "/home/airflow/.local/lib/python3.6/site-packages/airflow/models/taskinstance.py", line 1315, in _execute_task
    result = task_copy.execute(context=context)
  File "/usr/local/lib/python3.6/site-packages/airflow/providers/apache/spark/operators/spark_submit.py", line 157, in execute
    self._hook.submit(self._application)
  File "/usr/local/lib/python3.6/site-packages/airflow/providers/apache/spark/hooks/spark_submit.py", line 420, in submit
    f"Cannot execute: {self._mask_cmd(spark_submit_cmd)}. Error code is: {returncode}."
airflow.exceptions.AirflowException: Cannot execute: spark-submit --master local[*] --name arrow-spark /home/airflow/datalake/project.py. Error code is: 1.
[2022-03-24 18:26:43,180] {taskinstance.py:1503} INFO - Marking task as FAILED. dag_id=boston_service_request_csv, task_id=spark_submit_task, execution_date=20220201T000000, start_date=20220324T182625, end_date=20220324T182643
[2022-03-24 18:26:43,263] {local_task_job.py:146} INFO - Task exited with return code 1
[2022-03-25 02:36:17,034] {taskinstance.py:851} INFO - Dependencies all met for <TaskInstance: boston_service_request_csv.spark_submit_task 2022-02-01T00:00:00+00:00 [queued]>
[2022-03-25 02:36:17,073] {taskinstance.py:851} INFO - Dependencies all met for <TaskInstance: boston_service_request_csv.spark_submit_task 2022-02-01T00:00:00+00:00 [queued]>
[2022-03-25 02:36:17,075] {taskinstance.py:1042} INFO - 
--------------------------------------------------------------------------------
[2022-03-25 02:36:17,077] {taskinstance.py:1043} INFO - Starting attempt 2 of 2
[2022-03-25 02:36:17,078] {taskinstance.py:1044} INFO - 
--------------------------------------------------------------------------------
[2022-03-25 02:36:17,102] {taskinstance.py:1063} INFO - Executing <Task(SparkSubmitOperator): spark_submit_task> on 2022-02-01T00:00:00+00:00
[2022-03-25 02:36:17,110] {standard_task_runner.py:52} INFO - Started process 602 to run task
[2022-03-25 02:36:17,120] {standard_task_runner.py:76} INFO - Running: ['airflow', 'tasks', 'run', 'boston_service_request_csv', 'spark_submit_task', '2022-02-01T00:00:00+00:00', '--job-id', '41', '--pool', 'default_pool', '--raw', '--subdir', 'DAGS_FOLDER/boston_service_request.py', '--cfg-path', '/tmp/tmpjk05c7ip', '--error-file', '/tmp/tmpzbci79k9']
[2022-03-25 02:36:17,127] {standard_task_runner.py:77} INFO - Job 41: Subtask spark_submit_task
[2022-03-25 02:36:17,220] {logging_mixin.py:104} INFO - Running <TaskInstance: boston_service_request_csv.spark_submit_task 2022-02-01T00:00:00+00:00 [running]> on host dd69aa5fd58c
[2022-03-25 02:36:17,338] {taskinstance.py:1257} INFO - Exporting the following env vars:
AIRFLOW_CTX_DAG_OWNER=airflow
AIRFLOW_CTX_DAG_ID=boston_service_request_csv
AIRFLOW_CTX_TASK_ID=spark_submit_task
AIRFLOW_CTX_EXECUTION_DATE=2022-02-01T00:00:00+00:00
AIRFLOW_CTX_DAG_RUN_ID=scheduled__2022-02-01T00:00:00+00:00
[2022-03-25 02:36:17,363] {base.py:74} INFO - Using connection to: id: spark_local. Host: local[*], Port: None, Schema: , Login: , Password: None, extra: None
[2022-03-25 02:36:17,371] {spark_submit.py:335} INFO - Spark-Submit cmd: spark-submit --master local[*] --name arrow-spark /home/airflow/datalake/project.py
[2022-03-25 02:36:24,275] {spark_submit.py:488} INFO - WARNING: An illegal reflective access operation has occurred
[2022-03-25 02:36:24,279] {spark_submit.py:488} INFO - WARNING: Illegal reflective access by org.apache.spark.unsafe.Platform (file:/opt/spark/jars/spark-unsafe_2.12-3.0.0.jar) to constructor java.nio.DirectByteBuffer(long,int)
[2022-03-25 02:36:24,281] {spark_submit.py:488} INFO - WARNING: Please consider reporting this to the maintainers of org.apache.spark.unsafe.Platform
[2022-03-25 02:36:24,283] {spark_submit.py:488} INFO - WARNING: Use --illegal-access=warn to enable warnings of further illegal reflective access operations
[2022-03-25 02:36:24,285] {spark_submit.py:488} INFO - WARNING: All illegal access operations will be denied in a future release
[2022-03-25 02:36:35,428] {spark_submit.py:488} INFO - 2022-03-25 02:36:35,386 INFO spark.SparkContext: Running Spark version 3.0.0
[2022-03-25 02:36:35,816] {spark_submit.py:488} INFO - 2022-03-25 02:36:35,815 INFO resource.ResourceUtils: ==============================================================
[2022-03-25 02:36:35,824] {spark_submit.py:488} INFO - 2022-03-25 02:36:35,822 INFO resource.ResourceUtils: Resources for spark.driver:
[2022-03-25 02:36:35,827] {spark_submit.py:488} INFO - 
[2022-03-25 02:36:35,829] {spark_submit.py:488} INFO - 2022-03-25 02:36:35,826 INFO resource.ResourceUtils: ==============================================================
[2022-03-25 02:36:35,830] {spark_submit.py:488} INFO - 2022-03-25 02:36:35,829 INFO spark.SparkContext: Submitted application: Boston Service Request
[2022-03-25 02:36:36,069] {spark_submit.py:488} INFO - 2022-03-25 02:36:36,068 INFO spark.SecurityManager: Changing view acls to: airflow
[2022-03-25 02:36:36,071] {spark_submit.py:488} INFO - 2022-03-25 02:36:36,069 INFO spark.SecurityManager: Changing modify acls to: airflow
[2022-03-25 02:36:36,072] {spark_submit.py:488} INFO - 2022-03-25 02:36:36,069 INFO spark.SecurityManager: Changing view acls groups to:
[2022-03-25 02:36:36,074] {spark_submit.py:488} INFO - 2022-03-25 02:36:36,070 INFO spark.SecurityManager: Changing modify acls groups to:
[2022-03-25 02:36:36,075] {spark_submit.py:488} INFO - 2022-03-25 02:36:36,071 INFO spark.SecurityManager: SecurityManager: authentication disabled; ui acls disabled; users  with view permissions: Set(airflow); groups with view permissions: Set(); users  with modify permissions: Set(airflow); groups with modify permissions: Set()
[2022-03-25 02:36:37,298] {spark_submit.py:488} INFO - 2022-03-25 02:36:37,295 INFO util.Utils: Successfully started service 'sparkDriver' on port 37683.
[2022-03-25 02:36:37,437] {spark_submit.py:488} INFO - 2022-03-25 02:36:37,437 INFO spark.SparkEnv: Registering MapOutputTracker
[2022-03-25 02:36:37,581] {spark_submit.py:488} INFO - 2022-03-25 02:36:37,580 INFO spark.SparkEnv: Registering BlockManagerMaster
[2022-03-25 02:36:37,637] {spark_submit.py:488} INFO - 2022-03-25 02:36:37,637 INFO storage.BlockManagerMasterEndpoint: Using org.apache.spark.storage.DefaultTopologyMapper for getting topology information
[2022-03-25 02:36:37,640] {spark_submit.py:488} INFO - 2022-03-25 02:36:37,640 INFO storage.BlockManagerMasterEndpoint: BlockManagerMasterEndpoint up
[2022-03-25 02:36:37,662] {spark_submit.py:488} INFO - 2022-03-25 02:36:37,661 INFO spark.SparkEnv: Registering BlockManagerMasterHeartbeat
[2022-03-25 02:36:37,714] {spark_submit.py:488} INFO - 2022-03-25 02:36:37,714 INFO storage.DiskBlockManager: Created local directory at /tmp/blockmgr-b5ff7993-65f1-4123-9a8a-baee90504cf0
[2022-03-25 02:36:37,809] {spark_submit.py:488} INFO - 2022-03-25 02:36:37,808 INFO memory.MemoryStore: MemoryStore started with capacity 434.4 MiB
[2022-03-25 02:36:37,878] {spark_submit.py:488} INFO - 2022-03-25 02:36:37,877 INFO spark.SparkEnv: Registering OutputCommitCoordinator
[2022-03-25 02:36:38,273] {spark_submit.py:488} INFO - 2022-03-25 02:36:38,271 INFO util.log: Logging initialized @19387ms to org.sparkproject.jetty.util.log.Slf4jLog
[2022-03-25 02:36:38,503] {spark_submit.py:488} INFO - 2022-03-25 02:36:38,502 INFO server.Server: jetty-9.4.z-SNAPSHOT; built: 2019-04-29T20:42:08.989Z; git: e1bc35120a6617ee3df052294e433f3a25ce7097; jvm 11.0.14+9-post-Debian-1deb10u1
[2022-03-25 02:36:38,566] {spark_submit.py:488} INFO - 2022-03-25 02:36:38,565 INFO server.Server: Started @19687ms
[2022-03-25 02:36:38,665] {spark_submit.py:488} INFO - 2022-03-25 02:36:38,665 INFO server.AbstractConnector: Started ServerConnector@45d725af{HTTP/1.1,[http/1.1]}{0.0.0.0:4040}
[2022-03-25 02:36:38,668] {spark_submit.py:488} INFO - 2022-03-25 02:36:38,665 INFO util.Utils: Successfully started service 'SparkUI' on port 4040.
[2022-03-25 02:36:38,761] {spark_submit.py:488} INFO - 2022-03-25 02:36:38,761 INFO handler.ContextHandler: Started o.s.j.s.ServletContextHandler@1fb5404d{/jobs,null,AVAILABLE,@Spark}
[2022-03-25 02:36:38,770] {spark_submit.py:488} INFO - 2022-03-25 02:36:38,769 INFO handler.ContextHandler: Started o.s.j.s.ServletContextHandler@1e38928a{/jobs/json,null,AVAILABLE,@Spark}
[2022-03-25 02:36:38,773] {spark_submit.py:488} INFO - 2022-03-25 02:36:38,773 INFO handler.ContextHandler: Started o.s.j.s.ServletContextHandler@7e73d433{/jobs/job,null,AVAILABLE,@Spark}
[2022-03-25 02:36:38,787] {spark_submit.py:488} INFO - 2022-03-25 02:36:38,786 INFO handler.ContextHandler: Started o.s.j.s.ServletContextHandler@158bde9f{/jobs/job/json,null,AVAILABLE,@Spark}
[2022-03-25 02:36:38,790] {spark_submit.py:488} INFO - 2022-03-25 02:36:38,790 INFO handler.ContextHandler: Started o.s.j.s.ServletContextHandler@3db44c00{/stages,null,AVAILABLE,@Spark}
[2022-03-25 02:36:38,793] {spark_submit.py:488} INFO - 2022-03-25 02:36:38,793 INFO handler.ContextHandler: Started o.s.j.s.ServletContextHandler@31d52d53{/stages/json,null,AVAILABLE,@Spark}
[2022-03-25 02:36:38,796] {spark_submit.py:488} INFO - 2022-03-25 02:36:38,796 INFO handler.ContextHandler: Started o.s.j.s.ServletContextHandler@62bd79d7{/stages/stage,null,AVAILABLE,@Spark}
[2022-03-25 02:36:38,808] {spark_submit.py:488} INFO - 2022-03-25 02:36:38,807 INFO handler.ContextHandler: Started o.s.j.s.ServletContextHandler@68a3d9f7{/stages/stage/json,null,AVAILABLE,@Spark}
[2022-03-25 02:36:38,812] {spark_submit.py:488} INFO - 2022-03-25 02:36:38,812 INFO handler.ContextHandler: Started o.s.j.s.ServletContextHandler@3454722b{/stages/pool,null,AVAILABLE,@Spark}
[2022-03-25 02:36:38,817] {spark_submit.py:488} INFO - 2022-03-25 02:36:38,816 INFO handler.ContextHandler: Started o.s.j.s.ServletContextHandler@3a80b212{/stages/pool/json,null,AVAILABLE,@Spark}
[2022-03-25 02:36:38,821] {spark_submit.py:488} INFO - 2022-03-25 02:36:38,821 INFO handler.ContextHandler: Started o.s.j.s.ServletContextHandler@1b003477{/storage,null,AVAILABLE,@Spark}
[2022-03-25 02:36:38,826] {spark_submit.py:488} INFO - 2022-03-25 02:36:38,826 INFO handler.ContextHandler: Started o.s.j.s.ServletContextHandler@3d1cb178{/storage/json,null,AVAILABLE,@Spark}
[2022-03-25 02:36:38,830] {spark_submit.py:488} INFO - 2022-03-25 02:36:38,829 INFO handler.ContextHandler: Started o.s.j.s.ServletContextHandler@3d3a3206{/storage/rdd,null,AVAILABLE,@Spark}
[2022-03-25 02:36:38,833] {spark_submit.py:488} INFO - 2022-03-25 02:36:38,833 INFO handler.ContextHandler: Started o.s.j.s.ServletContextHandler@7b409fb4{/storage/rdd/json,null,AVAILABLE,@Spark}
[2022-03-25 02:36:38,844] {spark_submit.py:488} INFO - 2022-03-25 02:36:38,843 INFO handler.ContextHandler: Started o.s.j.s.ServletContextHandler@28f28ab2{/environment,null,AVAILABLE,@Spark}
[2022-03-25 02:36:38,849] {spark_submit.py:488} INFO - 2022-03-25 02:36:38,849 INFO handler.ContextHandler: Started o.s.j.s.ServletContextHandler@f097f6f{/environment/json,null,AVAILABLE,@Spark}
[2022-03-25 02:36:38,855] {spark_submit.py:488} INFO - 2022-03-25 02:36:38,855 INFO handler.ContextHandler: Started o.s.j.s.ServletContextHandler@5692116d{/executors,null,AVAILABLE,@Spark}
[2022-03-25 02:36:38,859] {spark_submit.py:488} INFO - 2022-03-25 02:36:38,859 INFO handler.ContextHandler: Started o.s.j.s.ServletContextHandler@3ddf2e9c{/executors/json,null,AVAILABLE,@Spark}
[2022-03-25 02:36:38,865] {spark_submit.py:488} INFO - 2022-03-25 02:36:38,864 INFO handler.ContextHandler: Started o.s.j.s.ServletContextHandler@5ca24e79{/executors/threadDump,null,AVAILABLE,@Spark}
[2022-03-25 02:36:38,871] {spark_submit.py:488} INFO - 2022-03-25 02:36:38,870 INFO handler.ContextHandler: Started o.s.j.s.ServletContextHandler@2f35fe11{/executors/threadDump/json,null,AVAILABLE,@Spark}
[2022-03-25 02:36:38,911] {spark_submit.py:488} INFO - 2022-03-25 02:36:38,910 INFO handler.ContextHandler: Started o.s.j.s.ServletContextHandler@124d1e1d{/static,null,AVAILABLE,@Spark}
[2022-03-25 02:36:38,919] {spark_submit.py:488} INFO - 2022-03-25 02:36:38,919 INFO handler.ContextHandler: Started o.s.j.s.ServletContextHandler@59681e62{/,null,AVAILABLE,@Spark}
[2022-03-25 02:36:38,927] {spark_submit.py:488} INFO - 2022-03-25 02:36:38,926 INFO handler.ContextHandler: Started o.s.j.s.ServletContextHandler@1f6e2644{/api,null,AVAILABLE,@Spark}
[2022-03-25 02:36:38,936] {spark_submit.py:488} INFO - 2022-03-25 02:36:38,935 INFO handler.ContextHandler: Started o.s.j.s.ServletContextHandler@61727ee9{/jobs/job/kill,null,AVAILABLE,@Spark}
[2022-03-25 02:36:38,940] {spark_submit.py:488} INFO - 2022-03-25 02:36:38,940 INFO handler.ContextHandler: Started o.s.j.s.ServletContextHandler@7659dc6d{/stages/stage/kill,null,AVAILABLE,@Spark}
[2022-03-25 02:36:38,952] {spark_submit.py:488} INFO - 2022-03-25 02:36:38,952 INFO ui.SparkUI: Bound SparkUI to 0.0.0.0, and started at http://dd69aa5fd58c:4040
[2022-03-25 02:36:39,978] {spark_submit.py:488} INFO - 2022-03-25 02:36:39,977 INFO executor.Executor: Starting executor ID driver on host dd69aa5fd58c
[2022-03-25 02:36:40,095] {spark_submit.py:488} INFO - 2022-03-25 02:36:40,094 INFO util.Utils: Successfully started service 'org.apache.spark.network.netty.NettyBlockTransferService' on port 43563.
[2022-03-25 02:36:40,097] {spark_submit.py:488} INFO - 2022-03-25 02:36:40,097 INFO netty.NettyBlockTransferService: Server created on dd69aa5fd58c:43563
[2022-03-25 02:36:40,107] {spark_submit.py:488} INFO - 2022-03-25 02:36:40,107 INFO storage.BlockManager: Using org.apache.spark.storage.RandomBlockReplicationPolicy for block replication policy
[2022-03-25 02:36:40,131] {spark_submit.py:488} INFO - 2022-03-25 02:36:40,131 INFO storage.BlockManagerMaster: Registering BlockManager BlockManagerId(driver, dd69aa5fd58c, 43563, None)
[2022-03-25 02:36:40,152] {spark_submit.py:488} INFO - 2022-03-25 02:36:40,150 INFO storage.BlockManagerMasterEndpoint: Registering block manager dd69aa5fd58c:43563 with 434.4 MiB RAM, BlockManagerId(driver, dd69aa5fd58c, 43563, None)
[2022-03-25 02:36:40,165] {spark_submit.py:488} INFO - 2022-03-25 02:36:40,164 INFO storage.BlockManagerMaster: Registered BlockManager BlockManagerId(driver, dd69aa5fd58c, 43563, None)
[2022-03-25 02:36:40,171] {spark_submit.py:488} INFO - 2022-03-25 02:36:40,171 INFO storage.BlockManager: Initialized BlockManager: BlockManagerId(driver, dd69aa5fd58c, 43563, None)
[2022-03-25 02:36:40,815] {spark_submit.py:488} INFO - 2022-03-25 02:36:40,814 INFO handler.ContextHandler: Started o.s.j.s.ServletContextHandler@1cbcff54{/metrics/json,null,AVAILABLE,@Spark}
[2022-03-25 02:36:42,735] {spark_submit.py:488} INFO - 2022-03-25 02:36:42,735 INFO internal.SharedState: Setting hive.metastore.warehouse.dir ('null') to the value of spark.sql.warehouse.dir ('file:/opt/airflow/spark-warehouse').
[2022-03-25 02:36:42,737] {spark_submit.py:488} INFO - 2022-03-25 02:36:42,737 INFO internal.SharedState: Warehouse path is 'file:/opt/airflow/spark-warehouse'.
[2022-03-25 02:36:42,785] {spark_submit.py:488} INFO - 2022-03-25 02:36:42,784 INFO handler.ContextHandler: Started o.s.j.s.ServletContextHandler@5b54b68d{/SQL,null,AVAILABLE,@Spark}
[2022-03-25 02:36:42,788] {spark_submit.py:488} INFO - 2022-03-25 02:36:42,787 INFO handler.ContextHandler: Started o.s.j.s.ServletContextHandler@1d2cb0c5{/SQL/json,null,AVAILABLE,@Spark}
[2022-03-25 02:36:42,791] {spark_submit.py:488} INFO - 2022-03-25 02:36:42,791 INFO handler.ContextHandler: Started o.s.j.s.ServletContextHandler@4814b676{/SQL/execution,null,AVAILABLE,@Spark}
[2022-03-25 02:36:42,796] {spark_submit.py:488} INFO - 2022-03-25 02:36:42,796 INFO handler.ContextHandler: Started o.s.j.s.ServletContextHandler@73ce4cc6{/SQL/execution/json,null,AVAILABLE,@Spark}
[2022-03-25 02:36:42,862] {spark_submit.py:488} INFO - 2022-03-25 02:36:42,861 INFO handler.ContextHandler: Started o.s.j.s.ServletContextHandler@239ff951{/static/sql,null,AVAILABLE,@Spark}
[2022-03-25 02:36:57,871] {spark_submit.py:488} INFO - root
[2022-03-25 02:36:57,874] {spark_submit.py:488} INFO - |-- case_enquiry_id: string (nullable = true)
[2022-03-25 02:36:57,875] {spark_submit.py:488} INFO - |-- open_dt: string (nullable = true)
[2022-03-25 02:36:57,877] {spark_submit.py:488} INFO - |-- target_dt: timestamp (nullable = true)
[2022-03-25 02:36:57,879] {spark_submit.py:488} INFO - |-- closed_dt: timestamp (nullable = true)
[2022-03-25 02:36:57,880] {spark_submit.py:488} INFO - |-- ontime: string (nullable = true)
[2022-03-25 02:36:57,881] {spark_submit.py:488} INFO - |-- case_status: string (nullable = true)
[2022-03-25 02:36:57,882] {spark_submit.py:488} INFO - |-- closure_reason: string (nullable = true)
[2022-03-25 02:36:57,884] {spark_submit.py:488} INFO - |-- case_title: string (nullable = true)
[2022-03-25 02:36:57,886] {spark_submit.py:488} INFO - |-- subject: string (nullable = true)
[2022-03-25 02:36:57,888] {spark_submit.py:488} INFO - |-- reason: string (nullable = true)
[2022-03-25 02:36:57,893] {spark_submit.py:488} INFO - |-- type: string (nullable = true)
[2022-03-25 02:36:57,895] {spark_submit.py:488} INFO - |-- queue: string (nullable = true)
[2022-03-25 02:36:57,896] {spark_submit.py:488} INFO - |-- department: string (nullable = true)
[2022-03-25 02:36:57,898] {spark_submit.py:488} INFO - |-- submittedphoto: string (nullable = true)
[2022-03-25 02:36:57,899] {spark_submit.py:488} INFO - |-- closedphoto: string (nullable = true)
[2022-03-25 02:36:57,900] {spark_submit.py:488} INFO - |-- location: string (nullable = true)
[2022-03-25 02:36:57,901] {spark_submit.py:488} INFO - |-- fire_district: string (nullable = true)
[2022-03-25 02:36:57,902] {spark_submit.py:488} INFO - |-- pwd_district: string (nullable = true)
[2022-03-25 02:36:57,903] {spark_submit.py:488} INFO - |-- city_council_district: string (nullable = true)
[2022-03-25 02:36:57,904] {spark_submit.py:488} INFO - |-- police_district: string (nullable = true)
[2022-03-25 02:36:57,906] {spark_submit.py:488} INFO - |-- neighborhood: string (nullable = true)
[2022-03-25 02:36:57,907] {spark_submit.py:488} INFO - |-- neighborhood_services_district: string (nullable = true)
[2022-03-25 02:36:57,909] {spark_submit.py:488} INFO - |-- ward: string (nullable = true)
[2022-03-25 02:36:57,910] {spark_submit.py:488} INFO - |-- precinct: string (nullable = true)
[2022-03-25 02:36:57,911] {spark_submit.py:488} INFO - |-- location_street_name: string (nullable = true)
[2022-03-25 02:36:57,913] {spark_submit.py:488} INFO - |-- location_zipcode: string (nullable = true)
[2022-03-25 02:36:57,914] {spark_submit.py:488} INFO - |-- latitude: string (nullable = true)
[2022-03-25 02:36:57,916] {spark_submit.py:488} INFO - |-- longitude: string (nullable = true)
[2022-03-25 02:36:57,918] {spark_submit.py:488} INFO - |-- source: string (nullable = true)
[2022-03-25 02:36:57,918] {spark_submit.py:488} INFO - 
[2022-03-25 03:38:17,884] {local_task_job.py:77} ERROR - Received SIGTERM. Terminating subprocesses
[2022-03-25 03:38:18,391] {process_utils.py:100} INFO - Sending Signals.SIGTERM to GPID 602
[2022-03-25 03:38:18,530] {taskinstance.py:1239} ERROR - Received SIGTERM. Terminating subprocesses.
[2022-03-25 03:38:18,598] {spark_submit.py:623} INFO - Sending kill signal to spark-submit
[2022-03-25 03:38:19,515] {process_utils.py:66} INFO - Process psutil.Process(pid=602, status='terminated', exitcode=1, started='02:36:16') (602) terminated with exit code 1
[2022-03-25 03:38:20,531] {process_utils.py:66} INFO - Process psutil.Process(pid=604, status='terminated', started='02:36:17') (604) terminated with exit code None
[2022-03-25 03:38:20,537] {process_utils.py:66} INFO - Process psutil.Process(pid=676, status='terminated', started='02:36:27') (676) terminated with exit code None
