[2022-03-23 03:59:54,394] {taskinstance.py:851} INFO - Dependencies all met for <TaskInstance: boston_service_request_csv.csv_to_gcs_job 2022-03-23T03:58:54.398660+00:00 [queued]>
[2022-03-23 03:59:54,432] {taskinstance.py:851} INFO - Dependencies all met for <TaskInstance: boston_service_request_csv.csv_to_gcs_job 2022-03-23T03:58:54.398660+00:00 [queued]>
[2022-03-23 03:59:54,434] {taskinstance.py:1042} INFO - 
--------------------------------------------------------------------------------
[2022-03-23 03:59:54,435] {taskinstance.py:1043} INFO - Starting attempt 1 of 1
[2022-03-23 03:59:54,437] {taskinstance.py:1044} INFO - 
--------------------------------------------------------------------------------
[2022-03-23 03:59:54,461] {taskinstance.py:1063} INFO - Executing <Task(PythonOperator): csv_to_gcs_job> on 2022-03-23T03:58:54.398660+00:00
[2022-03-23 03:59:54,470] {standard_task_runner.py:52} INFO - Started process 1441 to run task
[2022-03-23 03:59:54,480] {standard_task_runner.py:76} INFO - Running: ['airflow', 'tasks', 'run', 'boston_service_request_csv', 'csv_to_gcs_job', '2022-03-23T03:58:54.398660+00:00', '--job-id', '166', '--pool', 'default_pool', '--raw', '--subdir', 'DAGS_FOLDER/boston_service_request.py', '--cfg-path', '/tmp/tmp3lsx5dqn', '--error-file', '/tmp/tmpiyqag5c0']
[2022-03-23 03:59:54,486] {standard_task_runner.py:77} INFO - Job 166: Subtask csv_to_gcs_job
[2022-03-23 03:59:54,570] {logging_mixin.py:104} INFO - Running <TaskInstance: boston_service_request_csv.csv_to_gcs_job 2022-03-23T03:58:54.398660+00:00 [running]> on host 294e23567a6c
[2022-03-23 03:59:54,664] {taskinstance.py:1257} INFO - Exporting the following env vars:
AIRFLOW_CTX_DAG_OWNER=airflow
AIRFLOW_CTX_DAG_ID=boston_service_request_csv
AIRFLOW_CTX_TASK_ID=csv_to_gcs_job
AIRFLOW_CTX_EXECUTION_DATE=2022-03-23T03:58:54.398660+00:00
AIRFLOW_CTX_DAG_RUN_ID=manual__2022-03-23T03:58:54.398660+00:00
[2022-03-23 04:00:20,707] {python.py:118} INFO - Done. Returned value was: None
[2022-03-23 04:00:20,737] {taskinstance.py:1166} INFO - Marking task as SUCCESS. dag_id=boston_service_request_csv, task_id=csv_to_gcs_job, execution_date=20220323T035854, start_date=20220323T035954, end_date=20220323T040020
[2022-03-23 04:00:20,808] {taskinstance.py:1220} INFO - 1 downstream tasks scheduled from follow-on schedule check
[2022-03-23 04:00:20,851] {local_task_job.py:146} INFO - Task exited with return code 0
