[2022-03-24 18:45:58,072] {taskinstance.py:851} INFO - Dependencies all met for <TaskInstance: boston_service_request_csv.csv_to_gcs_job 2022-02-01T00:00:00+00:00 [queued]>
[2022-03-24 18:45:58,110] {taskinstance.py:851} INFO - Dependencies all met for <TaskInstance: boston_service_request_csv.csv_to_gcs_job 2022-02-01T00:00:00+00:00 [queued]>
[2022-03-24 18:45:58,112] {taskinstance.py:1042} INFO - 
--------------------------------------------------------------------------------
[2022-03-24 18:45:58,113] {taskinstance.py:1043} INFO - Starting attempt 3 of 3
[2022-03-24 18:45:58,115] {taskinstance.py:1044} INFO - 
--------------------------------------------------------------------------------
[2022-03-24 18:45:58,137] {taskinstance.py:1063} INFO - Executing <Task(PythonOperator): csv_to_gcs_job> on 2022-02-01T00:00:00+00:00
[2022-03-24 18:45:58,146] {standard_task_runner.py:52} INFO - Started process 825 to run task
[2022-03-24 18:45:58,155] {standard_task_runner.py:76} INFO - Running: ['airflow', 'tasks', 'run', 'boston_service_request_csv', 'csv_to_gcs_job', '2022-02-01T00:00:00+00:00', '--job-id', '28', '--pool', 'default_pool', '--raw', '--subdir', 'DAGS_FOLDER/boston_service_request.py', '--cfg-path', '/tmp/tmptgtptg52', '--error-file', '/tmp/tmpxuwsx42m']
[2022-03-24 18:45:58,162] {standard_task_runner.py:77} INFO - Job 28: Subtask csv_to_gcs_job
[2022-03-24 18:45:58,261] {logging_mixin.py:104} INFO - Running <TaskInstance: boston_service_request_csv.csv_to_gcs_job 2022-02-01T00:00:00+00:00 [running]> on host 278b2df668d0
[2022-03-24 18:45:58,364] {taskinstance.py:1257} INFO - Exporting the following env vars:
AIRFLOW_CTX_DAG_OWNER=airflow
AIRFLOW_CTX_DAG_ID=boston_service_request_csv
AIRFLOW_CTX_TASK_ID=csv_to_gcs_job
AIRFLOW_CTX_EXECUTION_DATE=2022-02-01T00:00:00+00:00
AIRFLOW_CTX_DAG_RUN_ID=scheduled__2022-02-01T00:00:00+00:00
[2022-03-24 18:46:22,110] {python.py:118} INFO - Done. Returned value was: None
[2022-03-24 18:46:22,164] {taskinstance.py:1166} INFO - Marking task as SUCCESS. dag_id=boston_service_request_csv, task_id=csv_to_gcs_job, execution_date=20220201T000000, start_date=20220324T184558, end_date=20220324T184622
[2022-03-24 18:46:22,229] {taskinstance.py:1220} INFO - 1 downstream tasks scheduled from follow-on schedule check
[2022-03-24 18:46:22,292] {local_task_job.py:146} INFO - Task exited with return code 0
