[2022-03-23 03:49:48,894] {taskinstance.py:851} INFO - Dependencies all met for <TaskInstance: boston_service_request_csv.cleanup_csv 2019-03-02T06:00:00+00:00 [queued]>
[2022-03-23 03:49:48,939] {taskinstance.py:851} INFO - Dependencies all met for <TaskInstance: boston_service_request_csv.cleanup_csv 2019-03-02T06:00:00+00:00 [queued]>
[2022-03-23 03:49:48,941] {taskinstance.py:1042} INFO - 
--------------------------------------------------------------------------------
[2022-03-23 03:49:48,942] {taskinstance.py:1043} INFO - Starting attempt 1 of 1
[2022-03-23 03:49:48,944] {taskinstance.py:1044} INFO - 
--------------------------------------------------------------------------------
[2022-03-23 03:49:48,978] {taskinstance.py:1063} INFO - Executing <Task(BashOperator): cleanup_csv> on 2019-03-02T06:00:00+00:00
[2022-03-23 03:49:48,987] {standard_task_runner.py:52} INFO - Started process 554 to run task
[2022-03-23 03:49:48,998] {standard_task_runner.py:76} INFO - Running: ['airflow', 'tasks', 'run', 'boston_service_request_csv', 'cleanup_csv', '2019-03-02T06:00:00+00:00', '--job-id', '133', '--pool', 'default_pool', '--raw', '--subdir', 'DAGS_FOLDER/boston_service_request.py', '--cfg-path', '/tmp/tmpatbpm87e', '--error-file', '/tmp/tmp_hm1fngw']
[2022-03-23 03:49:49,005] {standard_task_runner.py:77} INFO - Job 133: Subtask cleanup_csv
[2022-03-23 03:49:49,115] {logging_mixin.py:104} INFO - Running <TaskInstance: boston_service_request_csv.cleanup_csv 2019-03-02T06:00:00+00:00 [running]> on host 294e23567a6c
[2022-03-23 03:49:49,245] {taskinstance.py:1257} INFO - Exporting the following env vars:
AIRFLOW_CTX_DAG_OWNER=airflow
AIRFLOW_CTX_DAG_ID=boston_service_request_csv
AIRFLOW_CTX_TASK_ID=cleanup_csv
AIRFLOW_CTX_EXECUTION_DATE=2019-03-02T06:00:00+00:00
AIRFLOW_CTX_DAG_RUN_ID=scheduled__2019-03-02T06:00:00+00:00
[2022-03-23 03:49:49,257] {bash.py:135} INFO - Tmp dir root location: 
 /tmp
[2022-03-23 03:49:49,263] {bash.py:158} INFO - Running command: rm /opt/airflow/output_*.csv
[2022-03-23 03:49:49,285] {bash.py:169} INFO - Output:
[2022-03-23 03:49:49,449] {bash.py:177} INFO - Command exited with return code 0
[2022-03-23 03:49:49,518] {taskinstance.py:1166} INFO - Marking task as SUCCESS. dag_id=boston_service_request_csv, task_id=cleanup_csv, execution_date=20190302T060000, start_date=20220323T034948, end_date=20220323T034949
[2022-03-23 03:49:49,660] {taskinstance.py:1220} INFO - 0 downstream tasks scheduled from follow-on schedule check
[2022-03-23 03:49:49,700] {local_task_job.py:146} INFO - Task exited with return code 0
