[2022-03-22 06:28:21,896] {taskinstance.py:851} INFO - Dependencies all met for <TaskInstance: fifa_player_dag.cleanup_zip 2022-03-22T06:28:01.571880+00:00 [queued]>
[2022-03-22 06:28:21,933] {taskinstance.py:851} INFO - Dependencies all met for <TaskInstance: fifa_player_dag.cleanup_zip 2022-03-22T06:28:01.571880+00:00 [queued]>
[2022-03-22 06:28:21,934] {taskinstance.py:1042} INFO - 
--------------------------------------------------------------------------------
[2022-03-22 06:28:21,936] {taskinstance.py:1043} INFO - Starting attempt 1 of 1
[2022-03-22 06:28:21,937] {taskinstance.py:1044} INFO - 
--------------------------------------------------------------------------------
[2022-03-22 06:28:21,960] {taskinstance.py:1063} INFO - Executing <Task(BashOperator): cleanup_zip> on 2022-03-22T06:28:01.571880+00:00
[2022-03-22 06:28:21,969] {standard_task_runner.py:52} INFO - Started process 3622 to run task
[2022-03-22 06:28:21,978] {standard_task_runner.py:76} INFO - Running: ['airflow', 'tasks', 'run', 'fifa_player_dag', 'cleanup_zip', '2022-03-22T06:28:01.571880+00:00', '--job-id', '104', '--pool', 'default_pool', '--raw', '--subdir', 'DAGS_FOLDER/311_download_ingest_gcs.py', '--cfg-path', '/tmp/tmp8o_ew8qp', '--error-file', '/tmp/tmpwmsfd2tt']
[2022-03-22 06:28:21,984] {standard_task_runner.py:77} INFO - Job 104: Subtask cleanup_zip
[2022-03-22 06:28:22,065] {logging_mixin.py:104} INFO - Running <TaskInstance: fifa_player_dag.cleanup_zip 2022-03-22T06:28:01.571880+00:00 [running]> on host a920a86f34d9
[2022-03-22 06:28:22,145] {taskinstance.py:1257} INFO - Exporting the following env vars:
AIRFLOW_CTX_DAG_OWNER=airflow
AIRFLOW_CTX_DAG_ID=fifa_player_dag
AIRFLOW_CTX_TASK_ID=cleanup_zip
AIRFLOW_CTX_EXECUTION_DATE=2022-03-22T06:28:01.571880+00:00
AIRFLOW_CTX_DAG_RUN_ID=manual__2022-03-22T06:28:01.571880+00:00
[2022-03-22 06:28:22,152] {bash.py:135} INFO - Tmp dir root location: 
 /tmp
[2022-03-22 06:28:22,155] {bash.py:158} INFO - Running command: rm /opt/airflow/*.zip
[2022-03-22 06:28:22,170] {bash.py:169} INFO - Output:
[2022-03-22 06:28:22,251] {bash.py:177} INFO - Command exited with return code 0
[2022-03-22 06:28:22,304] {taskinstance.py:1166} INFO - Marking task as SUCCESS. dag_id=fifa_player_dag, task_id=cleanup_zip, execution_date=20220322T062801, start_date=20220322T062821, end_date=20220322T062822
[2022-03-22 06:28:22,360] {taskinstance.py:1220} INFO - 0 downstream tasks scheduled from follow-on schedule check
[2022-03-22 06:28:22,396] {local_task_job.py:146} INFO - Task exited with return code 0
