[2022-03-17 13:29:58,272] {taskinstance.py:851} INFO - Dependencies all met for <TaskInstance: 311_service_request_dag.format_csv_2_parquet_task 2022-03-17T13:29:34.380568+00:00 [queued]>
[2022-03-17 13:29:58,318] {taskinstance.py:851} INFO - Dependencies all met for <TaskInstance: 311_service_request_dag.format_csv_2_parquet_task 2022-03-17T13:29:34.380568+00:00 [queued]>
[2022-03-17 13:29:58,320] {taskinstance.py:1042} INFO - 
--------------------------------------------------------------------------------
[2022-03-17 13:29:58,321] {taskinstance.py:1043} INFO - Starting attempt 1 of 1
[2022-03-17 13:29:58,323] {taskinstance.py:1044} INFO - 
--------------------------------------------------------------------------------
[2022-03-17 13:29:58,352] {taskinstance.py:1063} INFO - Executing <Task(PythonOperator): format_csv_2_parquet_task> on 2022-03-17T13:29:34.380568+00:00
[2022-03-17 13:29:58,376] {standard_task_runner.py:52} INFO - Started process 2060 to run task
[2022-03-17 13:29:58,406] {standard_task_runner.py:76} INFO - Running: ['airflow', 'tasks', 'run', '311_service_request_dag', 'format_csv_2_parquet_task', '2022-03-17T13:29:34.380568+00:00', '--job-id', '56', '--pool', 'default_pool', '--raw', '--subdir', 'DAGS_FOLDER/311_download_ingest_gcs.py', '--cfg-path', '/tmp/tmpkc_tcsow', '--error-file', '/tmp/tmpjkbepvb1']
[2022-03-17 13:29:58,425] {standard_task_runner.py:77} INFO - Job 56: Subtask format_csv_2_parquet_task
[2022-03-17 13:29:58,653] {logging_mixin.py:104} INFO - Running <TaskInstance: 311_service_request_dag.format_csv_2_parquet_task 2022-03-17T13:29:34.380568+00:00 [running]> on host 1a3852343f5d
[2022-03-17 13:29:58,757] {taskinstance.py:1257} INFO - Exporting the following env vars:
AIRFLOW_CTX_DAG_OWNER=airflow
AIRFLOW_CTX_DAG_ID=311_service_request_dag
AIRFLOW_CTX_TASK_ID=format_csv_2_parquet_task
AIRFLOW_CTX_EXECUTION_DATE=2022-03-17T13:29:34.380568+00:00
AIRFLOW_CTX_DAG_RUN_ID=manual__2022-03-17T13:29:34.380568+00:00
[2022-03-17 13:29:58,942] {python.py:118} INFO - Done. Returned value was: None
[2022-03-17 13:29:58,974] {taskinstance.py:1166} INFO - Marking task as SUCCESS. dag_id=311_service_request_dag, task_id=format_csv_2_parquet_task, execution_date=20220317T132934, start_date=20220317T132958, end_date=20220317T132958
[2022-03-17 13:29:59,049] {taskinstance.py:1220} INFO - 1 downstream tasks scheduled from follow-on schedule check
[2022-03-17 13:29:59,084] {local_task_job.py:146} INFO - Task exited with return code 0
