[2022-03-23 03:52:32,352] {taskinstance.py:851} INFO - Dependencies all met for <TaskInstance: boston_service_request_csv.csv_to_gcs_job 2019-10-02T06:00:00+00:00 [queued]>
[2022-03-23 03:52:32,391] {taskinstance.py:851} INFO - Dependencies all met for <TaskInstance: boston_service_request_csv.csv_to_gcs_job 2019-10-02T06:00:00+00:00 [queued]>
[2022-03-23 03:52:32,394] {taskinstance.py:1042} INFO - 
--------------------------------------------------------------------------------
[2022-03-23 03:52:32,395] {taskinstance.py:1043} INFO - Starting attempt 1 of 1
[2022-03-23 03:52:32,396] {taskinstance.py:1044} INFO - 
--------------------------------------------------------------------------------
[2022-03-23 03:52:32,422] {taskinstance.py:1063} INFO - Executing <Task(PythonOperator): csv_to_gcs_job> on 2019-10-02T06:00:00+00:00
[2022-03-23 03:52:32,430] {standard_task_runner.py:52} INFO - Started process 884 to run task
[2022-03-23 03:52:32,442] {standard_task_runner.py:76} INFO - Running: ['airflow', 'tasks', 'run', 'boston_service_request_csv', 'csv_to_gcs_job', '2019-10-02T06:00:00+00:00', '--job-id', '152', '--pool', 'default_pool', '--raw', '--subdir', 'DAGS_FOLDER/boston_service_request.py', '--cfg-path', '/tmp/tmprlcjgu4m', '--error-file', '/tmp/tmp171hrfdd']
[2022-03-23 03:52:32,449] {standard_task_runner.py:77} INFO - Job 152: Subtask csv_to_gcs_job
[2022-03-23 03:52:32,554] {logging_mixin.py:104} INFO - Running <TaskInstance: boston_service_request_csv.csv_to_gcs_job 2019-10-02T06:00:00+00:00 [running]> on host 294e23567a6c
[2022-03-23 03:52:32,672] {taskinstance.py:1257} INFO - Exporting the following env vars:
AIRFLOW_CTX_DAG_OWNER=airflow
AIRFLOW_CTX_DAG_ID=boston_service_request_csv
AIRFLOW_CTX_TASK_ID=csv_to_gcs_job
AIRFLOW_CTX_EXECUTION_DATE=2019-10-02T06:00:00+00:00
AIRFLOW_CTX_DAG_RUN_ID=scheduled__2019-10-02T06:00:00+00:00
[2022-03-23 03:53:04,083] {python.py:118} INFO - Done. Returned value was: None
[2022-03-23 03:53:04,112] {taskinstance.py:1166} INFO - Marking task as SUCCESS. dag_id=boston_service_request_csv, task_id=csv_to_gcs_job, execution_date=20191002T060000, start_date=20220323T035232, end_date=20220323T035304
[2022-03-23 03:53:04,260] {taskinstance.py:1220} INFO - 0 downstream tasks scheduled from follow-on schedule check
[2022-03-23 03:53:04,291] {local_task_job.py:146} INFO - Task exited with return code 0
