[2022-03-23 03:58:52,839] {taskinstance.py:851} INFO - Dependencies all met for <TaskInstance: boston_service_request_csv.download_csv_file_url 2022-02-01T00:00:00+00:00 [queued]>
[2022-03-23 03:58:52,874] {taskinstance.py:851} INFO - Dependencies all met for <TaskInstance: boston_service_request_csv.download_csv_file_url 2022-02-01T00:00:00+00:00 [queued]>
[2022-03-23 03:58:52,876] {taskinstance.py:1042} INFO - 
--------------------------------------------------------------------------------
[2022-03-23 03:58:52,878] {taskinstance.py:1043} INFO - Starting attempt 1 of 1
[2022-03-23 03:58:52,879] {taskinstance.py:1044} INFO - 
--------------------------------------------------------------------------------
[2022-03-23 03:58:52,903] {taskinstance.py:1063} INFO - Executing <Task(BashOperator): download_csv_file_url> on 2022-02-01T00:00:00+00:00
[2022-03-23 03:58:52,912] {standard_task_runner.py:52} INFO - Started process 1337 to run task
[2022-03-23 03:58:52,923] {standard_task_runner.py:76} INFO - Running: ['airflow', 'tasks', 'run', 'boston_service_request_csv', 'download_csv_file_url', '2022-02-01T00:00:00+00:00', '--job-id', '162', '--pool', 'default_pool', '--raw', '--subdir', 'DAGS_FOLDER/boston_service_request.py', '--cfg-path', '/tmp/tmp2wcdtwel', '--error-file', '/tmp/tmpr4r3u0_o']
[2022-03-23 03:58:52,930] {standard_task_runner.py:77} INFO - Job 162: Subtask download_csv_file_url
[2022-03-23 03:58:53,028] {logging_mixin.py:104} INFO - Running <TaskInstance: boston_service_request_csv.download_csv_file_url 2022-02-01T00:00:00+00:00 [running]> on host 294e23567a6c
[2022-03-23 03:58:53,146] {taskinstance.py:1257} INFO - Exporting the following env vars:
AIRFLOW_CTX_DAG_OWNER=airflow
AIRFLOW_CTX_DAG_ID=boston_service_request_csv
AIRFLOW_CTX_TASK_ID=download_csv_file_url
AIRFLOW_CTX_EXECUTION_DATE=2022-02-01T00:00:00+00:00
AIRFLOW_CTX_DAG_RUN_ID=scheduled__2022-02-01T00:00:00+00:00
[2022-03-23 03:58:53,153] {bash.py:135} INFO - Tmp dir root location: 
 /tmp
[2022-03-23 03:58:53,157] {bash.py:158} INFO - Running command: curl -sSL https://data.boston.gov/dataset/8048697b-ad64-4bfc-b090-ee00169f2323/resource/f53ebccd-bc61-49f9-83db-625f209c95f5/download/{filename} > /opt/airflow/boston_2022.csv
[2022-03-23 03:58:53,175] {bash.py:169} INFO - Output:
[2022-03-23 03:58:59,906] {bash.py:177} INFO - Command exited with return code 0
[2022-03-23 03:58:59,963] {taskinstance.py:1166} INFO - Marking task as SUCCESS. dag_id=boston_service_request_csv, task_id=download_csv_file_url, execution_date=20220201T000000, start_date=20220323T035852, end_date=20220323T035859
[2022-03-23 03:59:00,035] {taskinstance.py:1220} INFO - 1 downstream tasks scheduled from follow-on schedule check
[2022-03-23 03:59:00,086] {local_task_job.py:146} INFO - Task exited with return code 0
[2022-03-23 21:49:53,653] {taskinstance.py:851} INFO - Dependencies all met for <TaskInstance: boston_service_request_csv.download_csv_file_url 2022-02-01T00:00:00+00:00 [queued]>
[2022-03-23 21:49:53,686] {taskinstance.py:851} INFO - Dependencies all met for <TaskInstance: boston_service_request_csv.download_csv_file_url 2022-02-01T00:00:00+00:00 [queued]>
[2022-03-23 21:49:53,688] {taskinstance.py:1042} INFO - 
--------------------------------------------------------------------------------
[2022-03-23 21:49:53,689] {taskinstance.py:1043} INFO - Starting attempt 1 of 1
[2022-03-23 21:49:53,690] {taskinstance.py:1044} INFO - 
--------------------------------------------------------------------------------
[2022-03-23 21:49:53,721] {taskinstance.py:1063} INFO - Executing <Task(BashOperator): download_csv_file_url> on 2022-02-01T00:00:00+00:00
[2022-03-23 21:49:53,730] {standard_task_runner.py:52} INFO - Started process 836 to run task
[2022-03-23 21:49:53,741] {standard_task_runner.py:76} INFO - Running: ['airflow', 'tasks', 'run', 'boston_service_request_csv', 'download_csv_file_url', '2022-02-01T00:00:00+00:00', '--job-id', '4', '--pool', 'default_pool', '--raw', '--subdir', 'DAGS_FOLDER/boston_service_request.py', '--cfg-path', '/tmp/tmpjgu0wuce', '--error-file', '/tmp/tmphbfysabp']
[2022-03-23 21:49:53,749] {standard_task_runner.py:77} INFO - Job 4: Subtask download_csv_file_url
[2022-03-23 21:49:53,852] {logging_mixin.py:104} INFO - Running <TaskInstance: boston_service_request_csv.download_csv_file_url 2022-02-01T00:00:00+00:00 [running]> on host 0e40074d7d81
[2022-03-23 21:49:53,969] {taskinstance.py:1257} INFO - Exporting the following env vars:
AIRFLOW_CTX_DAG_OWNER=airflow
AIRFLOW_CTX_DAG_ID=boston_service_request_csv
AIRFLOW_CTX_TASK_ID=download_csv_file_url
AIRFLOW_CTX_EXECUTION_DATE=2022-02-01T00:00:00+00:00
AIRFLOW_CTX_DAG_RUN_ID=scheduled__2022-02-01T00:00:00+00:00
[2022-03-23 21:49:53,976] {bash.py:135} INFO - Tmp dir root location: 
 /tmp
[2022-03-23 21:49:53,980] {bash.py:158} INFO - Running command: curl -sSL https://data.boston.gov/dataset/8048697b-ad64-4bfc-b090-ee00169f2323/resource/f53ebccd-bc61-49f9-83db-625f209c95f5/download/{filename} > /opt/airflow/boston_2022.csv
[2022-03-23 21:49:53,994] {bash.py:169} INFO - Output:
[2022-03-23 21:50:01,580] {bash.py:177} INFO - Command exited with return code 0
[2022-03-23 21:50:01,637] {taskinstance.py:1166} INFO - Marking task as SUCCESS. dag_id=boston_service_request_csv, task_id=download_csv_file_url, execution_date=20220201T000000, start_date=20220323T214953, end_date=20220323T215001
[2022-03-23 21:50:01,705] {taskinstance.py:1220} INFO - 1 downstream tasks scheduled from follow-on schedule check
[2022-03-23 21:50:01,730] {local_task_job.py:146} INFO - Task exited with return code 0
[2022-03-24 18:10:47,313] {taskinstance.py:851} INFO - Dependencies all met for <TaskInstance: boston_service_request_csv.download_csv_file_url 2022-02-01T00:00:00+00:00 [queued]>
[2022-03-24 18:10:47,347] {taskinstance.py:851} INFO - Dependencies all met for <TaskInstance: boston_service_request_csv.download_csv_file_url 2022-02-01T00:00:00+00:00 [queued]>
[2022-03-24 18:10:47,348] {taskinstance.py:1042} INFO - 
--------------------------------------------------------------------------------
[2022-03-24 18:10:47,350] {taskinstance.py:1043} INFO - Starting attempt 1 of 1
[2022-03-24 18:10:47,351] {taskinstance.py:1044} INFO - 
--------------------------------------------------------------------------------
[2022-03-24 18:10:47,382] {taskinstance.py:1063} INFO - Executing <Task(BashOperator): download_csv_file_url> on 2022-02-01T00:00:00+00:00
[2022-03-24 18:10:47,390] {standard_task_runner.py:52} INFO - Started process 3570 to run task
[2022-03-24 18:10:47,401] {standard_task_runner.py:76} INFO - Running: ['airflow', 'tasks', 'run', 'boston_service_request_csv', 'download_csv_file_url', '2022-02-01T00:00:00+00:00', '--job-id', '17', '--pool', 'default_pool', '--raw', '--subdir', 'DAGS_FOLDER/boston_service_request.py', '--cfg-path', '/tmp/tmp4b8o19b3', '--error-file', '/tmp/tmp8moursf4']
[2022-03-24 18:10:47,408] {standard_task_runner.py:77} INFO - Job 17: Subtask download_csv_file_url
[2022-03-24 18:10:47,509] {logging_mixin.py:104} INFO - Running <TaskInstance: boston_service_request_csv.download_csv_file_url 2022-02-01T00:00:00+00:00 [running]> on host 581d1616f220
[2022-03-24 18:10:47,618] {taskinstance.py:1257} INFO - Exporting the following env vars:
AIRFLOW_CTX_DAG_OWNER=airflow
AIRFLOW_CTX_DAG_ID=boston_service_request_csv
AIRFLOW_CTX_TASK_ID=download_csv_file_url
AIRFLOW_CTX_EXECUTION_DATE=2022-02-01T00:00:00+00:00
AIRFLOW_CTX_DAG_RUN_ID=scheduled__2022-02-01T00:00:00+00:00
[2022-03-24 18:10:47,625] {bash.py:135} INFO - Tmp dir root location: 
 /tmp
[2022-03-24 18:10:47,629] {bash.py:158} INFO - Running command: curl -sSL https://data.boston.gov/dataset/8048697b-ad64-4bfc-b090-ee00169f2323/resource/f53ebccd-bc61-49f9-83db-625f209c95f5/download/{filename} > /opt/airflow/boston_2022.csv
[2022-03-24 18:10:47,645] {bash.py:169} INFO - Output:
[2022-03-24 18:11:52,425] {bash.py:177} INFO - Command exited with return code 0
[2022-03-24 18:11:52,495] {taskinstance.py:1166} INFO - Marking task as SUCCESS. dag_id=boston_service_request_csv, task_id=download_csv_file_url, execution_date=20220201T000000, start_date=20220324T181047, end_date=20220324T181152
[2022-03-24 18:11:52,567] {taskinstance.py:1220} INFO - 1 downstream tasks scheduled from follow-on schedule check
[2022-03-24 18:11:52,622] {local_task_job.py:146} INFO - Task exited with return code 0
[2022-03-24 22:44:25,601] {taskinstance.py:851} INFO - Dependencies all met for <TaskInstance: boston_service_request_csv.download_csv_file_url 2022-02-01T00:00:00+00:00 [queued]>
[2022-03-24 22:44:25,640] {taskinstance.py:851} INFO - Dependencies all met for <TaskInstance: boston_service_request_csv.download_csv_file_url 2022-02-01T00:00:00+00:00 [queued]>
[2022-03-24 22:44:25,642] {taskinstance.py:1042} INFO - 
--------------------------------------------------------------------------------
[2022-03-24 22:44:25,643] {taskinstance.py:1043} INFO - Starting attempt 1 of 1
[2022-03-24 22:44:25,644] {taskinstance.py:1044} INFO - 
--------------------------------------------------------------------------------
[2022-03-24 22:44:25,671] {taskinstance.py:1063} INFO - Executing <Task(BashOperator): download_csv_file_url> on 2022-02-01T00:00:00+00:00
[2022-03-24 22:44:25,679] {standard_task_runner.py:52} INFO - Started process 2394 to run task
[2022-03-24 22:44:25,689] {standard_task_runner.py:76} INFO - Running: ['airflow', 'tasks', 'run', 'boston_service_request_csv', 'download_csv_file_url', '2022-02-01T00:00:00+00:00', '--job-id', '37', '--pool', 'default_pool', '--raw', '--subdir', 'DAGS_FOLDER/boston_service_request.py', '--cfg-path', '/tmp/tmp3pvlqxkm', '--error-file', '/tmp/tmprwhi_lk2']
[2022-03-24 22:44:25,696] {standard_task_runner.py:77} INFO - Job 37: Subtask download_csv_file_url
[2022-03-24 22:44:25,803] {logging_mixin.py:104} INFO - Running <TaskInstance: boston_service_request_csv.download_csv_file_url 2022-02-01T00:00:00+00:00 [running]> on host 8b234c07401a
[2022-03-24 22:44:25,910] {taskinstance.py:1257} INFO - Exporting the following env vars:
AIRFLOW_CTX_DAG_OWNER=airflow
AIRFLOW_CTX_DAG_ID=boston_service_request_csv
AIRFLOW_CTX_TASK_ID=download_csv_file_url
AIRFLOW_CTX_EXECUTION_DATE=2022-02-01T00:00:00+00:00
AIRFLOW_CTX_DAG_RUN_ID=scheduled__2022-02-01T00:00:00+00:00
[2022-03-24 22:44:25,917] {bash.py:135} INFO - Tmp dir root location: 
 /tmp
[2022-03-24 22:44:25,921] {bash.py:158} INFO - Running command: curl -sSL https://data.boston.gov/dataset/8048697b-ad64-4bfc-b090-ee00169f2323/resource/f53ebccd-bc61-49f9-83db-625f209c95f5/download/{filename} > /opt/airflow/boston_2022.csv
[2022-03-24 22:44:25,940] {bash.py:169} INFO - Output:
[2022-03-24 22:44:32,011] {bash.py:177} INFO - Command exited with return code 0
[2022-03-24 22:44:32,093] {taskinstance.py:1166} INFO - Marking task as SUCCESS. dag_id=boston_service_request_csv, task_id=download_csv_file_url, execution_date=20220201T000000, start_date=20220324T224425, end_date=20220324T224432
[2022-03-24 22:44:32,160] {taskinstance.py:1220} INFO - 1 downstream tasks scheduled from follow-on schedule check
[2022-03-24 22:44:32,195] {local_task_job.py:146} INFO - Task exited with return code 0
[2022-03-25 04:00:46,039] {taskinstance.py:851} INFO - Dependencies all met for <TaskInstance: boston_service_request_csv.download_csv_file_url 2022-02-01T00:00:00+00:00 [queued]>
[2022-03-25 04:00:46,080] {taskinstance.py:851} INFO - Dependencies all met for <TaskInstance: boston_service_request_csv.download_csv_file_url 2022-02-01T00:00:00+00:00 [queued]>
[2022-03-25 04:00:46,081] {taskinstance.py:1042} INFO - 
--------------------------------------------------------------------------------
[2022-03-25 04:00:46,083] {taskinstance.py:1043} INFO - Starting attempt 1 of 1
[2022-03-25 04:00:46,084] {taskinstance.py:1044} INFO - 
--------------------------------------------------------------------------------
[2022-03-25 04:00:46,107] {taskinstance.py:1063} INFO - Executing <Task(BashOperator): download_csv_file_url> on 2022-02-01T00:00:00+00:00
[2022-03-25 04:00:46,115] {standard_task_runner.py:52} INFO - Started process 390 to run task
[2022-03-25 04:00:46,123] {standard_task_runner.py:76} INFO - Running: ['airflow', 'tasks', 'run', 'boston_service_request_csv', 'download_csv_file_url', '2022-02-01T00:00:00+00:00', '--job-id', '47', '--pool', 'default_pool', '--raw', '--subdir', 'DAGS_FOLDER/boston_service_request.py', '--cfg-path', '/tmp/tmpho4a2_5n', '--error-file', '/tmp/tmpa8o60z82']
[2022-03-25 04:00:46,131] {standard_task_runner.py:77} INFO - Job 47: Subtask download_csv_file_url
[2022-03-25 04:00:46,225] {logging_mixin.py:104} INFO - Running <TaskInstance: boston_service_request_csv.download_csv_file_url 2022-02-01T00:00:00+00:00 [running]> on host 8f00cae6f9bc
[2022-03-25 04:00:46,345] {taskinstance.py:1257} INFO - Exporting the following env vars:
AIRFLOW_CTX_DAG_OWNER=airflow
AIRFLOW_CTX_DAG_ID=boston_service_request_csv
AIRFLOW_CTX_TASK_ID=download_csv_file_url
AIRFLOW_CTX_EXECUTION_DATE=2022-02-01T00:00:00+00:00
AIRFLOW_CTX_DAG_RUN_ID=scheduled__2022-02-01T00:00:00+00:00
[2022-03-25 04:00:46,352] {bash.py:135} INFO - Tmp dir root location: 
 /tmp
[2022-03-25 04:00:46,356] {bash.py:158} INFO - Running command: curl -sSL https://data.boston.gov/dataset/8048697b-ad64-4bfc-b090-ee00169f2323/resource/f53ebccd-bc61-49f9-83db-625f209c95f5/download/{filename} > /opt/airflow/boston_2022.csv
[2022-03-25 04:00:46,372] {bash.py:169} INFO - Output:
[2022-03-25 04:01:01,123] {bash.py:177} INFO - Command exited with return code 0
[2022-03-25 04:01:01,179] {taskinstance.py:1166} INFO - Marking task as SUCCESS. dag_id=boston_service_request_csv, task_id=download_csv_file_url, execution_date=20220201T000000, start_date=20220325T040046, end_date=20220325T040101
[2022-03-25 04:01:01,249] {taskinstance.py:1220} INFO - 1 downstream tasks scheduled from follow-on schedule check
[2022-03-25 04:01:01,266] {local_task_job.py:146} INFO - Task exited with return code 0
[2022-03-26 21:28:25,736] {taskinstance.py:851} INFO - Dependencies all met for <TaskInstance: boston_service_request_csv.download_csv_file_url 2022-02-01T00:00:00+00:00 [queued]>
[2022-03-26 21:28:25,776] {taskinstance.py:851} INFO - Dependencies all met for <TaskInstance: boston_service_request_csv.download_csv_file_url 2022-02-01T00:00:00+00:00 [queued]>
[2022-03-26 21:28:25,778] {taskinstance.py:1042} INFO - 
--------------------------------------------------------------------------------
[2022-03-26 21:28:25,779] {taskinstance.py:1043} INFO - Starting attempt 1 of 1
[2022-03-26 21:28:25,780] {taskinstance.py:1044} INFO - 
--------------------------------------------------------------------------------
[2022-03-26 21:28:25,804] {taskinstance.py:1063} INFO - Executing <Task(BashOperator): download_csv_file_url> on 2022-02-01T00:00:00+00:00
[2022-03-26 21:28:25,812] {standard_task_runner.py:52} INFO - Started process 335 to run task
[2022-03-26 21:28:25,822] {standard_task_runner.py:76} INFO - Running: ['airflow', 'tasks', 'run', 'boston_service_request_csv', 'download_csv_file_url', '2022-02-01T00:00:00+00:00', '--job-id', '64', '--pool', 'default_pool', '--raw', '--subdir', 'DAGS_FOLDER/boston_service_request.py', '--cfg-path', '/tmp/tmpy_b7j0k5', '--error-file', '/tmp/tmpowi3p_qv']
[2022-03-26 21:28:25,829] {standard_task_runner.py:77} INFO - Job 64: Subtask download_csv_file_url
[2022-03-26 21:28:25,952] {logging_mixin.py:104} INFO - Running <TaskInstance: boston_service_request_csv.download_csv_file_url 2022-02-01T00:00:00+00:00 [running]> on host f7c4841fe3ac
[2022-03-26 21:28:26,082] {taskinstance.py:1257} INFO - Exporting the following env vars:
AIRFLOW_CTX_DAG_OWNER=airflow
AIRFLOW_CTX_DAG_ID=boston_service_request_csv
AIRFLOW_CTX_TASK_ID=download_csv_file_url
AIRFLOW_CTX_EXECUTION_DATE=2022-02-01T00:00:00+00:00
AIRFLOW_CTX_DAG_RUN_ID=scheduled__2022-02-01T00:00:00+00:00
[2022-03-26 21:28:26,090] {bash.py:135} INFO - Tmp dir root location: 
 /tmp
[2022-03-26 21:28:26,094] {bash.py:158} INFO - Running command: curl -sSL https://data.boston.gov/dataset/8048697b-ad64-4bfc-b090-ee00169f2323/resource/f53ebccd-bc61-49f9-83db-625f209c95f5/download/{filename} > /opt/airflow/boston_2022.csv
[2022-03-26 21:28:26,109] {bash.py:169} INFO - Output:
[2022-03-26 21:28:31,663] {bash.py:177} INFO - Command exited with return code 0
[2022-03-26 21:28:31,741] {taskinstance.py:1166} INFO - Marking task as SUCCESS. dag_id=boston_service_request_csv, task_id=download_csv_file_url, execution_date=20220201T000000, start_date=20220326T212825, end_date=20220326T212831
[2022-03-26 21:28:31,812] {taskinstance.py:1220} INFO - 1 downstream tasks scheduled from follow-on schedule check
[2022-03-26 21:28:31,852] {local_task_job.py:146} INFO - Task exited with return code 0
