[2022-03-21 03:46:01,013] {taskinstance.py:851} INFO - Dependencies all met for <TaskInstance: 311_service_request_dag.upload_to_gcs_job 2022-03-21T03:42:29.292959+00:00 [queued]>
[2022-03-21 03:46:01,049] {taskinstance.py:851} INFO - Dependencies all met for <TaskInstance: 311_service_request_dag.upload_to_gcs_job 2022-03-21T03:42:29.292959+00:00 [queued]>
[2022-03-21 03:46:01,050] {taskinstance.py:1042} INFO - 
--------------------------------------------------------------------------------
[2022-03-21 03:46:01,052] {taskinstance.py:1043} INFO - Starting attempt 2 of 2
[2022-03-21 03:46:01,053] {taskinstance.py:1044} INFO - 
--------------------------------------------------------------------------------
[2022-03-21 03:46:01,075] {taskinstance.py:1063} INFO - Executing <Task(PythonOperator): upload_to_gcs_job> on 2022-03-21T03:42:29.292959+00:00
[2022-03-21 03:46:01,084] {standard_task_runner.py:52} INFO - Started process 27524 to run task
[2022-03-21 03:46:01,094] {standard_task_runner.py:76} INFO - Running: ['airflow', 'tasks', 'run', '311_service_request_dag', 'upload_to_gcs_job', '2022-03-21T03:42:29.292959+00:00', '--job-id', '91', '--pool', 'default_pool', '--raw', '--subdir', 'DAGS_FOLDER/311_download_ingest_gcs.py', '--cfg-path', '/tmp/tmplg6gxm8t', '--error-file', '/tmp/tmp_5os1qc_']
[2022-03-21 03:46:01,101] {standard_task_runner.py:77} INFO - Job 91: Subtask upload_to_gcs_job
[2022-03-21 03:46:01,184] {logging_mixin.py:104} INFO - Running <TaskInstance: 311_service_request_dag.upload_to_gcs_job 2022-03-21T03:42:29.292959+00:00 [running]> on host 0e06240adef1
[2022-03-21 03:46:01,278] {taskinstance.py:1257} INFO - Exporting the following env vars:
AIRFLOW_CTX_DAG_OWNER=airflow
AIRFLOW_CTX_DAG_ID=311_service_request_dag
AIRFLOW_CTX_TASK_ID=upload_to_gcs_job
AIRFLOW_CTX_EXECUTION_DATE=2022-03-21T03:42:29.292959+00:00
AIRFLOW_CTX_DAG_RUN_ID=manual__2022-03-21T03:42:29.292959+00:00
[2022-03-21 03:46:02,300] {logging_mixin.py:104} INFO - <Bucket: datalake-311-bronze> with object_name 311request_2022_03_21-03_42_29_AM.csv uploaded to /opt/airflow/311request_2022_03_21-03_42_29_AM.csv.
[2022-03-21 03:46:02,305] {python.py:118} INFO - Done. Returned value was: None
[2022-03-21 03:46:02,344] {taskinstance.py:1166} INFO - Marking task as SUCCESS. dag_id=311_service_request_dag, task_id=upload_to_gcs_job, execution_date=20220321T034229, start_date=20220321T034601, end_date=20220321T034602
[2022-03-21 03:46:02,398] {taskinstance.py:1220} INFO - 0 downstream tasks scheduled from follow-on schedule check
[2022-03-21 03:46:02,419] {local_task_job.py:146} INFO - Task exited with return code 0
