[2022-03-23 03:52:33,603] {taskinstance.py:851} INFO - Dependencies all met for <TaskInstance: boston_service_request_csv.cleanup_csv 2019-08-02T06:00:00+00:00 [queued]>
[2022-03-23 03:52:33,640] {taskinstance.py:851} INFO - Dependencies all met for <TaskInstance: boston_service_request_csv.cleanup_csv 2019-08-02T06:00:00+00:00 [queued]>
[2022-03-23 03:52:33,642] {taskinstance.py:1042} INFO - 
--------------------------------------------------------------------------------
[2022-03-23 03:52:33,644] {taskinstance.py:1043} INFO - Starting attempt 1 of 1
[2022-03-23 03:52:33,646] {taskinstance.py:1044} INFO - 
--------------------------------------------------------------------------------
[2022-03-23 03:52:33,674] {taskinstance.py:1063} INFO - Executing <Task(BashOperator): cleanup_csv> on 2019-08-02T06:00:00+00:00
[2022-03-23 03:52:33,683] {standard_task_runner.py:52} INFO - Started process 886 to run task
[2022-03-23 03:52:33,692] {standard_task_runner.py:76} INFO - Running: ['airflow', 'tasks', 'run', 'boston_service_request_csv', 'cleanup_csv', '2019-08-02T06:00:00+00:00', '--job-id', '153', '--pool', 'default_pool', '--raw', '--subdir', 'DAGS_FOLDER/boston_service_request.py', '--cfg-path', '/tmp/tmpau166pko', '--error-file', '/tmp/tmp0w6jwr6i']
[2022-03-23 03:52:33,699] {standard_task_runner.py:77} INFO - Job 153: Subtask cleanup_csv
[2022-03-23 03:52:33,800] {logging_mixin.py:104} INFO - Running <TaskInstance: boston_service_request_csv.cleanup_csv 2019-08-02T06:00:00+00:00 [running]> on host 294e23567a6c
[2022-03-23 03:52:33,907] {taskinstance.py:1257} INFO - Exporting the following env vars:
AIRFLOW_CTX_DAG_OWNER=airflow
AIRFLOW_CTX_DAG_ID=boston_service_request_csv
AIRFLOW_CTX_TASK_ID=cleanup_csv
AIRFLOW_CTX_EXECUTION_DATE=2019-08-02T06:00:00+00:00
AIRFLOW_CTX_DAG_RUN_ID=scheduled__2019-08-02T06:00:00+00:00
[2022-03-23 03:52:33,915] {bash.py:135} INFO - Tmp dir root location: 
 /tmp
[2022-03-23 03:52:33,920] {bash.py:158} INFO - Running command: rm /opt/airflow/output_*.csv
[2022-03-23 03:52:33,938] {bash.py:169} INFO - Output:
[2022-03-23 03:52:34,003] {bash.py:177} INFO - Command exited with return code 0
[2022-03-23 03:52:34,064] {taskinstance.py:1166} INFO - Marking task as SUCCESS. dag_id=boston_service_request_csv, task_id=cleanup_csv, execution_date=20190802T060000, start_date=20220323T035233, end_date=20220323T035234
[2022-03-23 03:52:34,123] {taskinstance.py:1220} INFO - 0 downstream tasks scheduled from follow-on schedule check
[2022-03-23 03:52:34,151] {local_task_job.py:146} INFO - Task exited with return code 0
