[2022-03-23 21:51:00,701] {taskinstance.py:851} INFO - Dependencies all met for <TaskInstance: boston_service_request_csv.csv_to_gcs_job 2022-03-23T21:50:06.462499+00:00 [queued]>
[2022-03-23 21:51:00,731] {taskinstance.py:851} INFO - Dependencies all met for <TaskInstance: boston_service_request_csv.csv_to_gcs_job 2022-03-23T21:50:06.462499+00:00 [queued]>
[2022-03-23 21:51:00,733] {taskinstance.py:1042} INFO - 
--------------------------------------------------------------------------------
[2022-03-23 21:51:00,734] {taskinstance.py:1043} INFO - Starting attempt 1 of 1
[2022-03-23 21:51:00,737] {taskinstance.py:1044} INFO - 
--------------------------------------------------------------------------------
[2022-03-23 21:51:00,766] {taskinstance.py:1063} INFO - Executing <Task(PythonOperator): csv_to_gcs_job> on 2022-03-23T21:50:06.462499+00:00
[2022-03-23 21:51:00,774] {standard_task_runner.py:52} INFO - Started process 940 to run task
[2022-03-23 21:51:00,783] {standard_task_runner.py:76} INFO - Running: ['airflow', 'tasks', 'run', 'boston_service_request_csv', 'csv_to_gcs_job', '2022-03-23T21:50:06.462499+00:00', '--job-id', '8', '--pool', 'default_pool', '--raw', '--subdir', 'DAGS_FOLDER/boston_service_request.py', '--cfg-path', '/tmp/tmpf6hpm4oo', '--error-file', '/tmp/tmpxv9tlb6s']
[2022-03-23 21:51:00,789] {standard_task_runner.py:77} INFO - Job 8: Subtask csv_to_gcs_job
[2022-03-23 21:51:00,867] {logging_mixin.py:104} INFO - Running <TaskInstance: boston_service_request_csv.csv_to_gcs_job 2022-03-23T21:50:06.462499+00:00 [running]> on host 0e40074d7d81
[2022-03-23 21:51:00,962] {taskinstance.py:1257} INFO - Exporting the following env vars:
AIRFLOW_CTX_DAG_OWNER=airflow
AIRFLOW_CTX_DAG_ID=boston_service_request_csv
AIRFLOW_CTX_TASK_ID=csv_to_gcs_job
AIRFLOW_CTX_EXECUTION_DATE=2022-03-23T21:50:06.462499+00:00
AIRFLOW_CTX_DAG_RUN_ID=manual__2022-03-23T21:50:06.462499+00:00
[2022-03-23 21:51:26,250] {python.py:118} INFO - Done. Returned value was: None
[2022-03-23 21:51:26,274] {taskinstance.py:1166} INFO - Marking task as SUCCESS. dag_id=boston_service_request_csv, task_id=csv_to_gcs_job, execution_date=20220323T215006, start_date=20220323T215100, end_date=20220323T215126
[2022-03-23 21:51:26,332] {taskinstance.py:1220} INFO - 1 downstream tasks scheduled from follow-on schedule check
[2022-03-23 21:51:26,365] {local_task_job.py:146} INFO - Task exited with return code 0
