[2022-03-23 21:51:30,825] {taskinstance.py:851} INFO - Dependencies all met for <TaskInstance: boston_service_request_csv.cleanup_csv 2022-03-23T21:50:06.462499+00:00 [queued]>
[2022-03-23 21:51:30,854] {taskinstance.py:851} INFO - Dependencies all met for <TaskInstance: boston_service_request_csv.cleanup_csv 2022-03-23T21:50:06.462499+00:00 [queued]>
[2022-03-23 21:51:30,856] {taskinstance.py:1042} INFO - 
--------------------------------------------------------------------------------
[2022-03-23 21:51:30,858] {taskinstance.py:1043} INFO - Starting attempt 1 of 1
[2022-03-23 21:51:30,860] {taskinstance.py:1044} INFO - 
--------------------------------------------------------------------------------
[2022-03-23 21:51:30,890] {taskinstance.py:1063} INFO - Executing <Task(BashOperator): cleanup_csv> on 2022-03-23T21:50:06.462499+00:00
[2022-03-23 21:51:30,898] {standard_task_runner.py:52} INFO - Started process 977 to run task
[2022-03-23 21:51:30,907] {standard_task_runner.py:76} INFO - Running: ['airflow', 'tasks', 'run', 'boston_service_request_csv', 'cleanup_csv', '2022-03-23T21:50:06.462499+00:00', '--job-id', '9', '--pool', 'default_pool', '--raw', '--subdir', 'DAGS_FOLDER/boston_service_request.py', '--cfg-path', '/tmp/tmp84cf7s_p', '--error-file', '/tmp/tmpjme2if94']
[2022-03-23 21:51:30,914] {standard_task_runner.py:77} INFO - Job 9: Subtask cleanup_csv
[2022-03-23 21:51:30,990] {logging_mixin.py:104} INFO - Running <TaskInstance: boston_service_request_csv.cleanup_csv 2022-03-23T21:50:06.462499+00:00 [running]> on host 0e40074d7d81
[2022-03-23 21:51:31,065] {taskinstance.py:1257} INFO - Exporting the following env vars:
AIRFLOW_CTX_DAG_OWNER=airflow
AIRFLOW_CTX_DAG_ID=boston_service_request_csv
AIRFLOW_CTX_TASK_ID=cleanup_csv
AIRFLOW_CTX_EXECUTION_DATE=2022-03-23T21:50:06.462499+00:00
AIRFLOW_CTX_DAG_RUN_ID=manual__2022-03-23T21:50:06.462499+00:00
[2022-03-23 21:51:31,072] {bash.py:135} INFO - Tmp dir root location: 
 /tmp
[2022-03-23 21:51:31,075] {bash.py:158} INFO - Running command: rm /opt/airflow/boston_*.csv
[2022-03-23 21:51:31,089] {bash.py:169} INFO - Output:
[2022-03-23 21:51:31,164] {bash.py:177} INFO - Command exited with return code 0
[2022-03-23 21:51:31,217] {taskinstance.py:1166} INFO - Marking task as SUCCESS. dag_id=boston_service_request_csv, task_id=cleanup_csv, execution_date=20220323T215006, start_date=20220323T215130, end_date=20220323T215131
[2022-03-23 21:51:31,268] {taskinstance.py:1220} INFO - 0 downstream tasks scheduled from follow-on schedule check
[2022-03-23 21:51:31,290] {local_task_job.py:146} INFO - Task exited with return code 0
