[2022-03-24 17:53:40,766] {taskinstance.py:851} INFO - Dependencies all met for <TaskInstance: boston_service_request_csv.download_csv_file_url 2022-02-01T00:00:00+00:00 [queued]>
[2022-03-24 17:53:40,796] {taskinstance.py:851} INFO - Dependencies all met for <TaskInstance: boston_service_request_csv.download_csv_file_url 2022-02-01T00:00:00+00:00 [queued]>
[2022-03-24 17:53:40,798] {taskinstance.py:1042} INFO - 
--------------------------------------------------------------------------------
[2022-03-24 17:53:40,799] {taskinstance.py:1043} INFO - Starting attempt 2 of 2
[2022-03-24 17:53:40,800] {taskinstance.py:1044} INFO - 
--------------------------------------------------------------------------------
[2022-03-24 17:53:40,828] {taskinstance.py:1063} INFO - Executing <Task(BashOperator): download_csv_file_url> on 2022-02-01T00:00:00+00:00
[2022-03-24 17:53:40,837] {standard_task_runner.py:52} INFO - Started process 2531 to run task
[2022-03-24 17:53:40,846] {standard_task_runner.py:76} INFO - Running: ['airflow', 'tasks', 'run', 'boston_service_request_csv', 'download_csv_file_url', '2022-02-01T00:00:00+00:00', '--job-id', '14', '--pool', 'default_pool', '--raw', '--subdir', 'DAGS_FOLDER/boston_service_request.py', '--cfg-path', '/tmp/tmp7kvr_qs9', '--error-file', '/tmp/tmpgqjfh_q8']
[2022-03-24 17:53:40,852] {standard_task_runner.py:77} INFO - Job 14: Subtask download_csv_file_url
[2022-03-24 17:53:40,948] {logging_mixin.py:104} INFO - Running <TaskInstance: boston_service_request_csv.download_csv_file_url 2022-02-01T00:00:00+00:00 [running]> on host 581d1616f220
[2022-03-24 17:53:41,046] {taskinstance.py:1257} INFO - Exporting the following env vars:
AIRFLOW_CTX_DAG_OWNER=airflow
AIRFLOW_CTX_DAG_ID=boston_service_request_csv
AIRFLOW_CTX_TASK_ID=download_csv_file_url
AIRFLOW_CTX_EXECUTION_DATE=2022-02-01T00:00:00+00:00
AIRFLOW_CTX_DAG_RUN_ID=scheduled__2022-02-01T00:00:00+00:00
[2022-03-24 17:53:41,053] {bash.py:135} INFO - Tmp dir root location: 
 /tmp
[2022-03-24 17:53:41,056] {bash.py:158} INFO - Running command: curl -sSL https://data.boston.gov/dataset/8048697b-ad64-4bfc-b090-ee00169f2323/resource/f53ebccd-bc61-49f9-83db-625f209c95f5/download/{filename} > /opt/airflow/boston_2022.csv
[2022-03-24 17:53:41,072] {bash.py:169} INFO - Output:
[2022-03-24 17:53:50,918] {bash.py:177} INFO - Command exited with return code 0
[2022-03-24 17:53:50,974] {taskinstance.py:1166} INFO - Marking task as SUCCESS. dag_id=boston_service_request_csv, task_id=download_csv_file_url, execution_date=20220201T000000, start_date=20220324T175340, end_date=20220324T175350
[2022-03-24 17:53:51,042] {taskinstance.py:1220} INFO - 1 downstream tasks scheduled from follow-on schedule check
[2022-03-24 17:53:51,082] {local_task_job.py:146} INFO - Task exited with return code 0
[2022-03-24 18:25:16,560] {taskinstance.py:851} INFO - Dependencies all met for <TaskInstance: boston_service_request_csv.download_csv_file_url 2022-02-01T00:00:00+00:00 [queued]>
[2022-03-24 18:25:16,598] {taskinstance.py:851} INFO - Dependencies all met for <TaskInstance: boston_service_request_csv.download_csv_file_url 2022-02-01T00:00:00+00:00 [queued]>
[2022-03-24 18:25:16,600] {taskinstance.py:1042} INFO - 
--------------------------------------------------------------------------------
[2022-03-24 18:25:16,601] {taskinstance.py:1043} INFO - Starting attempt 2 of 2
[2022-03-24 18:25:16,603] {taskinstance.py:1044} INFO - 
--------------------------------------------------------------------------------
[2022-03-24 18:25:16,636] {taskinstance.py:1063} INFO - Executing <Task(BashOperator): download_csv_file_url> on 2022-02-01T00:00:00+00:00
[2022-03-24 18:25:16,648] {standard_task_runner.py:52} INFO - Started process 396 to run task
[2022-03-24 18:25:16,659] {standard_task_runner.py:76} INFO - Running: ['airflow', 'tasks', 'run', 'boston_service_request_csv', 'download_csv_file_url', '2022-02-01T00:00:00+00:00', '--job-id', '22', '--pool', 'default_pool', '--raw', '--subdir', 'DAGS_FOLDER/boston_service_request.py', '--cfg-path', '/tmp/tmpj3250_df', '--error-file', '/tmp/tmpe83e90z5']
[2022-03-24 18:25:16,669] {standard_task_runner.py:77} INFO - Job 22: Subtask download_csv_file_url
[2022-03-24 18:25:16,792] {logging_mixin.py:104} INFO - Running <TaskInstance: boston_service_request_csv.download_csv_file_url 2022-02-01T00:00:00+00:00 [running]> on host 9ea09cd34959
[2022-03-24 18:25:17,065] {taskinstance.py:1257} INFO - Exporting the following env vars:
AIRFLOW_CTX_DAG_OWNER=airflow
AIRFLOW_CTX_DAG_ID=boston_service_request_csv
AIRFLOW_CTX_TASK_ID=download_csv_file_url
AIRFLOW_CTX_EXECUTION_DATE=2022-02-01T00:00:00+00:00
AIRFLOW_CTX_DAG_RUN_ID=scheduled__2022-02-01T00:00:00+00:00
[2022-03-24 18:25:17,073] {bash.py:135} INFO - Tmp dir root location: 
 /tmp
[2022-03-24 18:25:17,083] {bash.py:158} INFO - Running command: curl -sSL https://data.boston.gov/dataset/8048697b-ad64-4bfc-b090-ee00169f2323/resource/f53ebccd-bc61-49f9-83db-625f209c95f5/download/{filename} > /opt/airflow/boston_2022.csv
[2022-03-24 18:25:17,144] {bash.py:169} INFO - Output:
[2022-03-24 18:25:52,970] {bash.py:177} INFO - Command exited with return code 0
[2022-03-24 18:25:53,029] {taskinstance.py:1166} INFO - Marking task as SUCCESS. dag_id=boston_service_request_csv, task_id=download_csv_file_url, execution_date=20220201T000000, start_date=20220324T182516, end_date=20220324T182553
[2022-03-24 18:25:53,102] {taskinstance.py:1220} INFO - 1 downstream tasks scheduled from follow-on schedule check
[2022-03-24 18:25:53,154] {local_task_job.py:146} INFO - Task exited with return code 0
[2022-03-26 04:50:34,187] {taskinstance.py:851} INFO - Dependencies all met for <TaskInstance: boston_service_request_csv.download_csv_file_url 2022-02-01T00:00:00+00:00 [queued]>
[2022-03-26 04:50:34,225] {taskinstance.py:851} INFO - Dependencies all met for <TaskInstance: boston_service_request_csv.download_csv_file_url 2022-02-01T00:00:00+00:00 [queued]>
[2022-03-26 04:50:34,228] {taskinstance.py:1042} INFO - 
--------------------------------------------------------------------------------
[2022-03-26 04:50:34,229] {taskinstance.py:1043} INFO - Starting attempt 2 of 2
[2022-03-26 04:50:34,230] {taskinstance.py:1044} INFO - 
--------------------------------------------------------------------------------
[2022-03-26 04:50:34,254] {taskinstance.py:1063} INFO - Executing <Task(BashOperator): download_csv_file_url> on 2022-02-01T00:00:00+00:00
[2022-03-26 04:50:34,264] {standard_task_runner.py:52} INFO - Started process 524 to run task
[2022-03-26 04:50:34,273] {standard_task_runner.py:76} INFO - Running: ['airflow', 'tasks', 'run', 'boston_service_request_csv', 'download_csv_file_url', '2022-02-01T00:00:00+00:00', '--job-id', '54', '--pool', 'default_pool', '--raw', '--subdir', 'DAGS_FOLDER/boston_service_request.py', '--cfg-path', '/tmp/tmpk8i84oy3', '--error-file', '/tmp/tmpogio90z8']
[2022-03-26 04:50:34,280] {standard_task_runner.py:77} INFO - Job 54: Subtask download_csv_file_url
[2022-03-26 04:50:34,373] {logging_mixin.py:104} INFO - Running <TaskInstance: boston_service_request_csv.download_csv_file_url 2022-02-01T00:00:00+00:00 [running]> on host 4c1f33c38df2
[2022-03-26 04:50:34,486] {taskinstance.py:1257} INFO - Exporting the following env vars:
AIRFLOW_CTX_DAG_OWNER=airflow
AIRFLOW_CTX_DAG_ID=boston_service_request_csv
AIRFLOW_CTX_TASK_ID=download_csv_file_url
AIRFLOW_CTX_EXECUTION_DATE=2022-02-01T00:00:00+00:00
AIRFLOW_CTX_DAG_RUN_ID=scheduled__2022-02-01T00:00:00+00:00
[2022-03-26 04:50:34,493] {bash.py:135} INFO - Tmp dir root location: 
 /tmp
[2022-03-26 04:50:34,497] {bash.py:158} INFO - Running command: curl -sSL https://data.boston.gov/dataset/8048697b-ad64-4bfc-b090-ee00169f2323/resource/f53ebccd-bc61-49f9-83db-625f209c95f5/download/{filename} > /opt/airflow/boston_2022.csv
[2022-03-26 04:50:34,512] {bash.py:169} INFO - Output:
[2022-03-26 04:50:42,196] {bash.py:177} INFO - Command exited with return code 0
[2022-03-26 04:50:42,252] {taskinstance.py:1166} INFO - Marking task as SUCCESS. dag_id=boston_service_request_csv, task_id=download_csv_file_url, execution_date=20220201T000000, start_date=20220326T045034, end_date=20220326T045042
[2022-03-26 04:50:42,324] {taskinstance.py:1220} INFO - 1 downstream tasks scheduled from follow-on schedule check
[2022-03-26 04:50:42,371] {local_task_job.py:146} INFO - Task exited with return code 0
