[2022-03-24 22:42:23,496] {taskinstance.py:851} INFO - Dependencies all met for <TaskInstance: boston_service_request_csv.download_csv_file_url 2022-02-01T00:00:00+00:00 [queued]>
[2022-03-24 22:42:23,536] {taskinstance.py:851} INFO - Dependencies all met for <TaskInstance: boston_service_request_csv.download_csv_file_url 2022-02-01T00:00:00+00:00 [queued]>
[2022-03-24 22:42:23,538] {taskinstance.py:1042} INFO - 
--------------------------------------------------------------------------------
[2022-03-24 22:42:23,540] {taskinstance.py:1043} INFO - Starting attempt 4 of 4
[2022-03-24 22:42:23,541] {taskinstance.py:1044} INFO - 
--------------------------------------------------------------------------------
[2022-03-24 22:42:23,567] {taskinstance.py:1063} INFO - Executing <Task(BashOperator): download_csv_file_url> on 2022-02-01T00:00:00+00:00
[2022-03-24 22:42:23,578] {standard_task_runner.py:52} INFO - Started process 2257 to run task
[2022-03-24 22:42:23,588] {standard_task_runner.py:76} INFO - Running: ['airflow', 'tasks', 'run', 'boston_service_request_csv', 'download_csv_file_url', '2022-02-01T00:00:00+00:00', '--job-id', '35', '--pool', 'default_pool', '--raw', '--subdir', 'DAGS_FOLDER/boston_service_request.py', '--cfg-path', '/tmp/tmpuez1d89i', '--error-file', '/tmp/tmp3wcstzs4']
[2022-03-24 22:42:23,594] {standard_task_runner.py:77} INFO - Job 35: Subtask download_csv_file_url
[2022-03-24 22:42:23,688] {logging_mixin.py:104} INFO - Running <TaskInstance: boston_service_request_csv.download_csv_file_url 2022-02-01T00:00:00+00:00 [running]> on host 8b234c07401a
[2022-03-24 22:42:23,781] {taskinstance.py:1257} INFO - Exporting the following env vars:
AIRFLOW_CTX_DAG_OWNER=airflow
AIRFLOW_CTX_DAG_ID=boston_service_request_csv
AIRFLOW_CTX_TASK_ID=download_csv_file_url
AIRFLOW_CTX_EXECUTION_DATE=2022-02-01T00:00:00+00:00
AIRFLOW_CTX_DAG_RUN_ID=scheduled__2022-02-01T00:00:00+00:00
[2022-03-24 22:42:23,788] {bash.py:135} INFO - Tmp dir root location: 
 /tmp
[2022-03-24 22:42:23,793] {bash.py:158} INFO - Running command: curl -sSL https://data.boston.gov/dataset/8048697b-ad64-4bfc-b090-ee00169f2323/resource/f53ebccd-bc61-49f9-83db-625f209c95f5/download/{filename} > /opt/airflow/boston_2022.csv
[2022-03-24 22:42:23,808] {bash.py:169} INFO - Output:
[2022-03-24 22:42:30,837] {bash.py:177} INFO - Command exited with return code 0
[2022-03-24 22:42:30,902] {taskinstance.py:1166} INFO - Marking task as SUCCESS. dag_id=boston_service_request_csv, task_id=download_csv_file_url, execution_date=20220201T000000, start_date=20220324T224223, end_date=20220324T224230
[2022-03-24 22:42:30,967] {taskinstance.py:1220} INFO - 1 downstream tasks scheduled from follow-on schedule check
[2022-03-24 22:42:30,985] {local_task_job.py:146} INFO - Task exited with return code 0
