[2022-03-22 06:15:12,457] {taskinstance.py:851} INFO - Dependencies all met for <TaskInstance: fifa_player_dag.download_dataset 2022-03-22T06:15:07.199369+00:00 [queued]>
[2022-03-22 06:15:12,495] {taskinstance.py:851} INFO - Dependencies all met for <TaskInstance: fifa_player_dag.download_dataset 2022-03-22T06:15:07.199369+00:00 [queued]>
[2022-03-22 06:15:12,497] {taskinstance.py:1042} INFO - 
--------------------------------------------------------------------------------
[2022-03-22 06:15:12,498] {taskinstance.py:1043} INFO - Starting attempt 1 of 1
[2022-03-22 06:15:12,499] {taskinstance.py:1044} INFO - 
--------------------------------------------------------------------------------
[2022-03-22 06:15:12,522] {taskinstance.py:1063} INFO - Executing <Task(BashOperator): download_dataset> on 2022-03-22T06:15:07.199369+00:00
[2022-03-22 06:15:12,531] {standard_task_runner.py:52} INFO - Started process 2605 to run task
[2022-03-22 06:15:12,541] {standard_task_runner.py:76} INFO - Running: ['airflow', 'tasks', 'run', 'fifa_player_dag', 'download_dataset', '2022-03-22T06:15:07.199369+00:00', '--job-id', '98', '--pool', 'default_pool', '--raw', '--subdir', 'DAGS_FOLDER/311_download_ingest_gcs.py', '--cfg-path', '/tmp/tmp9z_rcq_t', '--error-file', '/tmp/tmpkl50zg9z']
[2022-03-22 06:15:12,548] {standard_task_runner.py:77} INFO - Job 98: Subtask download_dataset
[2022-03-22 06:15:12,639] {logging_mixin.py:104} INFO - Running <TaskInstance: fifa_player_dag.download_dataset 2022-03-22T06:15:07.199369+00:00 [running]> on host a920a86f34d9
[2022-03-22 06:15:12,724] {taskinstance.py:1257} INFO - Exporting the following env vars:
AIRFLOW_CTX_DAG_OWNER=airflow
AIRFLOW_CTX_DAG_ID=fifa_player_dag
AIRFLOW_CTX_TASK_ID=download_dataset
AIRFLOW_CTX_EXECUTION_DATE=2022-03-22T06:15:07.199369+00:00
AIRFLOW_CTX_DAG_RUN_ID=manual__2022-03-22T06:15:07.199369+00:00
[2022-03-22 06:15:12,731] {bash.py:135} INFO - Tmp dir root location: 
 /tmp
[2022-03-22 06:15:12,734] {bash.py:158} INFO - Running command: kaggle datasets download -p /opt/airflow stefanoleone992/fifa-22-complete-player-dataset && unzip /opt/airflow/*.zip
[2022-03-22 06:15:12,750] {bash.py:169} INFO - Output:
[2022-03-22 06:15:15,202] {bash.py:173} INFO - Warning: Your Kaggle API key is readable by other users on this system! To fix this, you can run 'chmod 600 /home/airflow/.kaggle/kaggle.json'
[2022-03-22 06:15:15,206] {bash.py:173} INFO - fifa-22-complete-player-dataset.zip: Skipping, found more recently modified local copy (use --force to force download)
[2022-03-22 06:15:15,391] {bash.py:173} INFO - Archive:  /opt/airflow/fifa-22-complete-player-dataset.zip
[2022-03-22 06:15:15,427] {bash.py:173} INFO -   inflating: Career Mode female player datasets - FIFA 16-22.xlsx
[2022-03-22 06:15:17,088] {bash.py:173} INFO -   inflating: Career Mode player datasets - FIFA 15-22.xlsx
[2022-03-22 06:15:17,090] {bash.py:173} INFO -   inflating: female_players_16.csv
[2022-03-22 06:15:17,095] {bash.py:173} INFO -   inflating: female_players_17.csv
[2022-03-22 06:15:17,098] {bash.py:173} INFO -   inflating: female_players_18.csv
[2022-03-22 06:15:17,101] {bash.py:173} INFO -   inflating: female_players_19.csv
[2022-03-22 06:15:17,103] {bash.py:173} INFO -   inflating: female_players_20.csv
[2022-03-22 06:15:17,106] {bash.py:173} INFO -   inflating: female_players_21.csv
[2022-03-22 06:15:17,109] {bash.py:173} INFO -   inflating: female_players_22.csv
[2022-03-22 06:15:17,230] {bash.py:173} INFO -   inflating: players_15.csv
[2022-03-22 06:15:17,344] {bash.py:173} INFO -   inflating: players_16.csv
[2022-03-22 06:15:17,482] {bash.py:173} INFO -   inflating: players_17.csv
[2022-03-22 06:15:17,634] {bash.py:173} INFO -   inflating: players_18.csv
[2022-03-22 06:15:17,771] {bash.py:173} INFO -   inflating: players_19.csv
[2022-03-22 06:15:17,919] {bash.py:173} INFO -   inflating: players_20.csv
[2022-03-22 06:15:18,072] {bash.py:173} INFO -   inflating: players_21.csv
[2022-03-22 06:15:18,228] {bash.py:173} INFO -   inflating: players_22.csv
[2022-03-22 06:15:18,231] {bash.py:177} INFO - Command exited with return code 0
[2022-03-22 06:15:18,320] {taskinstance.py:1166} INFO - Marking task as SUCCESS. dag_id=fifa_player_dag, task_id=download_dataset, execution_date=20220322T061507, start_date=20220322T061512, end_date=20220322T061518
[2022-03-22 06:15:18,379] {taskinstance.py:1220} INFO - 0 downstream tasks scheduled from follow-on schedule check
[2022-03-22 06:15:18,393] {local_task_job.py:146} INFO - Task exited with return code 0
