[2022-03-23 03:51:22,595] {taskinstance.py:851} INFO - Dependencies all met for <TaskInstance: boston_service_request_csv.cleanup_csv 2019-05-02T06:00:00+00:00 [queued]>
[2022-03-23 03:51:22,633] {taskinstance.py:851} INFO - Dependencies all met for <TaskInstance: boston_service_request_csv.cleanup_csv 2019-05-02T06:00:00+00:00 [queued]>
[2022-03-23 03:51:22,635] {taskinstance.py:1042} INFO - 
--------------------------------------------------------------------------------
[2022-03-23 03:51:22,637] {taskinstance.py:1043} INFO - Starting attempt 1 of 1
[2022-03-23 03:51:22,639] {taskinstance.py:1044} INFO - 
--------------------------------------------------------------------------------
[2022-03-23 03:51:22,663] {taskinstance.py:1063} INFO - Executing <Task(BashOperator): cleanup_csv> on 2019-05-02T06:00:00+00:00
[2022-03-23 03:51:22,672] {standard_task_runner.py:52} INFO - Started process 750 to run task
[2022-03-23 03:51:22,683] {standard_task_runner.py:76} INFO - Running: ['airflow', 'tasks', 'run', 'boston_service_request_csv', 'cleanup_csv', '2019-05-02T06:00:00+00:00', '--job-id', '145', '--pool', 'default_pool', '--raw', '--subdir', 'DAGS_FOLDER/boston_service_request.py', '--cfg-path', '/tmp/tmpgp0fd5jr', '--error-file', '/tmp/tmp_2g_x74c']
[2022-03-23 03:51:22,690] {standard_task_runner.py:77} INFO - Job 145: Subtask cleanup_csv
[2022-03-23 03:51:22,792] {logging_mixin.py:104} INFO - Running <TaskInstance: boston_service_request_csv.cleanup_csv 2019-05-02T06:00:00+00:00 [running]> on host 294e23567a6c
[2022-03-23 03:51:22,891] {taskinstance.py:1257} INFO - Exporting the following env vars:
AIRFLOW_CTX_DAG_OWNER=airflow
AIRFLOW_CTX_DAG_ID=boston_service_request_csv
AIRFLOW_CTX_TASK_ID=cleanup_csv
AIRFLOW_CTX_EXECUTION_DATE=2019-05-02T06:00:00+00:00
AIRFLOW_CTX_DAG_RUN_ID=scheduled__2019-05-02T06:00:00+00:00
[2022-03-23 03:51:22,898] {bash.py:135} INFO - Tmp dir root location: 
 /tmp
[2022-03-23 03:51:22,903] {bash.py:158} INFO - Running command: rm /opt/airflow/output_*.csv
[2022-03-23 03:51:22,921] {bash.py:169} INFO - Output:
[2022-03-23 03:51:22,986] {bash.py:177} INFO - Command exited with return code 0
[2022-03-23 03:51:23,044] {taskinstance.py:1166} INFO - Marking task as SUCCESS. dag_id=boston_service_request_csv, task_id=cleanup_csv, execution_date=20190502T060000, start_date=20220323T035122, end_date=20220323T035123
[2022-03-23 03:51:23,103] {taskinstance.py:1220} INFO - 0 downstream tasks scheduled from follow-on schedule check
[2022-03-23 03:51:23,147] {local_task_job.py:146} INFO - Task exited with return code 0
