[2022-03-19 18:05:25,076] {taskinstance.py:851} INFO - Dependencies all met for <TaskInstance: 311_service_request_dag.311_file_url 2022-03-17T13:29:34.380568+00:00 [queued]>
[2022-03-19 18:05:25,113] {taskinstance.py:851} INFO - Dependencies all met for <TaskInstance: 311_service_request_dag.311_file_url 2022-03-17T13:29:34.380568+00:00 [queued]>
[2022-03-19 18:05:25,115] {taskinstance.py:1042} INFO - 
--------------------------------------------------------------------------------
[2022-03-19 18:05:25,117] {taskinstance.py:1043} INFO - Starting attempt 3 of 3
[2022-03-19 18:05:25,118] {taskinstance.py:1044} INFO - 
--------------------------------------------------------------------------------
[2022-03-19 18:05:25,142] {taskinstance.py:1063} INFO - Executing <Task(BashOperator): 311_file_url> on 2022-03-17T13:29:34.380568+00:00
[2022-03-19 18:05:25,149] {standard_task_runner.py:52} INFO - Started process 387 to run task
[2022-03-19 18:05:25,158] {standard_task_runner.py:76} INFO - Running: ['airflow', 'tasks', 'run', '311_service_request_dag', '311_file_url', '2022-03-17T13:29:34.380568+00:00', '--job-id', '72', '--pool', 'default_pool', '--raw', '--subdir', 'DAGS_FOLDER/311_download_ingest_gcs.py', '--cfg-path', '/tmp/tmpd3ipjfw5', '--error-file', '/tmp/tmppdsoj6mv']
[2022-03-19 18:05:25,165] {standard_task_runner.py:77} INFO - Job 72: Subtask 311_file_url
[2022-03-19 18:05:25,248] {logging_mixin.py:104} INFO - Running <TaskInstance: 311_service_request_dag.311_file_url 2022-03-17T13:29:34.380568+00:00 [running]> on host 22873fda35af
[2022-03-19 18:05:25,346] {taskinstance.py:1257} INFO - Exporting the following env vars:
AIRFLOW_CTX_DAG_OWNER=airflow
AIRFLOW_CTX_DAG_ID=311_service_request_dag
AIRFLOW_CTX_TASK_ID=311_file_url
AIRFLOW_CTX_EXECUTION_DATE=2022-03-17T13:29:34.380568+00:00
AIRFLOW_CTX_DAG_RUN_ID=manual__2022-03-17T13:29:34.380568+00:00
[2022-03-19 18:05:25,353] {bash.py:135} INFO - Tmp dir root location: 
 /tmp
[2022-03-19 18:05:25,356] {bash.py:158} INFO - Running command: curl -sSLf https://data.cityofchicago.org/resource/v6vf-nfxy.csv > /opt/airflow/311request_2022_03_17-01_29_34_PM.csv
[2022-03-19 18:05:25,371] {bash.py:169} INFO - Output:
[2022-03-19 18:05:31,526] {bash.py:177} INFO - Command exited with return code 0
[2022-03-19 18:05:31,585] {taskinstance.py:1166} INFO - Marking task as SUCCESS. dag_id=311_service_request_dag, task_id=311_file_url, execution_date=20220317T132934, start_date=20220319T180525, end_date=20220319T180531
[2022-03-19 18:05:31,654] {taskinstance.py:1220} INFO - 1 downstream tasks scheduled from follow-on schedule check
[2022-03-19 18:05:31,699] {local_task_job.py:146} INFO - Task exited with return code 0
