[2022-03-23 03:52:54,953] {taskinstance.py:851} INFO - Dependencies all met for <TaskInstance: boston_service_request_csv.download_csv_file_url 2019-12-02T06:00:00+00:00 [queued]>
[2022-03-23 03:52:54,997] {taskinstance.py:851} INFO - Dependencies all met for <TaskInstance: boston_service_request_csv.download_csv_file_url 2019-12-02T06:00:00+00:00 [queued]>
[2022-03-23 03:52:54,999] {taskinstance.py:1042} INFO - 
--------------------------------------------------------------------------------
[2022-03-23 03:52:55,001] {taskinstance.py:1043} INFO - Starting attempt 1 of 1
[2022-03-23 03:52:55,002] {taskinstance.py:1044} INFO - 
--------------------------------------------------------------------------------
[2022-03-23 03:52:55,033] {taskinstance.py:1063} INFO - Executing <Task(BashOperator): download_csv_file_url> on 2019-12-02T06:00:00+00:00
[2022-03-23 03:52:55,042] {standard_task_runner.py:52} INFO - Started process 935 to run task
[2022-03-23 03:52:55,052] {standard_task_runner.py:76} INFO - Running: ['airflow', 'tasks', 'run', 'boston_service_request_csv', 'download_csv_file_url', '2019-12-02T06:00:00+00:00', '--job-id', '155', '--pool', 'default_pool', '--raw', '--subdir', 'DAGS_FOLDER/boston_service_request.py', '--cfg-path', '/tmp/tmpyab61iu0', '--error-file', '/tmp/tmpkq1crpmw']
[2022-03-23 03:52:55,060] {standard_task_runner.py:77} INFO - Job 155: Subtask download_csv_file_url
[2022-03-23 03:52:55,176] {logging_mixin.py:104} INFO - Running <TaskInstance: boston_service_request_csv.download_csv_file_url 2019-12-02T06:00:00+00:00 [running]> on host 294e23567a6c
[2022-03-23 03:52:55,294] {taskinstance.py:1257} INFO - Exporting the following env vars:
AIRFLOW_CTX_DAG_OWNER=airflow
AIRFLOW_CTX_DAG_ID=boston_service_request_csv
AIRFLOW_CTX_TASK_ID=download_csv_file_url
AIRFLOW_CTX_EXECUTION_DATE=2019-12-02T06:00:00+00:00
AIRFLOW_CTX_DAG_RUN_ID=scheduled__2019-12-02T06:00:00+00:00
[2022-03-23 03:52:55,301] {bash.py:135} INFO - Tmp dir root location: 
 /tmp
[2022-03-23 03:52:55,306] {bash.py:158} INFO - Running command: curl -sSL https://data.boston.gov/dataset/8048697b-ad64-4bfc-b090-ee00169f2323/resource/f53ebccd-bc61-49f9-83db-625f209c95f5/download/{filename} > /opt/airflow/output_2019-12.csv
[2022-03-23 03:52:55,326] {bash.py:169} INFO - Output:
[2022-03-23 03:53:17,660] {bash.py:177} INFO - Command exited with return code 0
[2022-03-23 03:53:17,718] {taskinstance.py:1166} INFO - Marking task as SUCCESS. dag_id=boston_service_request_csv, task_id=download_csv_file_url, execution_date=20191202T060000, start_date=20220323T035254, end_date=20220323T035317
[2022-03-23 03:53:17,792] {taskinstance.py:1220} INFO - 1 downstream tasks scheduled from follow-on schedule check
[2022-03-23 03:53:17,831] {local_task_job.py:146} INFO - Task exited with return code 0
