[2022-03-22 06:57:31,689] {taskinstance.py:851} INFO - Dependencies all met for <TaskInstance: fifa_player_dag.cleanup_zip 2022-03-22T06:55:38.713472+00:00 [queued]>
[2022-03-22 06:57:31,727] {taskinstance.py:851} INFO - Dependencies all met for <TaskInstance: fifa_player_dag.cleanup_zip 2022-03-22T06:55:38.713472+00:00 [queued]>
[2022-03-22 06:57:31,729] {taskinstance.py:1042} INFO - 
--------------------------------------------------------------------------------
[2022-03-22 06:57:31,731] {taskinstance.py:1043} INFO - Starting attempt 1 of 1
[2022-03-22 06:57:31,732] {taskinstance.py:1044} INFO - 
--------------------------------------------------------------------------------
[2022-03-22 06:57:31,757] {taskinstance.py:1063} INFO - Executing <Task(BashOperator): cleanup_zip> on 2022-03-22T06:55:38.713472+00:00
[2022-03-22 06:57:31,765] {standard_task_runner.py:52} INFO - Started process 5304 to run task
[2022-03-22 06:57:31,775] {standard_task_runner.py:76} INFO - Running: ['airflow', 'tasks', 'run', 'fifa_player_dag', 'cleanup_zip', '2022-03-22T06:55:38.713472+00:00', '--job-id', '115', '--pool', 'default_pool', '--raw', '--subdir', 'DAGS_FOLDER/311_download_ingest_gcs.py', '--cfg-path', '/tmp/tmpipp7dy4v', '--error-file', '/tmp/tmpqgctegy7']
[2022-03-22 06:57:31,782] {standard_task_runner.py:77} INFO - Job 115: Subtask cleanup_zip
[2022-03-22 06:57:31,866] {logging_mixin.py:104} INFO - Running <TaskInstance: fifa_player_dag.cleanup_zip 2022-03-22T06:55:38.713472+00:00 [running]> on host a920a86f34d9
[2022-03-22 06:57:31,954] {taskinstance.py:1257} INFO - Exporting the following env vars:
AIRFLOW_CTX_DAG_OWNER=airflow
AIRFLOW_CTX_DAG_ID=fifa_player_dag
AIRFLOW_CTX_TASK_ID=cleanup_zip
AIRFLOW_CTX_EXECUTION_DATE=2022-03-22T06:55:38.713472+00:00
AIRFLOW_CTX_DAG_RUN_ID=manual__2022-03-22T06:55:38.713472+00:00
[2022-03-22 06:57:31,961] {bash.py:135} INFO - Tmp dir root location: 
 /tmp
[2022-03-22 06:57:31,964] {bash.py:158} INFO - Running command: rm /opt/airflow/*.zip && rm /opt/airflow/*.csv && rm /opt/airflow/Career\ Mode\ *
[2022-03-22 06:57:31,980] {bash.py:169} INFO - Output:
[2022-03-22 06:57:32,177] {bash.py:177} INFO - Command exited with return code 0
[2022-03-22 06:57:32,237] {taskinstance.py:1166} INFO - Marking task as SUCCESS. dag_id=fifa_player_dag, task_id=cleanup_zip, execution_date=20220322T065538, start_date=20220322T065731, end_date=20220322T065732
[2022-03-22 06:57:32,306] {taskinstance.py:1220} INFO - 0 downstream tasks scheduled from follow-on schedule check
[2022-03-22 06:57:32,355] {local_task_job.py:146} INFO - Task exited with return code 0
