[2022-03-22 18:36:37,769] {taskinstance.py:851} INFO - Dependencies all met for <TaskInstance: fifa_player_dag.cleanup_zip 2022-03-22T06:55:38.713472+00:00 [queued]>
[2022-03-22 18:36:37,806] {taskinstance.py:851} INFO - Dependencies all met for <TaskInstance: fifa_player_dag.cleanup_zip 2022-03-22T06:55:38.713472+00:00 [queued]>
[2022-03-22 18:36:37,808] {taskinstance.py:1042} INFO - 
--------------------------------------------------------------------------------
[2022-03-22 18:36:37,809] {taskinstance.py:1043} INFO - Starting attempt 2 of 2
[2022-03-22 18:36:37,811] {taskinstance.py:1044} INFO - 
--------------------------------------------------------------------------------
[2022-03-22 18:36:37,845] {taskinstance.py:1063} INFO - Executing <Task(BashOperator): cleanup_zip> on 2022-03-22T06:55:38.713472+00:00
[2022-03-22 18:36:37,854] {standard_task_runner.py:52} INFO - Started process 2135 to run task
[2022-03-22 18:36:37,864] {standard_task_runner.py:76} INFO - Running: ['airflow', 'tasks', 'run', 'fifa_player_dag', 'cleanup_zip', '2022-03-22T06:55:38.713472+00:00', '--job-id', '119', '--pool', 'default_pool', '--raw', '--subdir', 'DAGS_FOLDER/311_download_ingest_gcs.py', '--cfg-path', '/tmp/tmp84rsmoxr', '--error-file', '/tmp/tmpwgaqe8s2']
[2022-03-22 18:36:37,871] {standard_task_runner.py:77} INFO - Job 119: Subtask cleanup_zip
[2022-03-22 18:36:37,959] {logging_mixin.py:104} INFO - Running <TaskInstance: fifa_player_dag.cleanup_zip 2022-03-22T06:55:38.713472+00:00 [running]> on host 5b89a1c58760
[2022-03-22 18:36:38,048] {taskinstance.py:1257} INFO - Exporting the following env vars:
AIRFLOW_CTX_DAG_OWNER=airflow
AIRFLOW_CTX_DAG_ID=fifa_player_dag
AIRFLOW_CTX_TASK_ID=cleanup_zip
AIRFLOW_CTX_EXECUTION_DATE=2022-03-22T06:55:38.713472+00:00
AIRFLOW_CTX_DAG_RUN_ID=manual__2022-03-22T06:55:38.713472+00:00
[2022-03-22 18:36:38,055] {bash.py:135} INFO - Tmp dir root location: 
 /tmp
[2022-03-22 18:36:38,059] {bash.py:158} INFO - Running command: rm /opt/airflow/*.zip && rm /opt/airflow/*.csv && rm /opt/airflow/Career\ Mode\ *
[2022-03-22 18:36:38,075] {bash.py:169} INFO - Output:
[2022-03-22 18:36:38,221] {bash.py:177} INFO - Command exited with return code 0
[2022-03-22 18:36:38,275] {taskinstance.py:1166} INFO - Marking task as SUCCESS. dag_id=fifa_player_dag, task_id=cleanup_zip, execution_date=20220322T065538, start_date=20220322T183637, end_date=20220322T183638
[2022-03-22 18:36:38,324] {taskinstance.py:1220} INFO - 0 downstream tasks scheduled from follow-on schedule check
[2022-03-22 18:36:38,369] {local_task_job.py:146} INFO - Task exited with return code 0
