[2022-03-18 13:22:02,445] {taskinstance.py:851} INFO - Dependencies all met for <TaskInstance: 311_service_request_dag.upload_to_gcs_job 2022-03-17T13:29:34.380568+00:00 [queued]>
[2022-03-18 13:22:02,484] {taskinstance.py:851} INFO - Dependencies all met for <TaskInstance: 311_service_request_dag.upload_to_gcs_job 2022-03-17T13:29:34.380568+00:00 [queued]>
[2022-03-18 13:22:02,486] {taskinstance.py:1042} INFO - 
--------------------------------------------------------------------------------
[2022-03-18 13:22:02,488] {taskinstance.py:1043} INFO - Starting attempt 2 of 2
[2022-03-18 13:22:02,490] {taskinstance.py:1044} INFO - 
--------------------------------------------------------------------------------
[2022-03-18 13:22:02,520] {taskinstance.py:1063} INFO - Executing <Task(PythonOperator): upload_to_gcs_job> on 2022-03-17T13:29:34.380568+00:00
[2022-03-18 13:22:02,534] {standard_task_runner.py:52} INFO - Started process 634 to run task
[2022-03-18 13:22:02,544] {standard_task_runner.py:76} INFO - Running: ['airflow', 'tasks', 'run', '311_service_request_dag', 'upload_to_gcs_job', '2022-03-17T13:29:34.380568+00:00', '--job-id', '70', '--pool', 'default_pool', '--raw', '--subdir', 'DAGS_FOLDER/311_download_ingest_gcs.py', '--cfg-path', '/tmp/tmpujit32mk', '--error-file', '/tmp/tmp2z_e1j81']
[2022-03-18 13:22:02,553] {standard_task_runner.py:77} INFO - Job 70: Subtask upload_to_gcs_job
[2022-03-18 13:22:02,638] {logging_mixin.py:104} INFO - Running <TaskInstance: 311_service_request_dag.upload_to_gcs_job 2022-03-17T13:29:34.380568+00:00 [running]> on host c0d7c03f59e6
[2022-03-18 13:22:02,736] {taskinstance.py:1257} INFO - Exporting the following env vars:
AIRFLOW_CTX_DAG_OWNER=airflow
AIRFLOW_CTX_DAG_ID=311_service_request_dag
AIRFLOW_CTX_TASK_ID=upload_to_gcs_job
AIRFLOW_CTX_EXECUTION_DATE=2022-03-17T13:29:34.380568+00:00
AIRFLOW_CTX_DAG_RUN_ID=manual__2022-03-17T13:29:34.380568+00:00
[2022-03-18 13:22:03,843] {logging_mixin.py:104} INFO - <Bucket: datalake-311-bronze> with object_name 311request_2022_03_17-01_29_34_PM.parquet uploaded to /opt/airflow/311request_2022_03_17-01_29_34_PM.parquet.
[2022-03-18 13:22:03,849] {python.py:118} INFO - Done. Returned value was: None
[2022-03-18 13:22:03,892] {taskinstance.py:1166} INFO - Marking task as SUCCESS. dag_id=311_service_request_dag, task_id=upload_to_gcs_job, execution_date=20220317T132934, start_date=20220318T132202, end_date=20220318T132203
[2022-03-18 13:22:03,944] {taskinstance.py:1220} INFO - 0 downstream tasks scheduled from follow-on schedule check
[2022-03-18 13:22:03,981] {local_task_job.py:146} INFO - Task exited with return code 0
