[2022-03-16 23:30:15,453] {taskinstance.py:851} INFO - Dependencies all met for <TaskInstance: sample-dag.sample_task 2022-03-16T23:28:08.352602+00:00 [queued]>
[2022-03-16 23:30:15,481] {taskinstance.py:851} INFO - Dependencies all met for <TaskInstance: sample-dag.sample_task 2022-03-16T23:28:08.352602+00:00 [queued]>
[2022-03-16 23:30:15,483] {taskinstance.py:1042} INFO - 
--------------------------------------------------------------------------------
[2022-03-16 23:30:15,485] {taskinstance.py:1043} INFO - Starting attempt 1 of 1
[2022-03-16 23:30:15,486] {taskinstance.py:1044} INFO - 
--------------------------------------------------------------------------------
[2022-03-16 23:30:15,517] {taskinstance.py:1063} INFO - Executing <Task(PythonOperator): sample_task> on 2022-03-16T23:28:08.352602+00:00
[2022-03-16 23:30:15,522] {standard_task_runner.py:52} INFO - Started process 292 to run task
[2022-03-16 23:30:15,530] {standard_task_runner.py:76} INFO - Running: ['airflow', 'tasks', 'run', 'sample-dag', 'sample_task', '2022-03-16T23:28:08.352602+00:00', '--job-id', '3', '--pool', 'default_pool', '--raw', '--subdir', 'DAGS_FOLDER/sample/sample.py', '--cfg-path', '/tmp/tmpe5ua2hfc', '--error-file', '/tmp/tmpqfsy70lx']
[2022-03-16 23:30:15,536] {standard_task_runner.py:77} INFO - Job 3: Subtask sample_task
[2022-03-16 23:30:15,617] {logging_mixin.py:104} INFO - Running <TaskInstance: sample-dag.sample_task 2022-03-16T23:28:08.352602+00:00 [running]> on host 130dadbd0f60
[2022-03-16 23:30:15,721] {taskinstance.py:1257} INFO - Exporting the following env vars:
AIRFLOW_CTX_DAG_EMAIL=your.email@domain.com
AIRFLOW_CTX_DAG_OWNER=Airflow
AIRFLOW_CTX_DAG_ID=sample-dag
AIRFLOW_CTX_TASK_ID=sample_task
AIRFLOW_CTX_EXECUTION_DATE=2022-03-16T23:28:08.352602+00:00
AIRFLOW_CTX_DAG_RUN_ID=manual__2022-03-16T23:28:08.352602+00:00
[2022-03-16 23:30:54,993] {logging_mixin.py:104} INFO - +---+-----------+
| id|       text|
+---+-----------+
|  1|Hello World|
+---+-----------+
[2022-03-16 23:30:54,996] {logging_mixin.py:104} INFO - 
[2022-03-16 23:30:54,997] {python.py:118} INFO - Done. Returned value was: None
[2022-03-16 23:30:55,035] {taskinstance.py:1166} INFO - Marking task as SUCCESS. dag_id=sample-dag, task_id=sample_task, execution_date=20220316T232808, start_date=20220316T233015, end_date=20220316T233055
[2022-03-16 23:30:55,094] {taskinstance.py:1220} INFO - 0 downstream tasks scheduled from follow-on schedule check
[2022-03-16 23:30:55,116] {local_task_job.py:146} INFO - Task exited with return code 0
