[2022-03-21 03:31:14,482] {taskinstance.py:851} INFO - Dependencies all met for <TaskInstance: 311_service_request_dag.311_file_url 2022-03-21T03:31:08.835030+00:00 [queued]>
[2022-03-21 03:31:14,518] {taskinstance.py:851} INFO - Dependencies all met for <TaskInstance: 311_service_request_dag.311_file_url 2022-03-21T03:31:08.835030+00:00 [queued]>
[2022-03-21 03:31:14,521] {taskinstance.py:1042} INFO - 
--------------------------------------------------------------------------------
[2022-03-21 03:31:14,523] {taskinstance.py:1043} INFO - Starting attempt 1 of 1
[2022-03-21 03:31:14,524] {taskinstance.py:1044} INFO - 
--------------------------------------------------------------------------------
[2022-03-21 03:31:14,548] {taskinstance.py:1063} INFO - Executing <Task(BashOperator): 311_file_url> on 2022-03-21T03:31:08.835030+00:00
[2022-03-21 03:31:14,558] {standard_task_runner.py:52} INFO - Started process 26604 to run task
[2022-03-21 03:31:14,567] {standard_task_runner.py:76} INFO - Running: ['airflow', 'tasks', 'run', '311_service_request_dag', '311_file_url', '2022-03-21T03:31:08.835030+00:00', '--job-id', '87', '--pool', 'default_pool', '--raw', '--subdir', 'DAGS_FOLDER/311_download_ingest_gcs.py', '--cfg-path', '/tmp/tmph3gjpl5a', '--error-file', '/tmp/tmpsjzuqjqo']
[2022-03-21 03:31:14,575] {standard_task_runner.py:77} INFO - Job 87: Subtask 311_file_url
[2022-03-21 03:31:14,657] {logging_mixin.py:104} INFO - Running <TaskInstance: 311_service_request_dag.311_file_url 2022-03-21T03:31:08.835030+00:00 [running]> on host 0e06240adef1
[2022-03-21 03:31:14,757] {taskinstance.py:1257} INFO - Exporting the following env vars:
AIRFLOW_CTX_DAG_OWNER=airflow
AIRFLOW_CTX_DAG_ID=311_service_request_dag
AIRFLOW_CTX_TASK_ID=311_file_url
AIRFLOW_CTX_EXECUTION_DATE=2022-03-21T03:31:08.835030+00:00
AIRFLOW_CTX_DAG_RUN_ID=manual__2022-03-21T03:31:08.835030+00:00
[2022-03-21 03:31:14,763] {bash.py:135} INFO - Tmp dir root location: 
 /tmp
[2022-03-21 03:31:14,767] {bash.py:158} INFO - Running command: curl -sSLf https://data.cityofchicago.org/resource/v6vf-nfxy.csv > /opt/airflow/311request_2022_03_21-03_31_08_AM.csv
[2022-03-21 03:31:14,784] {bash.py:169} INFO - Output:
[2022-03-21 03:31:21,448] {bash.py:177} INFO - Command exited with return code 0
[2022-03-21 03:31:21,508] {taskinstance.py:1166} INFO - Marking task as SUCCESS. dag_id=311_service_request_dag, task_id=311_file_url, execution_date=20220321T033108, start_date=20220321T033114, end_date=20220321T033121
[2022-03-21 03:31:21,581] {taskinstance.py:1220} INFO - 1 downstream tasks scheduled from follow-on schedule check
[2022-03-21 03:31:21,603] {local_task_job.py:146} INFO - Task exited with return code 0
