[2022-03-23 03:53:35,328] {taskinstance.py:851} INFO - Dependencies all met for <TaskInstance: boston_service_request_csv.cleanup_csv 2019-11-02T06:00:00+00:00 [queued]>
[2022-03-23 03:53:35,369] {taskinstance.py:851} INFO - Dependencies all met for <TaskInstance: boston_service_request_csv.cleanup_csv 2019-11-02T06:00:00+00:00 [queued]>
[2022-03-23 03:53:35,371] {taskinstance.py:1042} INFO - 
--------------------------------------------------------------------------------
[2022-03-23 03:53:35,372] {taskinstance.py:1043} INFO - Starting attempt 1 of 1
[2022-03-23 03:53:35,374] {taskinstance.py:1044} INFO - 
--------------------------------------------------------------------------------
[2022-03-23 03:53:35,400] {taskinstance.py:1063} INFO - Executing <Task(BashOperator): cleanup_csv> on 2019-11-02T06:00:00+00:00
[2022-03-23 03:53:35,408] {standard_task_runner.py:52} INFO - Started process 1017 to run task
[2022-03-23 03:53:35,419] {standard_task_runner.py:76} INFO - Running: ['airflow', 'tasks', 'run', 'boston_service_request_csv', 'cleanup_csv', '2019-11-02T06:00:00+00:00', '--job-id', '160', '--pool', 'default_pool', '--raw', '--subdir', 'DAGS_FOLDER/boston_service_request.py', '--cfg-path', '/tmp/tmp9ehjd76x', '--error-file', '/tmp/tmpfsulu1lx']
[2022-03-23 03:53:35,426] {standard_task_runner.py:77} INFO - Job 160: Subtask cleanup_csv
[2022-03-23 03:53:35,538] {logging_mixin.py:104} INFO - Running <TaskInstance: boston_service_request_csv.cleanup_csv 2019-11-02T06:00:00+00:00 [running]> on host 294e23567a6c
[2022-03-23 03:53:35,635] {taskinstance.py:1257} INFO - Exporting the following env vars:
AIRFLOW_CTX_DAG_OWNER=airflow
AIRFLOW_CTX_DAG_ID=boston_service_request_csv
AIRFLOW_CTX_TASK_ID=cleanup_csv
AIRFLOW_CTX_EXECUTION_DATE=2019-11-02T06:00:00+00:00
AIRFLOW_CTX_DAG_RUN_ID=scheduled__2019-11-02T06:00:00+00:00
[2022-03-23 03:53:35,642] {bash.py:135} INFO - Tmp dir root location: 
 /tmp
[2022-03-23 03:53:35,646] {bash.py:158} INFO - Running command: rm /opt/airflow/output_*.csv
[2022-03-23 03:53:35,662] {bash.py:169} INFO - Output:
[2022-03-23 03:53:35,740] {bash.py:177} INFO - Command exited with return code 0
[2022-03-23 03:53:35,792] {taskinstance.py:1166} INFO - Marking task as SUCCESS. dag_id=boston_service_request_csv, task_id=cleanup_csv, execution_date=20191102T060000, start_date=20220323T035335, end_date=20220323T035335
[2022-03-23 03:53:35,846] {taskinstance.py:1220} INFO - 0 downstream tasks scheduled from follow-on schedule check
[2022-03-23 03:53:35,877] {local_task_job.py:146} INFO - Task exited with return code 0
