[2022-03-23 03:59:05,235] {taskinstance.py:851} INFO - Dependencies all met for <TaskInstance: boston_service_request_csv.csv_to_gcs_job 2022-02-01T00:00:00+00:00 [queued]>
[2022-03-23 03:59:05,270] {taskinstance.py:851} INFO - Dependencies all met for <TaskInstance: boston_service_request_csv.csv_to_gcs_job 2022-02-01T00:00:00+00:00 [queued]>
[2022-03-23 03:59:05,272] {taskinstance.py:1042} INFO - 
--------------------------------------------------------------------------------
[2022-03-23 03:59:05,274] {taskinstance.py:1043} INFO - Starting attempt 1 of 1
[2022-03-23 03:59:05,275] {taskinstance.py:1044} INFO - 
--------------------------------------------------------------------------------
[2022-03-23 03:59:05,299] {taskinstance.py:1063} INFO - Executing <Task(PythonOperator): csv_to_gcs_job> on 2022-02-01T00:00:00+00:00
[2022-03-23 03:59:05,308] {standard_task_runner.py:52} INFO - Started process 1368 to run task
[2022-03-23 03:59:05,318] {standard_task_runner.py:76} INFO - Running: ['airflow', 'tasks', 'run', 'boston_service_request_csv', 'csv_to_gcs_job', '2022-02-01T00:00:00+00:00', '--job-id', '163', '--pool', 'default_pool', '--raw', '--subdir', 'DAGS_FOLDER/boston_service_request.py', '--cfg-path', '/tmp/tmp9gpp28q1', '--error-file', '/tmp/tmpyunq3y3d']
[2022-03-23 03:59:05,325] {standard_task_runner.py:77} INFO - Job 163: Subtask csv_to_gcs_job
[2022-03-23 03:59:05,422] {logging_mixin.py:104} INFO - Running <TaskInstance: boston_service_request_csv.csv_to_gcs_job 2022-02-01T00:00:00+00:00 [running]> on host 294e23567a6c
[2022-03-23 03:59:05,534] {taskinstance.py:1257} INFO - Exporting the following env vars:
AIRFLOW_CTX_DAG_OWNER=airflow
AIRFLOW_CTX_DAG_ID=boston_service_request_csv
AIRFLOW_CTX_TASK_ID=csv_to_gcs_job
AIRFLOW_CTX_EXECUTION_DATE=2022-02-01T00:00:00+00:00
AIRFLOW_CTX_DAG_RUN_ID=scheduled__2022-02-01T00:00:00+00:00
[2022-03-23 03:59:34,010] {python.py:118} INFO - Done. Returned value was: None
[2022-03-23 03:59:34,048] {taskinstance.py:1166} INFO - Marking task as SUCCESS. dag_id=boston_service_request_csv, task_id=csv_to_gcs_job, execution_date=20220201T000000, start_date=20220323T035905, end_date=20220323T035934
[2022-03-23 03:59:34,111] {taskinstance.py:1220} INFO - 1 downstream tasks scheduled from follow-on schedule check
[2022-03-23 03:59:34,169] {local_task_job.py:146} INFO - Task exited with return code 0
[2022-03-23 21:50:07,434] {taskinstance.py:851} INFO - Dependencies all met for <TaskInstance: boston_service_request_csv.csv_to_gcs_job 2022-02-01T00:00:00+00:00 [queued]>
[2022-03-23 21:50:07,469] {taskinstance.py:851} INFO - Dependencies all met for <TaskInstance: boston_service_request_csv.csv_to_gcs_job 2022-02-01T00:00:00+00:00 [queued]>
[2022-03-23 21:50:07,471] {taskinstance.py:1042} INFO - 
--------------------------------------------------------------------------------
[2022-03-23 21:50:07,472] {taskinstance.py:1043} INFO - Starting attempt 1 of 1
[2022-03-23 21:50:07,473] {taskinstance.py:1044} INFO - 
--------------------------------------------------------------------------------
[2022-03-23 21:50:07,503] {taskinstance.py:1063} INFO - Executing <Task(PythonOperator): csv_to_gcs_job> on 2022-02-01T00:00:00+00:00
[2022-03-23 21:50:07,512] {standard_task_runner.py:52} INFO - Started process 863 to run task
[2022-03-23 21:50:07,523] {standard_task_runner.py:76} INFO - Running: ['airflow', 'tasks', 'run', 'boston_service_request_csv', 'csv_to_gcs_job', '2022-02-01T00:00:00+00:00', '--job-id', '5', '--pool', 'default_pool', '--raw', '--subdir', 'DAGS_FOLDER/boston_service_request.py', '--cfg-path', '/tmp/tmpb1q_1qnl', '--error-file', '/tmp/tmpixni8w8l']
[2022-03-23 21:50:07,530] {standard_task_runner.py:77} INFO - Job 5: Subtask csv_to_gcs_job
[2022-03-23 21:50:07,634] {logging_mixin.py:104} INFO - Running <TaskInstance: boston_service_request_csv.csv_to_gcs_job 2022-02-01T00:00:00+00:00 [running]> on host 0e40074d7d81
[2022-03-23 21:50:07,746] {taskinstance.py:1257} INFO - Exporting the following env vars:
AIRFLOW_CTX_DAG_OWNER=airflow
AIRFLOW_CTX_DAG_ID=boston_service_request_csv
AIRFLOW_CTX_TASK_ID=csv_to_gcs_job
AIRFLOW_CTX_EXECUTION_DATE=2022-02-01T00:00:00+00:00
AIRFLOW_CTX_DAG_RUN_ID=scheduled__2022-02-01T00:00:00+00:00
[2022-03-23 21:50:39,453] {python.py:118} INFO - Done. Returned value was: None
[2022-03-23 21:50:39,477] {taskinstance.py:1166} INFO - Marking task as SUCCESS. dag_id=boston_service_request_csv, task_id=csv_to_gcs_job, execution_date=20220201T000000, start_date=20220323T215007, end_date=20220323T215039
[2022-03-23 21:50:39,540] {taskinstance.py:1220} INFO - 1 downstream tasks scheduled from follow-on schedule check
[2022-03-23 21:50:39,584] {local_task_job.py:146} INFO - Task exited with return code 0
[2022-03-24 18:11:58,454] {taskinstance.py:851} INFO - Dependencies all met for <TaskInstance: boston_service_request_csv.csv_to_gcs_job 2022-02-01T00:00:00+00:00 [queued]>
[2022-03-24 18:11:58,484] {taskinstance.py:851} INFO - Dependencies all met for <TaskInstance: boston_service_request_csv.csv_to_gcs_job 2022-02-01T00:00:00+00:00 [queued]>
[2022-03-24 18:11:58,486] {taskinstance.py:1042} INFO - 
--------------------------------------------------------------------------------
[2022-03-24 18:11:58,488] {taskinstance.py:1043} INFO - Starting attempt 1 of 1
[2022-03-24 18:11:58,489] {taskinstance.py:1044} INFO - 
--------------------------------------------------------------------------------
[2022-03-24 18:11:58,517] {taskinstance.py:1063} INFO - Executing <Task(PythonOperator): csv_to_gcs_job> on 2022-02-01T00:00:00+00:00
[2022-03-24 18:11:58,525] {standard_task_runner.py:52} INFO - Started process 3649 to run task
[2022-03-24 18:11:58,535] {standard_task_runner.py:76} INFO - Running: ['airflow', 'tasks', 'run', 'boston_service_request_csv', 'csv_to_gcs_job', '2022-02-01T00:00:00+00:00', '--job-id', '18', '--pool', 'default_pool', '--raw', '--subdir', 'DAGS_FOLDER/boston_service_request.py', '--cfg-path', '/tmp/tmpend0lz0x', '--error-file', '/tmp/tmpg7zpmw4d']
[2022-03-24 18:11:58,542] {standard_task_runner.py:77} INFO - Job 18: Subtask csv_to_gcs_job
[2022-03-24 18:11:58,636] {logging_mixin.py:104} INFO - Running <TaskInstance: boston_service_request_csv.csv_to_gcs_job 2022-02-01T00:00:00+00:00 [running]> on host 581d1616f220
[2022-03-24 18:11:58,744] {taskinstance.py:1257} INFO - Exporting the following env vars:
AIRFLOW_CTX_DAG_OWNER=airflow
AIRFLOW_CTX_DAG_ID=boston_service_request_csv
AIRFLOW_CTX_TASK_ID=csv_to_gcs_job
AIRFLOW_CTX_EXECUTION_DATE=2022-02-01T00:00:00+00:00
AIRFLOW_CTX_DAG_RUN_ID=scheduled__2022-02-01T00:00:00+00:00
[2022-03-24 18:12:35,637] {python.py:118} INFO - Done. Returned value was: None
[2022-03-24 18:12:35,673] {taskinstance.py:1166} INFO - Marking task as SUCCESS. dag_id=boston_service_request_csv, task_id=csv_to_gcs_job, execution_date=20220201T000000, start_date=20220324T181158, end_date=20220324T181235
[2022-03-24 18:12:35,743] {taskinstance.py:1220} INFO - 1 downstream tasks scheduled from follow-on schedule check
[2022-03-24 18:12:35,795] {local_task_job.py:146} INFO - Task exited with return code 0
[2022-03-24 22:44:37,012] {taskinstance.py:851} INFO - Dependencies all met for <TaskInstance: boston_service_request_csv.csv_to_gcs_job 2022-02-01T00:00:00+00:00 [queued]>
[2022-03-24 22:44:37,050] {taskinstance.py:851} INFO - Dependencies all met for <TaskInstance: boston_service_request_csv.csv_to_gcs_job 2022-02-01T00:00:00+00:00 [queued]>
[2022-03-24 22:44:37,052] {taskinstance.py:1042} INFO - 
--------------------------------------------------------------------------------
[2022-03-24 22:44:37,053] {taskinstance.py:1043} INFO - Starting attempt 1 of 1
[2022-03-24 22:44:37,055] {taskinstance.py:1044} INFO - 
--------------------------------------------------------------------------------
[2022-03-24 22:44:37,079] {taskinstance.py:1063} INFO - Executing <Task(PythonOperator): csv_to_gcs_job> on 2022-02-01T00:00:00+00:00
[2022-03-24 22:44:37,087] {standard_task_runner.py:52} INFO - Started process 2416 to run task
[2022-03-24 22:44:37,098] {standard_task_runner.py:76} INFO - Running: ['airflow', 'tasks', 'run', 'boston_service_request_csv', 'csv_to_gcs_job', '2022-02-01T00:00:00+00:00', '--job-id', '38', '--pool', 'default_pool', '--raw', '--subdir', 'DAGS_FOLDER/boston_service_request.py', '--cfg-path', '/tmp/tmpycn5ndoy', '--error-file', '/tmp/tmpt14oik2f']
[2022-03-24 22:44:37,106] {standard_task_runner.py:77} INFO - Job 38: Subtask csv_to_gcs_job
[2022-03-24 22:44:37,203] {logging_mixin.py:104} INFO - Running <TaskInstance: boston_service_request_csv.csv_to_gcs_job 2022-02-01T00:00:00+00:00 [running]> on host 8b234c07401a
[2022-03-24 22:44:37,305] {taskinstance.py:1257} INFO - Exporting the following env vars:
AIRFLOW_CTX_DAG_OWNER=airflow
AIRFLOW_CTX_DAG_ID=boston_service_request_csv
AIRFLOW_CTX_TASK_ID=csv_to_gcs_job
AIRFLOW_CTX_EXECUTION_DATE=2022-02-01T00:00:00+00:00
AIRFLOW_CTX_DAG_RUN_ID=scheduled__2022-02-01T00:00:00+00:00
[2022-03-24 22:45:05,521] {python.py:118} INFO - Done. Returned value was: None
[2022-03-24 22:45:05,569] {taskinstance.py:1166} INFO - Marking task as SUCCESS. dag_id=boston_service_request_csv, task_id=csv_to_gcs_job, execution_date=20220201T000000, start_date=20220324T224437, end_date=20220324T224505
[2022-03-24 22:45:05,648] {taskinstance.py:1220} INFO - 0 downstream tasks scheduled from follow-on schedule check
[2022-03-24 22:45:05,670] {local_task_job.py:146} INFO - Task exited with return code 0
[2022-03-25 04:01:06,390] {taskinstance.py:851} INFO - Dependencies all met for <TaskInstance: boston_service_request_csv.csv_to_gcs_job 2022-02-01T00:00:00+00:00 [queued]>
[2022-03-25 04:01:06,431] {taskinstance.py:851} INFO - Dependencies all met for <TaskInstance: boston_service_request_csv.csv_to_gcs_job 2022-02-01T00:00:00+00:00 [queued]>
[2022-03-25 04:01:06,432] {taskinstance.py:1042} INFO - 
--------------------------------------------------------------------------------
[2022-03-25 04:01:06,434] {taskinstance.py:1043} INFO - Starting attempt 1 of 1
[2022-03-25 04:01:06,435] {taskinstance.py:1044} INFO - 
--------------------------------------------------------------------------------
[2022-03-25 04:01:06,459] {taskinstance.py:1063} INFO - Executing <Task(PythonOperator): csv_to_gcs_job> on 2022-02-01T00:00:00+00:00
[2022-03-25 04:01:06,467] {standard_task_runner.py:52} INFO - Started process 409 to run task
[2022-03-25 04:01:06,476] {standard_task_runner.py:76} INFO - Running: ['airflow', 'tasks', 'run', 'boston_service_request_csv', 'csv_to_gcs_job', '2022-02-01T00:00:00+00:00', '--job-id', '48', '--pool', 'default_pool', '--raw', '--subdir', 'DAGS_FOLDER/boston_service_request.py', '--cfg-path', '/tmp/tmpbmkji_rk', '--error-file', '/tmp/tmpzj_o8bty']
[2022-03-25 04:01:06,483] {standard_task_runner.py:77} INFO - Job 48: Subtask csv_to_gcs_job
[2022-03-25 04:01:06,579] {logging_mixin.py:104} INFO - Running <TaskInstance: boston_service_request_csv.csv_to_gcs_job 2022-02-01T00:00:00+00:00 [running]> on host 8f00cae6f9bc
[2022-03-25 04:01:06,686] {taskinstance.py:1257} INFO - Exporting the following env vars:
AIRFLOW_CTX_DAG_OWNER=airflow
AIRFLOW_CTX_DAG_ID=boston_service_request_csv
AIRFLOW_CTX_TASK_ID=csv_to_gcs_job
AIRFLOW_CTX_EXECUTION_DATE=2022-02-01T00:00:00+00:00
AIRFLOW_CTX_DAG_RUN_ID=scheduled__2022-02-01T00:00:00+00:00
[2022-03-25 04:01:31,309] {python.py:118} INFO - Done. Returned value was: None
[2022-03-25 04:01:31,359] {taskinstance.py:1166} INFO - Marking task as SUCCESS. dag_id=boston_service_request_csv, task_id=csv_to_gcs_job, execution_date=20220201T000000, start_date=20220325T040106, end_date=20220325T040131
[2022-03-25 04:01:31,422] {taskinstance.py:1220} INFO - 0 downstream tasks scheduled from follow-on schedule check
[2022-03-25 04:01:31,467] {local_task_job.py:146} INFO - Task exited with return code 0
[2022-03-26 21:28:37,439] {taskinstance.py:851} INFO - Dependencies all met for <TaskInstance: boston_service_request_csv.csv_to_gcs_job 2022-02-01T00:00:00+00:00 [queued]>
[2022-03-26 21:28:37,478] {taskinstance.py:851} INFO - Dependencies all met for <TaskInstance: boston_service_request_csv.csv_to_gcs_job 2022-02-01T00:00:00+00:00 [queued]>
[2022-03-26 21:28:37,479] {taskinstance.py:1042} INFO - 
--------------------------------------------------------------------------------
[2022-03-26 21:28:37,482] {taskinstance.py:1043} INFO - Starting attempt 1 of 1
[2022-03-26 21:28:37,484] {taskinstance.py:1044} INFO - 
--------------------------------------------------------------------------------
[2022-03-26 21:28:37,507] {taskinstance.py:1063} INFO - Executing <Task(PythonOperator): csv_to_gcs_job> on 2022-02-01T00:00:00+00:00
[2022-03-26 21:28:37,515] {standard_task_runner.py:52} INFO - Started process 373 to run task
[2022-03-26 21:28:37,525] {standard_task_runner.py:76} INFO - Running: ['airflow', 'tasks', 'run', 'boston_service_request_csv', 'csv_to_gcs_job', '2022-02-01T00:00:00+00:00', '--job-id', '65', '--pool', 'default_pool', '--raw', '--subdir', 'DAGS_FOLDER/boston_service_request.py', '--cfg-path', '/tmp/tmpcaiyxtoj', '--error-file', '/tmp/tmp853xyi79']
[2022-03-26 21:28:37,532] {standard_task_runner.py:77} INFO - Job 65: Subtask csv_to_gcs_job
[2022-03-26 21:28:37,630] {logging_mixin.py:104} INFO - Running <TaskInstance: boston_service_request_csv.csv_to_gcs_job 2022-02-01T00:00:00+00:00 [running]> on host f7c4841fe3ac
[2022-03-26 21:28:37,743] {taskinstance.py:1257} INFO - Exporting the following env vars:
AIRFLOW_CTX_DAG_OWNER=airflow
AIRFLOW_CTX_DAG_ID=boston_service_request_csv
AIRFLOW_CTX_TASK_ID=csv_to_gcs_job
AIRFLOW_CTX_EXECUTION_DATE=2022-02-01T00:00:00+00:00
AIRFLOW_CTX_DAG_RUN_ID=scheduled__2022-02-01T00:00:00+00:00
[2022-03-26 21:29:00,923] {python.py:118} INFO - Done. Returned value was: None
[2022-03-26 21:29:00,969] {taskinstance.py:1166} INFO - Marking task as SUCCESS. dag_id=boston_service_request_csv, task_id=csv_to_gcs_job, execution_date=20220201T000000, start_date=20220326T212837, end_date=20220326T212900
[2022-03-26 21:29:01,038] {taskinstance.py:1220} INFO - 1 downstream tasks scheduled from follow-on schedule check
[2022-03-26 21:29:01,056] {local_task_job.py:146} INFO - Task exited with return code 0
