[2022-03-24 17:53:56,660] {taskinstance.py:851} INFO - Dependencies all met for <TaskInstance: boston_service_request_csv.csv_to_gcs_job 2022-02-01T00:00:00+00:00 [queued]>
[2022-03-24 17:53:56,699] {taskinstance.py:851} INFO - Dependencies all met for <TaskInstance: boston_service_request_csv.csv_to_gcs_job 2022-02-01T00:00:00+00:00 [queued]>
[2022-03-24 17:53:56,702] {taskinstance.py:1042} INFO - 
--------------------------------------------------------------------------------
[2022-03-24 17:53:56,703] {taskinstance.py:1043} INFO - Starting attempt 2 of 2
[2022-03-24 17:53:56,704] {taskinstance.py:1044} INFO - 
--------------------------------------------------------------------------------
[2022-03-24 17:53:56,735] {taskinstance.py:1063} INFO - Executing <Task(PythonOperator): csv_to_gcs_job> on 2022-02-01T00:00:00+00:00
[2022-03-24 17:53:56,744] {standard_task_runner.py:52} INFO - Started process 2558 to run task
[2022-03-24 17:53:56,753] {standard_task_runner.py:76} INFO - Running: ['airflow', 'tasks', 'run', 'boston_service_request_csv', 'csv_to_gcs_job', '2022-02-01T00:00:00+00:00', '--job-id', '15', '--pool', 'default_pool', '--raw', '--subdir', 'DAGS_FOLDER/boston_service_request.py', '--cfg-path', '/tmp/tmp214kqo5x', '--error-file', '/tmp/tmp7ekmqy7k']
[2022-03-24 17:53:56,760] {standard_task_runner.py:77} INFO - Job 15: Subtask csv_to_gcs_job
[2022-03-24 17:53:56,858] {logging_mixin.py:104} INFO - Running <TaskInstance: boston_service_request_csv.csv_to_gcs_job 2022-02-01T00:00:00+00:00 [running]> on host 581d1616f220
[2022-03-24 17:53:56,959] {taskinstance.py:1257} INFO - Exporting the following env vars:
AIRFLOW_CTX_DAG_OWNER=airflow
AIRFLOW_CTX_DAG_ID=boston_service_request_csv
AIRFLOW_CTX_TASK_ID=csv_to_gcs_job
AIRFLOW_CTX_EXECUTION_DATE=2022-02-01T00:00:00+00:00
AIRFLOW_CTX_DAG_RUN_ID=scheduled__2022-02-01T00:00:00+00:00
[2022-03-24 17:54:25,490] {python.py:118} INFO - Done. Returned value was: None
[2022-03-24 17:54:25,518] {taskinstance.py:1166} INFO - Marking task as SUCCESS. dag_id=boston_service_request_csv, task_id=csv_to_gcs_job, execution_date=20220201T000000, start_date=20220324T175356, end_date=20220324T175425
[2022-03-24 17:54:25,584] {taskinstance.py:1220} INFO - 1 downstream tasks scheduled from follow-on schedule check
[2022-03-24 17:54:25,609] {local_task_job.py:146} INFO - Task exited with return code 0
[2022-03-24 18:25:58,097] {taskinstance.py:851} INFO - Dependencies all met for <TaskInstance: boston_service_request_csv.csv_to_gcs_job 2022-02-01T00:00:00+00:00 [queued]>
[2022-03-24 18:25:58,127] {taskinstance.py:851} INFO - Dependencies all met for <TaskInstance: boston_service_request_csv.csv_to_gcs_job 2022-02-01T00:00:00+00:00 [queued]>
[2022-03-24 18:25:58,128] {taskinstance.py:1042} INFO - 
--------------------------------------------------------------------------------
[2022-03-24 18:25:58,131] {taskinstance.py:1043} INFO - Starting attempt 2 of 2
[2022-03-24 18:25:58,132] {taskinstance.py:1044} INFO - 
--------------------------------------------------------------------------------
[2022-03-24 18:25:58,163] {taskinstance.py:1063} INFO - Executing <Task(PythonOperator): csv_to_gcs_job> on 2022-02-01T00:00:00+00:00
[2022-03-24 18:25:58,171] {standard_task_runner.py:52} INFO - Started process 478 to run task
[2022-03-24 18:25:58,180] {standard_task_runner.py:76} INFO - Running: ['airflow', 'tasks', 'run', 'boston_service_request_csv', 'csv_to_gcs_job', '2022-02-01T00:00:00+00:00', '--job-id', '23', '--pool', 'default_pool', '--raw', '--subdir', 'DAGS_FOLDER/boston_service_request.py', '--cfg-path', '/tmp/tmpju_727w6', '--error-file', '/tmp/tmpc1bjbg16']
[2022-03-24 18:25:58,186] {standard_task_runner.py:77} INFO - Job 23: Subtask csv_to_gcs_job
[2022-03-24 18:25:58,282] {logging_mixin.py:104} INFO - Running <TaskInstance: boston_service_request_csv.csv_to_gcs_job 2022-02-01T00:00:00+00:00 [running]> on host 9ea09cd34959
[2022-03-24 18:25:58,384] {taskinstance.py:1257} INFO - Exporting the following env vars:
AIRFLOW_CTX_DAG_OWNER=airflow
AIRFLOW_CTX_DAG_ID=boston_service_request_csv
AIRFLOW_CTX_TASK_ID=csv_to_gcs_job
AIRFLOW_CTX_EXECUTION_DATE=2022-02-01T00:00:00+00:00
AIRFLOW_CTX_DAG_RUN_ID=scheduled__2022-02-01T00:00:00+00:00
[2022-03-24 18:26:20,302] {python.py:118} INFO - Done. Returned value was: None
[2022-03-24 18:26:20,359] {taskinstance.py:1166} INFO - Marking task as SUCCESS. dag_id=boston_service_request_csv, task_id=csv_to_gcs_job, execution_date=20220201T000000, start_date=20220324T182558, end_date=20220324T182620
[2022-03-24 18:26:20,425] {taskinstance.py:1220} INFO - 1 downstream tasks scheduled from follow-on schedule check
[2022-03-24 18:26:20,462] {local_task_job.py:146} INFO - Task exited with return code 0
[2022-03-26 04:50:47,443] {taskinstance.py:851} INFO - Dependencies all met for <TaskInstance: boston_service_request_csv.csv_to_gcs_job 2022-02-01T00:00:00+00:00 [queued]>
[2022-03-26 04:50:47,479] {taskinstance.py:851} INFO - Dependencies all met for <TaskInstance: boston_service_request_csv.csv_to_gcs_job 2022-02-01T00:00:00+00:00 [queued]>
[2022-03-26 04:50:47,481] {taskinstance.py:1042} INFO - 
--------------------------------------------------------------------------------
[2022-03-26 04:50:47,482] {taskinstance.py:1043} INFO - Starting attempt 2 of 2
[2022-03-26 04:50:47,484] {taskinstance.py:1044} INFO - 
--------------------------------------------------------------------------------
[2022-03-26 04:50:47,509] {taskinstance.py:1063} INFO - Executing <Task(PythonOperator): csv_to_gcs_job> on 2022-02-01T00:00:00+00:00
[2022-03-26 04:50:47,518] {standard_task_runner.py:52} INFO - Started process 555 to run task
[2022-03-26 04:50:47,527] {standard_task_runner.py:76} INFO - Running: ['airflow', 'tasks', 'run', 'boston_service_request_csv', 'csv_to_gcs_job', '2022-02-01T00:00:00+00:00', '--job-id', '55', '--pool', 'default_pool', '--raw', '--subdir', 'DAGS_FOLDER/boston_service_request.py', '--cfg-path', '/tmp/tmppmftbapi', '--error-file', '/tmp/tmpphy266ro']
[2022-03-26 04:50:47,535] {standard_task_runner.py:77} INFO - Job 55: Subtask csv_to_gcs_job
[2022-03-26 04:50:47,636] {logging_mixin.py:104} INFO - Running <TaskInstance: boston_service_request_csv.csv_to_gcs_job 2022-02-01T00:00:00+00:00 [running]> on host 4c1f33c38df2
[2022-03-26 04:50:47,741] {taskinstance.py:1257} INFO - Exporting the following env vars:
AIRFLOW_CTX_DAG_OWNER=airflow
AIRFLOW_CTX_DAG_ID=boston_service_request_csv
AIRFLOW_CTX_TASK_ID=csv_to_gcs_job
AIRFLOW_CTX_EXECUTION_DATE=2022-02-01T00:00:00+00:00
AIRFLOW_CTX_DAG_RUN_ID=scheduled__2022-02-01T00:00:00+00:00
[2022-03-26 04:51:11,919] {python.py:118} INFO - Done. Returned value was: None
[2022-03-26 04:51:11,969] {taskinstance.py:1166} INFO - Marking task as SUCCESS. dag_id=boston_service_request_csv, task_id=csv_to_gcs_job, execution_date=20220201T000000, start_date=20220326T045047, end_date=20220326T045111
[2022-03-26 04:51:12,034] {taskinstance.py:1220} INFO - 1 downstream tasks scheduled from follow-on schedule check
[2022-03-26 04:51:12,066] {local_task_job.py:146} INFO - Task exited with return code 0
