[2022-03-24 22:42:36,115] {taskinstance.py:851} INFO - Dependencies all met for <TaskInstance: boston_service_request_csv.csv_to_gcs_job 2022-02-01T00:00:00+00:00 [queued]>
[2022-03-24 22:42:36,154] {taskinstance.py:851} INFO - Dependencies all met for <TaskInstance: boston_service_request_csv.csv_to_gcs_job 2022-02-01T00:00:00+00:00 [queued]>
[2022-03-24 22:42:36,156] {taskinstance.py:1042} INFO - 
--------------------------------------------------------------------------------
[2022-03-24 22:42:36,162] {taskinstance.py:1043} INFO - Starting attempt 4 of 4
[2022-03-24 22:42:36,163] {taskinstance.py:1044} INFO - 
--------------------------------------------------------------------------------
[2022-03-24 22:42:36,187] {taskinstance.py:1063} INFO - Executing <Task(PythonOperator): csv_to_gcs_job> on 2022-02-01T00:00:00+00:00
[2022-03-24 22:42:36,196] {standard_task_runner.py:52} INFO - Started process 2270 to run task
[2022-03-24 22:42:36,206] {standard_task_runner.py:76} INFO - Running: ['airflow', 'tasks', 'run', 'boston_service_request_csv', 'csv_to_gcs_job', '2022-02-01T00:00:00+00:00', '--job-id', '36', '--pool', 'default_pool', '--raw', '--subdir', 'DAGS_FOLDER/boston_service_request.py', '--cfg-path', '/tmp/tmpgl7j5rd3', '--error-file', '/tmp/tmpkgsneea2']
[2022-03-24 22:42:36,213] {standard_task_runner.py:77} INFO - Job 36: Subtask csv_to_gcs_job
[2022-03-24 22:42:36,312] {logging_mixin.py:104} INFO - Running <TaskInstance: boston_service_request_csv.csv_to_gcs_job 2022-02-01T00:00:00+00:00 [running]> on host 8b234c07401a
[2022-03-24 22:42:36,414] {taskinstance.py:1257} INFO - Exporting the following env vars:
AIRFLOW_CTX_DAG_OWNER=airflow
AIRFLOW_CTX_DAG_ID=boston_service_request_csv
AIRFLOW_CTX_TASK_ID=csv_to_gcs_job
AIRFLOW_CTX_EXECUTION_DATE=2022-02-01T00:00:00+00:00
AIRFLOW_CTX_DAG_RUN_ID=scheduled__2022-02-01T00:00:00+00:00
[2022-03-24 22:43:05,500] {python.py:118} INFO - Done. Returned value was: None
[2022-03-24 22:43:05,543] {taskinstance.py:1166} INFO - Marking task as SUCCESS. dag_id=boston_service_request_csv, task_id=csv_to_gcs_job, execution_date=20220201T000000, start_date=20220324T224236, end_date=20220324T224305
[2022-03-24 22:43:05,599] {taskinstance.py:1220} INFO - 0 downstream tasks scheduled from follow-on schedule check
[2022-03-24 22:43:05,656] {local_task_job.py:146} INFO - Task exited with return code 0
