[2022-03-23 03:50:11,581] {taskinstance.py:851} INFO - Dependencies all met for <TaskInstance: boston_service_request_csv.csv_to_gcs_job 2019-04-02T06:00:00+00:00 [queued]>
[2022-03-23 03:50:11,621] {taskinstance.py:851} INFO - Dependencies all met for <TaskInstance: boston_service_request_csv.csv_to_gcs_job 2019-04-02T06:00:00+00:00 [queued]>
[2022-03-23 03:50:11,624] {taskinstance.py:1042} INFO - 
--------------------------------------------------------------------------------
[2022-03-23 03:50:11,625] {taskinstance.py:1043} INFO - Starting attempt 1 of 1
[2022-03-23 03:50:11,627] {taskinstance.py:1044} INFO - 
--------------------------------------------------------------------------------
[2022-03-23 03:50:11,654] {taskinstance.py:1063} INFO - Executing <Task(PythonOperator): csv_to_gcs_job> on 2019-04-02T06:00:00+00:00
[2022-03-23 03:50:11,663] {standard_task_runner.py:52} INFO - Started process 598 to run task
[2022-03-23 03:50:11,674] {standard_task_runner.py:76} INFO - Running: ['airflow', 'tasks', 'run', 'boston_service_request_csv', 'csv_to_gcs_job', '2019-04-02T06:00:00+00:00', '--job-id', '136', '--pool', 'default_pool', '--raw', '--subdir', 'DAGS_FOLDER/boston_service_request.py', '--cfg-path', '/tmp/tmpt63r7v1p', '--error-file', '/tmp/tmpm7k7hoj8']
[2022-03-23 03:50:11,681] {standard_task_runner.py:77} INFO - Job 136: Subtask csv_to_gcs_job
[2022-03-23 03:50:11,787] {logging_mixin.py:104} INFO - Running <TaskInstance: boston_service_request_csv.csv_to_gcs_job 2019-04-02T06:00:00+00:00 [running]> on host 294e23567a6c
[2022-03-23 03:50:11,915] {taskinstance.py:1257} INFO - Exporting the following env vars:
AIRFLOW_CTX_DAG_OWNER=airflow
AIRFLOW_CTX_DAG_ID=boston_service_request_csv
AIRFLOW_CTX_TASK_ID=csv_to_gcs_job
AIRFLOW_CTX_EXECUTION_DATE=2019-04-02T06:00:00+00:00
AIRFLOW_CTX_DAG_RUN_ID=scheduled__2019-04-02T06:00:00+00:00
[2022-03-23 03:50:47,443] {python.py:118} INFO - Done. Returned value was: None
[2022-03-23 03:50:47,482] {taskinstance.py:1166} INFO - Marking task as SUCCESS. dag_id=boston_service_request_csv, task_id=csv_to_gcs_job, execution_date=20190402T060000, start_date=20220323T035011, end_date=20220323T035047
[2022-03-23 03:50:47,547] {taskinstance.py:1220} INFO - 1 downstream tasks scheduled from follow-on schedule check
[2022-03-23 03:50:47,599] {local_task_job.py:146} INFO - Task exited with return code 0
