[2022-03-19 18:17:03,166] {taskinstance.py:851} INFO - Dependencies all met for <TaskInstance: 311_service_request_dag.311_file_url 2022-03-17T13:29:34.380568+00:00 [queued]>
[2022-03-19 18:17:03,197] {taskinstance.py:851} INFO - Dependencies all met for <TaskInstance: 311_service_request_dag.311_file_url 2022-03-17T13:29:34.380568+00:00 [queued]>
[2022-03-19 18:17:03,198] {taskinstance.py:1042} INFO - 
--------------------------------------------------------------------------------
[2022-03-19 18:17:03,200] {taskinstance.py:1043} INFO - Starting attempt 5 of 5
[2022-03-19 18:17:03,201] {taskinstance.py:1044} INFO - 
--------------------------------------------------------------------------------
[2022-03-19 18:17:03,231] {taskinstance.py:1063} INFO - Executing <Task(BashOperator): 311_file_url> on 2022-03-17T13:29:34.380568+00:00
[2022-03-19 18:17:03,239] {standard_task_runner.py:52} INFO - Started process 728 to run task
[2022-03-19 18:17:03,249] {standard_task_runner.py:76} INFO - Running: ['airflow', 'tasks', 'run', '311_service_request_dag', '311_file_url', '2022-03-17T13:29:34.380568+00:00', '--job-id', '80', '--pool', 'default_pool', '--raw', '--subdir', 'DAGS_FOLDER/311_download_ingest_gcs.py', '--cfg-path', '/tmp/tmpowh6nyzc', '--error-file', '/tmp/tmpq_y4wq0z']
[2022-03-19 18:17:03,255] {standard_task_runner.py:77} INFO - Job 80: Subtask 311_file_url
[2022-03-19 18:17:03,332] {logging_mixin.py:104} INFO - Running <TaskInstance: 311_service_request_dag.311_file_url 2022-03-17T13:29:34.380568+00:00 [running]> on host 3278a52a4586
[2022-03-19 18:17:03,416] {taskinstance.py:1257} INFO - Exporting the following env vars:
AIRFLOW_CTX_DAG_OWNER=airflow
AIRFLOW_CTX_DAG_ID=311_service_request_dag
AIRFLOW_CTX_TASK_ID=311_file_url
AIRFLOW_CTX_EXECUTION_DATE=2022-03-17T13:29:34.380568+00:00
AIRFLOW_CTX_DAG_RUN_ID=manual__2022-03-17T13:29:34.380568+00:00
[2022-03-19 18:17:03,422] {bash.py:135} INFO - Tmp dir root location: 
 /tmp
[2022-03-19 18:17:03,425] {bash.py:158} INFO - Running command: curl -sSLf https://data.cityofchicago.org/resource/v6vf-nfxy.csv > /opt/airflow/311request_2022_03_17-01_29_34_PM.csv
[2022-03-19 18:17:03,439] {bash.py:169} INFO - Output:
[2022-03-19 18:17:06,212] {bash.py:177} INFO - Command exited with return code 0
[2022-03-19 18:17:06,270] {taskinstance.py:1166} INFO - Marking task as SUCCESS. dag_id=311_service_request_dag, task_id=311_file_url, execution_date=20220317T132934, start_date=20220319T181703, end_date=20220319T181706
[2022-03-19 18:17:06,338] {taskinstance.py:1220} INFO - 1 downstream tasks scheduled from follow-on schedule check
[2022-03-19 18:17:06,365] {local_task_job.py:146} INFO - Task exited with return code 0
