[2022-03-22 06:32:41,738] {taskinstance.py:851} INFO - Dependencies all met for <TaskInstance: fifa_player_dag.cleanup_zip 2022-03-22T06:32:21.661260+00:00 [queued]>
[2022-03-22 06:32:41,776] {taskinstance.py:851} INFO - Dependencies all met for <TaskInstance: fifa_player_dag.cleanup_zip 2022-03-22T06:32:21.661260+00:00 [queued]>
[2022-03-22 06:32:41,778] {taskinstance.py:1042} INFO - 
--------------------------------------------------------------------------------
[2022-03-22 06:32:41,780] {taskinstance.py:1043} INFO - Starting attempt 1 of 1
[2022-03-22 06:32:41,781] {taskinstance.py:1044} INFO - 
--------------------------------------------------------------------------------
[2022-03-22 06:32:41,808] {taskinstance.py:1063} INFO - Executing <Task(BashOperator): cleanup_zip> on 2022-03-22T06:32:21.661260+00:00
[2022-03-22 06:32:41,817] {standard_task_runner.py:52} INFO - Started process 3934 to run task
[2022-03-22 06:32:41,827] {standard_task_runner.py:76} INFO - Running: ['airflow', 'tasks', 'run', 'fifa_player_dag', 'cleanup_zip', '2022-03-22T06:32:21.661260+00:00', '--job-id', '106', '--pool', 'default_pool', '--raw', '--subdir', 'DAGS_FOLDER/311_download_ingest_gcs.py', '--cfg-path', '/tmp/tmpsz639fjy', '--error-file', '/tmp/tmpj_y2jm9h']
[2022-03-22 06:32:41,834] {standard_task_runner.py:77} INFO - Job 106: Subtask cleanup_zip
[2022-03-22 06:32:41,918] {logging_mixin.py:104} INFO - Running <TaskInstance: fifa_player_dag.cleanup_zip 2022-03-22T06:32:21.661260+00:00 [running]> on host a920a86f34d9
[2022-03-22 06:32:41,998] {taskinstance.py:1257} INFO - Exporting the following env vars:
AIRFLOW_CTX_DAG_OWNER=airflow
AIRFLOW_CTX_DAG_ID=fifa_player_dag
AIRFLOW_CTX_TASK_ID=cleanup_zip
AIRFLOW_CTX_EXECUTION_DATE=2022-03-22T06:32:21.661260+00:00
AIRFLOW_CTX_DAG_RUN_ID=manual__2022-03-22T06:32:21.661260+00:00
[2022-03-22 06:32:42,005] {bash.py:135} INFO - Tmp dir root location: 
 /tmp
[2022-03-22 06:32:42,008] {bash.py:158} INFO - Running command: rm /opt/airflow/*.zip && rm /opt/airflow/*.csv && rm /opt/airflow/Career\ Mode\ *
[2022-03-22 06:32:42,024] {bash.py:169} INFO - Output:
[2022-03-22 06:32:42,181] {bash.py:177} INFO - Command exited with return code 0
[2022-03-22 06:32:42,236] {taskinstance.py:1166} INFO - Marking task as SUCCESS. dag_id=fifa_player_dag, task_id=cleanup_zip, execution_date=20220322T063221, start_date=20220322T063241, end_date=20220322T063242
[2022-03-22 06:32:42,292] {taskinstance.py:1220} INFO - 0 downstream tasks scheduled from follow-on schedule check
[2022-03-22 06:32:42,341] {local_task_job.py:146} INFO - Task exited with return code 0
