[2022-03-23 03:48:57,559] {taskinstance.py:851} INFO - Dependencies all met for <TaskInstance: boston_service_request_csv.download_csv_file_url 2019-03-02T06:00:00+00:00 [queued]>
[2022-03-23 03:48:57,612] {taskinstance.py:851} INFO - Dependencies all met for <TaskInstance: boston_service_request_csv.download_csv_file_url 2019-03-02T06:00:00+00:00 [queued]>
[2022-03-23 03:48:57,614] {taskinstance.py:1042} INFO - 
--------------------------------------------------------------------------------
[2022-03-23 03:48:57,616] {taskinstance.py:1043} INFO - Starting attempt 1 of 1
[2022-03-23 03:48:57,617] {taskinstance.py:1044} INFO - 
--------------------------------------------------------------------------------
[2022-03-23 03:48:57,648] {taskinstance.py:1063} INFO - Executing <Task(BashOperator): download_csv_file_url> on 2019-03-02T06:00:00+00:00
[2022-03-23 03:48:57,657] {standard_task_runner.py:52} INFO - Started process 467 to run task
[2022-03-23 03:48:57,679] {standard_task_runner.py:76} INFO - Running: ['airflow', 'tasks', 'run', 'boston_service_request_csv', 'download_csv_file_url', '2019-03-02T06:00:00+00:00', '--job-id', '130', '--pool', 'default_pool', '--raw', '--subdir', 'DAGS_FOLDER/boston_service_request.py', '--cfg-path', '/tmp/tmpbpu2x5vt', '--error-file', '/tmp/tmpq62f5qtr']
[2022-03-23 03:48:57,691] {standard_task_runner.py:77} INFO - Job 130: Subtask download_csv_file_url
[2022-03-23 03:48:57,853] {logging_mixin.py:104} INFO - Running <TaskInstance: boston_service_request_csv.download_csv_file_url 2019-03-02T06:00:00+00:00 [running]> on host 294e23567a6c
[2022-03-23 03:48:57,988] {taskinstance.py:1257} INFO - Exporting the following env vars:
AIRFLOW_CTX_DAG_OWNER=airflow
AIRFLOW_CTX_DAG_ID=boston_service_request_csv
AIRFLOW_CTX_TASK_ID=download_csv_file_url
AIRFLOW_CTX_EXECUTION_DATE=2019-03-02T06:00:00+00:00
AIRFLOW_CTX_DAG_RUN_ID=scheduled__2019-03-02T06:00:00+00:00
[2022-03-23 03:48:57,998] {bash.py:135} INFO - Tmp dir root location: 
 /tmp
[2022-03-23 03:48:58,002] {bash.py:158} INFO - Running command: curl -sSL https://data.boston.gov/dataset/8048697b-ad64-4bfc-b090-ee00169f2323/resource/f53ebccd-bc61-49f9-83db-625f209c95f5/download/{filename} > /opt/airflow/output_2019-03.csv
[2022-03-23 03:48:58,019] {bash.py:169} INFO - Output:
[2022-03-23 03:49:07,716] {bash.py:177} INFO - Command exited with return code 0
[2022-03-23 03:49:07,779] {taskinstance.py:1166} INFO - Marking task as SUCCESS. dag_id=boston_service_request_csv, task_id=download_csv_file_url, execution_date=20190302T060000, start_date=20220323T034857, end_date=20220323T034907
[2022-03-23 03:49:07,833] {local_task_job.py:188} WARNING - State of this instance has been externally set to success. Terminating instance.
[2022-03-23 03:49:07,852] {process_utils.py:100} INFO - Sending Signals.SIGTERM to GPID 467
[2022-03-23 03:49:07,866] {taskinstance.py:1239} ERROR - Received SIGTERM. Terminating subprocesses.
[2022-03-23 03:49:07,868] {bash.py:185} INFO - Sending SIGTERM signal to bash process group
[2022-03-23 03:49:07,908] {process_utils.py:66} INFO - Process psutil.Process(pid=467, status='terminated', exitcode=1, started='03:48:57') (467) terminated with exit code 1
