[2022-03-22 06:57:20,324] {taskinstance.py:851} INFO - Dependencies all met for <TaskInstance: fifa_player_dag.upload_to_gcs_job 2022-03-22T06:55:38.713472+00:00 [queued]>
[2022-03-22 06:57:20,365] {taskinstance.py:851} INFO - Dependencies all met for <TaskInstance: fifa_player_dag.upload_to_gcs_job 2022-03-22T06:55:38.713472+00:00 [queued]>
[2022-03-22 06:57:20,367] {taskinstance.py:1042} INFO - 
--------------------------------------------------------------------------------
[2022-03-22 06:57:20,369] {taskinstance.py:1043} INFO - Starting attempt 1 of 1
[2022-03-22 06:57:20,370] {taskinstance.py:1044} INFO - 
--------------------------------------------------------------------------------
[2022-03-22 06:57:20,395] {taskinstance.py:1063} INFO - Executing <Task(PythonOperator): upload_to_gcs_job> on 2022-03-22T06:55:38.713472+00:00
[2022-03-22 06:57:20,404] {standard_task_runner.py:52} INFO - Started process 5281 to run task
[2022-03-22 06:57:20,414] {standard_task_runner.py:76} INFO - Running: ['airflow', 'tasks', 'run', 'fifa_player_dag', 'upload_to_gcs_job', '2022-03-22T06:55:38.713472+00:00', '--job-id', '114', '--pool', 'default_pool', '--raw', '--subdir', 'DAGS_FOLDER/311_download_ingest_gcs.py', '--cfg-path', '/tmp/tmpqo9htu0l', '--error-file', '/tmp/tmpgmppkhla']
[2022-03-22 06:57:20,421] {standard_task_runner.py:77} INFO - Job 114: Subtask upload_to_gcs_job
[2022-03-22 06:57:20,507] {logging_mixin.py:104} INFO - Running <TaskInstance: fifa_player_dag.upload_to_gcs_job 2022-03-22T06:55:38.713472+00:00 [running]> on host a920a86f34d9
[2022-03-22 06:57:20,605] {taskinstance.py:1257} INFO - Exporting the following env vars:
AIRFLOW_CTX_DAG_OWNER=airflow
AIRFLOW_CTX_DAG_ID=fifa_player_dag
AIRFLOW_CTX_TASK_ID=upload_to_gcs_job
AIRFLOW_CTX_EXECUTION_DATE=2022-03-22T06:55:38.713472+00:00
AIRFLOW_CTX_DAG_RUN_ID=manual__2022-03-22T06:55:38.713472+00:00
[2022-03-22 06:57:26,498] {logging_mixin.py:104} INFO - <Bucket: datalake-311-bronze> with object_name *.csv uploaded to /opt/airflow/players_17.csv.
[2022-03-22 06:57:26,500] {python.py:118} INFO - Done. Returned value was: None
[2022-03-22 06:57:26,527] {taskinstance.py:1166} INFO - Marking task as SUCCESS. dag_id=fifa_player_dag, task_id=upload_to_gcs_job, execution_date=20220322T065538, start_date=20220322T065720, end_date=20220322T065726
[2022-03-22 06:57:26,593] {taskinstance.py:1220} INFO - 1 downstream tasks scheduled from follow-on schedule check
[2022-03-22 06:57:26,622] {local_task_job.py:146} INFO - Task exited with return code 0
