[2022-03-21 03:42:56,344] {taskinstance.py:851} INFO - Dependencies all met for <TaskInstance: 311_service_request_dag.311_file_url 2022-03-21T03:42:29.292959+00:00 [queued]>
[2022-03-21 03:42:56,386] {taskinstance.py:851} INFO - Dependencies all met for <TaskInstance: 311_service_request_dag.311_file_url 2022-03-21T03:42:29.292959+00:00 [queued]>
[2022-03-21 03:42:56,388] {taskinstance.py:1042} INFO - 
--------------------------------------------------------------------------------
[2022-03-21 03:42:56,390] {taskinstance.py:1043} INFO - Starting attempt 1 of 1
[2022-03-21 03:42:56,391] {taskinstance.py:1044} INFO - 
--------------------------------------------------------------------------------
[2022-03-21 03:42:56,416] {taskinstance.py:1063} INFO - Executing <Task(BashOperator): 311_file_url> on 2022-03-21T03:42:29.292959+00:00
[2022-03-21 03:42:56,425] {standard_task_runner.py:52} INFO - Started process 27319 to run task
[2022-03-21 03:42:56,435] {standard_task_runner.py:76} INFO - Running: ['airflow', 'tasks', 'run', '311_service_request_dag', '311_file_url', '2022-03-21T03:42:29.292959+00:00', '--job-id', '89', '--pool', 'default_pool', '--raw', '--subdir', 'DAGS_FOLDER/311_download_ingest_gcs.py', '--cfg-path', '/tmp/tmpw8djrgbg', '--error-file', '/tmp/tmpglz2gjcb']
[2022-03-21 03:42:56,442] {standard_task_runner.py:77} INFO - Job 89: Subtask 311_file_url
[2022-03-21 03:42:56,528] {logging_mixin.py:104} INFO - Running <TaskInstance: 311_service_request_dag.311_file_url 2022-03-21T03:42:29.292959+00:00 [running]> on host 0e06240adef1
[2022-03-21 03:42:56,617] {taskinstance.py:1257} INFO - Exporting the following env vars:
AIRFLOW_CTX_DAG_OWNER=airflow
AIRFLOW_CTX_DAG_ID=311_service_request_dag
AIRFLOW_CTX_TASK_ID=311_file_url
AIRFLOW_CTX_EXECUTION_DATE=2022-03-21T03:42:29.292959+00:00
AIRFLOW_CTX_DAG_RUN_ID=manual__2022-03-21T03:42:29.292959+00:00
[2022-03-21 03:42:56,624] {bash.py:135} INFO - Tmp dir root location: 
 /tmp
[2022-03-21 03:42:56,627] {bash.py:158} INFO - Running command: curl -sSLf https://data.cityofchicago.org/resource/v6vf-nfxy.csv > /opt/airflow/311request_2022_03_21-03_42_29_AM.csv
[2022-03-21 03:42:56,644] {bash.py:169} INFO - Output:
[2022-03-21 03:43:05,046] {bash.py:177} INFO - Command exited with return code 0
[2022-03-21 03:43:05,105] {taskinstance.py:1166} INFO - Marking task as SUCCESS. dag_id=311_service_request_dag, task_id=311_file_url, execution_date=20220321T034229, start_date=20220321T034256, end_date=20220321T034305
[2022-03-21 03:43:05,177] {taskinstance.py:1220} INFO - 1 downstream tasks scheduled from follow-on schedule check
[2022-03-21 03:43:05,228] {local_task_job.py:146} INFO - Task exited with return code 0
