[2022-03-23 03:59:38,893] {taskinstance.py:851} INFO - Dependencies all met for <TaskInstance: boston_service_request_csv.cleanup_csv 2022-02-01T00:00:00+00:00 [queued]>
[2022-03-23 03:59:38,929] {taskinstance.py:851} INFO - Dependencies all met for <TaskInstance: boston_service_request_csv.cleanup_csv 2022-02-01T00:00:00+00:00 [queued]>
[2022-03-23 03:59:38,931] {taskinstance.py:1042} INFO - 
--------------------------------------------------------------------------------
[2022-03-23 03:59:38,933] {taskinstance.py:1043} INFO - Starting attempt 1 of 1
[2022-03-23 03:59:38,934] {taskinstance.py:1044} INFO - 
--------------------------------------------------------------------------------
[2022-03-23 03:59:38,961] {taskinstance.py:1063} INFO - Executing <Task(BashOperator): cleanup_csv> on 2022-02-01T00:00:00+00:00
[2022-03-23 03:59:38,970] {standard_task_runner.py:52} INFO - Started process 1405 to run task
[2022-03-23 03:59:38,980] {standard_task_runner.py:76} INFO - Running: ['airflow', 'tasks', 'run', 'boston_service_request_csv', 'cleanup_csv', '2022-02-01T00:00:00+00:00', '--job-id', '164', '--pool', 'default_pool', '--raw', '--subdir', 'DAGS_FOLDER/boston_service_request.py', '--cfg-path', '/tmp/tmpitrkrolg', '--error-file', '/tmp/tmpb9zw90d0']
[2022-03-23 03:59:38,986] {standard_task_runner.py:77} INFO - Job 164: Subtask cleanup_csv
[2022-03-23 03:59:39,083] {logging_mixin.py:104} INFO - Running <TaskInstance: boston_service_request_csv.cleanup_csv 2022-02-01T00:00:00+00:00 [running]> on host 294e23567a6c
[2022-03-23 03:59:39,180] {taskinstance.py:1257} INFO - Exporting the following env vars:
AIRFLOW_CTX_DAG_OWNER=airflow
AIRFLOW_CTX_DAG_ID=boston_service_request_csv
AIRFLOW_CTX_TASK_ID=cleanup_csv
AIRFLOW_CTX_EXECUTION_DATE=2022-02-01T00:00:00+00:00
AIRFLOW_CTX_DAG_RUN_ID=scheduled__2022-02-01T00:00:00+00:00
[2022-03-23 03:59:39,187] {bash.py:135} INFO - Tmp dir root location: 
 /tmp
[2022-03-23 03:59:39,191] {bash.py:158} INFO - Running command: rm /opt/airflow/boston_*.csv
[2022-03-23 03:59:39,207] {bash.py:169} INFO - Output:
[2022-03-23 03:59:39,305] {bash.py:177} INFO - Command exited with return code 0
[2022-03-23 03:59:39,361] {taskinstance.py:1166} INFO - Marking task as SUCCESS. dag_id=boston_service_request_csv, task_id=cleanup_csv, execution_date=20220201T000000, start_date=20220323T035938, end_date=20220323T035939
[2022-03-23 03:59:39,419] {taskinstance.py:1220} INFO - 0 downstream tasks scheduled from follow-on schedule check
[2022-03-23 03:59:39,447] {local_task_job.py:146} INFO - Task exited with return code 0
[2022-03-23 21:50:44,801] {taskinstance.py:851} INFO - Dependencies all met for <TaskInstance: boston_service_request_csv.cleanup_csv 2022-02-01T00:00:00+00:00 [queued]>
[2022-03-23 21:50:44,834] {taskinstance.py:851} INFO - Dependencies all met for <TaskInstance: boston_service_request_csv.cleanup_csv 2022-02-01T00:00:00+00:00 [queued]>
[2022-03-23 21:50:44,836] {taskinstance.py:1042} INFO - 
--------------------------------------------------------------------------------
[2022-03-23 21:50:44,838] {taskinstance.py:1043} INFO - Starting attempt 1 of 1
[2022-03-23 21:50:44,839] {taskinstance.py:1044} INFO - 
--------------------------------------------------------------------------------
[2022-03-23 21:50:44,869] {taskinstance.py:1063} INFO - Executing <Task(BashOperator): cleanup_csv> on 2022-02-01T00:00:00+00:00
[2022-03-23 21:50:44,876] {standard_task_runner.py:52} INFO - Started process 906 to run task
[2022-03-23 21:50:44,885] {standard_task_runner.py:76} INFO - Running: ['airflow', 'tasks', 'run', 'boston_service_request_csv', 'cleanup_csv', '2022-02-01T00:00:00+00:00', '--job-id', '6', '--pool', 'default_pool', '--raw', '--subdir', 'DAGS_FOLDER/boston_service_request.py', '--cfg-path', '/tmp/tmpu2mghou2', '--error-file', '/tmp/tmpyehve7np']
[2022-03-23 21:50:44,892] {standard_task_runner.py:77} INFO - Job 6: Subtask cleanup_csv
[2022-03-23 21:50:44,994] {logging_mixin.py:104} INFO - Running <TaskInstance: boston_service_request_csv.cleanup_csv 2022-02-01T00:00:00+00:00 [running]> on host 0e40074d7d81
[2022-03-23 21:50:45,092] {taskinstance.py:1257} INFO - Exporting the following env vars:
AIRFLOW_CTX_DAG_OWNER=airflow
AIRFLOW_CTX_DAG_ID=boston_service_request_csv
AIRFLOW_CTX_TASK_ID=cleanup_csv
AIRFLOW_CTX_EXECUTION_DATE=2022-02-01T00:00:00+00:00
AIRFLOW_CTX_DAG_RUN_ID=scheduled__2022-02-01T00:00:00+00:00
[2022-03-23 21:50:45,099] {bash.py:135} INFO - Tmp dir root location: 
 /tmp
[2022-03-23 21:50:45,103] {bash.py:158} INFO - Running command: rm /opt/airflow/boston_*.csv
[2022-03-23 21:50:45,117] {bash.py:169} INFO - Output:
[2022-03-23 21:50:45,190] {bash.py:177} INFO - Command exited with return code 0
[2022-03-23 21:50:45,243] {taskinstance.py:1166} INFO - Marking task as SUCCESS. dag_id=boston_service_request_csv, task_id=cleanup_csv, execution_date=20220201T000000, start_date=20220323T215044, end_date=20220323T215045
[2022-03-23 21:50:45,295] {taskinstance.py:1220} INFO - 0 downstream tasks scheduled from follow-on schedule check
[2022-03-23 21:50:45,345] {local_task_job.py:146} INFO - Task exited with return code 0
[2022-03-25 04:08:51,603] {taskinstance.py:851} INFO - Dependencies all met for <TaskInstance: boston_service_request_csv.cleanup_csv 2022-02-01T00:00:00+00:00 [queued]>
[2022-03-25 04:08:51,642] {taskinstance.py:851} INFO - Dependencies all met for <TaskInstance: boston_service_request_csv.cleanup_csv 2022-02-01T00:00:00+00:00 [queued]>
[2022-03-25 04:08:51,644] {taskinstance.py:1042} INFO - 
--------------------------------------------------------------------------------
[2022-03-25 04:08:51,645] {taskinstance.py:1043} INFO - Starting attempt 1 of 1
[2022-03-25 04:08:51,646] {taskinstance.py:1044} INFO - 
--------------------------------------------------------------------------------
[2022-03-25 04:08:51,670] {taskinstance.py:1063} INFO - Executing <Task(BashOperator): cleanup_csv> on 2022-02-01T00:00:00+00:00
[2022-03-25 04:08:51,679] {standard_task_runner.py:52} INFO - Started process 1185 to run task
[2022-03-25 04:08:51,689] {standard_task_runner.py:76} INFO - Running: ['airflow', 'tasks', 'run', 'boston_service_request_csv', 'cleanup_csv', '2022-02-01T00:00:00+00:00', '--job-id', '50', '--pool', 'default_pool', '--raw', '--subdir', 'DAGS_FOLDER/boston_service_request.py', '--cfg-path', '/tmp/tmptn2jvx2g', '--error-file', '/tmp/tmp9bf2affe']
[2022-03-25 04:08:51,696] {standard_task_runner.py:77} INFO - Job 50: Subtask cleanup_csv
[2022-03-25 04:08:51,794] {logging_mixin.py:104} INFO - Running <TaskInstance: boston_service_request_csv.cleanup_csv 2022-02-01T00:00:00+00:00 [running]> on host 8f00cae6f9bc
[2022-03-25 04:08:51,893] {taskinstance.py:1257} INFO - Exporting the following env vars:
AIRFLOW_CTX_DAG_OWNER=airflow
AIRFLOW_CTX_DAG_ID=boston_service_request_csv
AIRFLOW_CTX_TASK_ID=cleanup_csv
AIRFLOW_CTX_EXECUTION_DATE=2022-02-01T00:00:00+00:00
AIRFLOW_CTX_DAG_RUN_ID=scheduled__2022-02-01T00:00:00+00:00
[2022-03-25 04:08:51,901] {bash.py:135} INFO - Tmp dir root location: 
 /tmp
[2022-03-25 04:08:51,904] {bash.py:158} INFO - Running command: rm /opt/airflow/boston_*.csv
[2022-03-25 04:08:51,922] {bash.py:169} INFO - Output:
[2022-03-25 04:08:52,013] {bash.py:177} INFO - Command exited with return code 0
[2022-03-25 04:08:52,069] {taskinstance.py:1166} INFO - Marking task as SUCCESS. dag_id=boston_service_request_csv, task_id=cleanup_csv, execution_date=20220201T000000, start_date=20220325T040851, end_date=20220325T040852
[2022-03-25 04:08:52,123] {taskinstance.py:1220} INFO - 0 downstream tasks scheduled from follow-on schedule check
[2022-03-25 04:08:52,177] {local_task_job.py:146} INFO - Task exited with return code 0
