[2022-03-23 03:51:08,939] {taskinstance.py:851} INFO - Dependencies all met for <TaskInstance: boston_service_request_csv.download_csv_file_url 2019-07-02T06:00:00+00:00 [queued]>
[2022-03-23 03:51:08,975] {taskinstance.py:851} INFO - Dependencies all met for <TaskInstance: boston_service_request_csv.download_csv_file_url 2019-07-02T06:00:00+00:00 [queued]>
[2022-03-23 03:51:08,978] {taskinstance.py:1042} INFO - 
--------------------------------------------------------------------------------
[2022-03-23 03:51:08,979] {taskinstance.py:1043} INFO - Starting attempt 1 of 1
[2022-03-23 03:51:08,980] {taskinstance.py:1044} INFO - 
--------------------------------------------------------------------------------
[2022-03-23 03:51:09,004] {taskinstance.py:1063} INFO - Executing <Task(BashOperator): download_csv_file_url> on 2019-07-02T06:00:00+00:00
[2022-03-23 03:51:09,013] {standard_task_runner.py:52} INFO - Started process 714 to run task
[2022-03-23 03:51:09,024] {standard_task_runner.py:76} INFO - Running: ['airflow', 'tasks', 'run', 'boston_service_request_csv', 'download_csv_file_url', '2019-07-02T06:00:00+00:00', '--job-id', '143', '--pool', 'default_pool', '--raw', '--subdir', 'DAGS_FOLDER/boston_service_request.py', '--cfg-path', '/tmp/tmp88onhg09', '--error-file', '/tmp/tmp_mgdmvwj']
[2022-03-23 03:51:09,037] {standard_task_runner.py:77} INFO - Job 143: Subtask download_csv_file_url
[2022-03-23 03:51:09,142] {logging_mixin.py:104} INFO - Running <TaskInstance: boston_service_request_csv.download_csv_file_url 2019-07-02T06:00:00+00:00 [running]> on host 294e23567a6c
[2022-03-23 03:51:09,258] {taskinstance.py:1257} INFO - Exporting the following env vars:
AIRFLOW_CTX_DAG_OWNER=airflow
AIRFLOW_CTX_DAG_ID=boston_service_request_csv
AIRFLOW_CTX_TASK_ID=download_csv_file_url
AIRFLOW_CTX_EXECUTION_DATE=2019-07-02T06:00:00+00:00
AIRFLOW_CTX_DAG_RUN_ID=scheduled__2019-07-02T06:00:00+00:00
[2022-03-23 03:51:09,267] {bash.py:135} INFO - Tmp dir root location: 
 /tmp
[2022-03-23 03:51:09,271] {bash.py:158} INFO - Running command: curl -sSL https://data.boston.gov/dataset/8048697b-ad64-4bfc-b090-ee00169f2323/resource/f53ebccd-bc61-49f9-83db-625f209c95f5/download/{filename} > /opt/airflow/output_2019-07.csv
[2022-03-23 03:51:09,288] {bash.py:169} INFO - Output:
[2022-03-23 03:51:14,160] {bash.py:177} INFO - Command exited with return code 0
[2022-03-23 03:51:14,225] {taskinstance.py:1166} INFO - Marking task as SUCCESS. dag_id=boston_service_request_csv, task_id=download_csv_file_url, execution_date=20190702T060000, start_date=20220323T035108, end_date=20220323T035114
[2022-03-23 03:51:14,302] {taskinstance.py:1220} INFO - 1 downstream tasks scheduled from follow-on schedule check
[2022-03-23 03:51:14,333] {local_task_job.py:146} INFO - Task exited with return code 0
