[2022-03-17 13:30:04,529] {taskinstance.py:851} INFO - Dependencies all met for <TaskInstance: 311_service_request_dag.upload_to_gcs_job 2022-03-17T13:29:34.380568+00:00 [queued]>
[2022-03-17 13:30:04,601] {taskinstance.py:851} INFO - Dependencies all met for <TaskInstance: 311_service_request_dag.upload_to_gcs_job 2022-03-17T13:29:34.380568+00:00 [queued]>
[2022-03-17 13:30:04,603] {taskinstance.py:1042} INFO - 
--------------------------------------------------------------------------------
[2022-03-17 13:30:04,605] {taskinstance.py:1043} INFO - Starting attempt 1 of 1
[2022-03-17 13:30:04,607] {taskinstance.py:1044} INFO - 
--------------------------------------------------------------------------------
[2022-03-17 13:30:04,654] {taskinstance.py:1063} INFO - Executing <Task(PythonOperator): upload_to_gcs_job> on 2022-03-17T13:29:34.380568+00:00
[2022-03-17 13:30:04,664] {standard_task_runner.py:52} INFO - Started process 2084 to run task
[2022-03-17 13:30:04,675] {standard_task_runner.py:76} INFO - Running: ['airflow', 'tasks', 'run', '311_service_request_dag', 'upload_to_gcs_job', '2022-03-17T13:29:34.380568+00:00', '--job-id', '57', '--pool', 'default_pool', '--raw', '--subdir', 'DAGS_FOLDER/311_download_ingest_gcs.py', '--cfg-path', '/tmp/tmpwy84i6pd', '--error-file', '/tmp/tmp7rvb2bu_']
[2022-03-17 13:30:04,683] {standard_task_runner.py:77} INFO - Job 57: Subtask upload_to_gcs_job
[2022-03-17 13:30:04,777] {logging_mixin.py:104} INFO - Running <TaskInstance: 311_service_request_dag.upload_to_gcs_job 2022-03-17T13:29:34.380568+00:00 [running]> on host 1a3852343f5d
[2022-03-17 13:30:04,882] {taskinstance.py:1257} INFO - Exporting the following env vars:
AIRFLOW_CTX_DAG_OWNER=airflow
AIRFLOW_CTX_DAG_ID=311_service_request_dag
AIRFLOW_CTX_TASK_ID=upload_to_gcs_job
AIRFLOW_CTX_EXECUTION_DATE=2022-03-17T13:29:34.380568+00:00
AIRFLOW_CTX_DAG_RUN_ID=manual__2022-03-17T13:29:34.380568+00:00
[2022-03-17 13:30:05,996] {logging_mixin.py:104} INFO - <Bucket: datalake-311-bucket> with object_name 311request_2022_03_17-01_29_34_PM.parquet uploaded to /opt/airflow/311request_2022_03_17-01_29_34_PM.parquet.
[2022-03-17 13:30:05,998] {python.py:118} INFO - Done. Returned value was: None
[2022-03-17 13:30:06,025] {taskinstance.py:1166} INFO - Marking task as SUCCESS. dag_id=311_service_request_dag, task_id=upload_to_gcs_job, execution_date=20220317T132934, start_date=20220317T133004, end_date=20220317T133006
[2022-03-17 13:30:06,086] {taskinstance.py:1220} INFO - 1 downstream tasks scheduled from follow-on schedule check
[2022-03-17 13:30:06,117] {local_task_job.py:146} INFO - Task exited with return code 0
