[2022-03-19 18:17:16,026] {taskinstance.py:851} INFO - Dependencies all met for <TaskInstance: 311_service_request_dag.upload_to_gcs_job 2022-03-17T13:29:34.380568+00:00 [queued]>
[2022-03-19 18:17:16,058] {taskinstance.py:851} INFO - Dependencies all met for <TaskInstance: 311_service_request_dag.upload_to_gcs_job 2022-03-17T13:29:34.380568+00:00 [queued]>
[2022-03-19 18:17:16,060] {taskinstance.py:1042} INFO - 
--------------------------------------------------------------------------------
[2022-03-19 18:17:16,061] {taskinstance.py:1043} INFO - Starting attempt 6 of 6
[2022-03-19 18:17:16,062] {taskinstance.py:1044} INFO - 
--------------------------------------------------------------------------------
[2022-03-19 18:17:16,093] {taskinstance.py:1063} INFO - Executing <Task(PythonOperator): upload_to_gcs_job> on 2022-03-17T13:29:34.380568+00:00
[2022-03-19 18:17:16,100] {standard_task_runner.py:52} INFO - Started process 765 to run task
[2022-03-19 18:17:16,109] {standard_task_runner.py:76} INFO - Running: ['airflow', 'tasks', 'run', '311_service_request_dag', 'upload_to_gcs_job', '2022-03-17T13:29:34.380568+00:00', '--job-id', '82', '--pool', 'default_pool', '--raw', '--subdir', 'DAGS_FOLDER/311_download_ingest_gcs.py', '--cfg-path', '/tmp/tmpri81kuf5', '--error-file', '/tmp/tmp60qi5gbb']
[2022-03-19 18:17:16,116] {standard_task_runner.py:77} INFO - Job 82: Subtask upload_to_gcs_job
[2022-03-19 18:17:16,193] {logging_mixin.py:104} INFO - Running <TaskInstance: 311_service_request_dag.upload_to_gcs_job 2022-03-17T13:29:34.380568+00:00 [running]> on host 3278a52a4586
[2022-03-19 18:17:16,281] {taskinstance.py:1257} INFO - Exporting the following env vars:
AIRFLOW_CTX_DAG_OWNER=airflow
AIRFLOW_CTX_DAG_ID=311_service_request_dag
AIRFLOW_CTX_TASK_ID=upload_to_gcs_job
AIRFLOW_CTX_EXECUTION_DATE=2022-03-17T13:29:34.380568+00:00
AIRFLOW_CTX_DAG_RUN_ID=manual__2022-03-17T13:29:34.380568+00:00
[2022-03-19 18:17:17,276] {logging_mixin.py:104} INFO - <Bucket: datalake-311-bronze> with object_name 311request_2022_03_17-01_29_34_PM.parquet uploaded to /opt/airflow/311request_2022_03_17-01_29_34_PM.parquet.
[2022-03-19 18:17:17,280] {python.py:118} INFO - Done. Returned value was: None
[2022-03-19 18:17:17,322] {taskinstance.py:1166} INFO - Marking task as SUCCESS. dag_id=311_service_request_dag, task_id=upload_to_gcs_job, execution_date=20220317T132934, start_date=20220319T181716, end_date=20220319T181717
[2022-03-19 18:17:17,378] {taskinstance.py:1220} INFO - 0 downstream tasks scheduled from follow-on schedule check
[2022-03-19 18:17:17,408] {local_task_job.py:146} INFO - Task exited with return code 0
