[2022-03-23 04:00:25,626] {taskinstance.py:851} INFO - Dependencies all met for <TaskInstance: boston_service_request_csv.cleanup_csv 2022-03-23T03:58:54.398660+00:00 [queued]>
[2022-03-23 04:00:25,663] {taskinstance.py:851} INFO - Dependencies all met for <TaskInstance: boston_service_request_csv.cleanup_csv 2022-03-23T03:58:54.398660+00:00 [queued]>
[2022-03-23 04:00:25,683] {taskinstance.py:1042} INFO - 
--------------------------------------------------------------------------------
[2022-03-23 04:00:25,684] {taskinstance.py:1043} INFO - Starting attempt 1 of 1
[2022-03-23 04:00:25,687] {taskinstance.py:1044} INFO - 
--------------------------------------------------------------------------------
[2022-03-23 04:00:25,712] {taskinstance.py:1063} INFO - Executing <Task(BashOperator): cleanup_csv> on 2022-03-23T03:58:54.398660+00:00
[2022-03-23 04:00:25,721] {standard_task_runner.py:52} INFO - Started process 1478 to run task
[2022-03-23 04:00:25,732] {standard_task_runner.py:76} INFO - Running: ['airflow', 'tasks', 'run', 'boston_service_request_csv', 'cleanup_csv', '2022-03-23T03:58:54.398660+00:00', '--job-id', '167', '--pool', 'default_pool', '--raw', '--subdir', 'DAGS_FOLDER/boston_service_request.py', '--cfg-path', '/tmp/tmpiyqgngrr', '--error-file', '/tmp/tmpccfz3nkc']
[2022-03-23 04:00:25,739] {standard_task_runner.py:77} INFO - Job 167: Subtask cleanup_csv
[2022-03-23 04:00:25,818] {logging_mixin.py:104} INFO - Running <TaskInstance: boston_service_request_csv.cleanup_csv 2022-03-23T03:58:54.398660+00:00 [running]> on host 294e23567a6c
[2022-03-23 04:00:25,897] {taskinstance.py:1257} INFO - Exporting the following env vars:
AIRFLOW_CTX_DAG_OWNER=airflow
AIRFLOW_CTX_DAG_ID=boston_service_request_csv
AIRFLOW_CTX_TASK_ID=cleanup_csv
AIRFLOW_CTX_EXECUTION_DATE=2022-03-23T03:58:54.398660+00:00
AIRFLOW_CTX_DAG_RUN_ID=manual__2022-03-23T03:58:54.398660+00:00
[2022-03-23 04:00:25,905] {bash.py:135} INFO - Tmp dir root location: 
 /tmp
[2022-03-23 04:00:25,909] {bash.py:158} INFO - Running command: rm /opt/airflow/boston_*.csv
[2022-03-23 04:00:25,925] {bash.py:169} INFO - Output:
[2022-03-23 04:00:26,016] {bash.py:177} INFO - Command exited with return code 0
[2022-03-23 04:00:26,072] {taskinstance.py:1166} INFO - Marking task as SUCCESS. dag_id=boston_service_request_csv, task_id=cleanup_csv, execution_date=20220323T035854, start_date=20220323T040025, end_date=20220323T040026
[2022-03-23 04:00:26,130] {taskinstance.py:1220} INFO - 0 downstream tasks scheduled from follow-on schedule check
[2022-03-23 04:00:26,155] {local_task_job.py:146} INFO - Task exited with return code 0
