[2022-03-23 03:50:53,652] {taskinstance.py:851} INFO - Dependencies all met for <TaskInstance: boston_service_request_csv.cleanup_csv 2019-04-02T06:00:00+00:00 [queued]>
[2022-03-23 03:50:53,696] {taskinstance.py:851} INFO - Dependencies all met for <TaskInstance: boston_service_request_csv.cleanup_csv 2019-04-02T06:00:00+00:00 [queued]>
[2022-03-23 03:50:53,698] {taskinstance.py:1042} INFO - 
--------------------------------------------------------------------------------
[2022-03-23 03:50:53,699] {taskinstance.py:1043} INFO - Starting attempt 1 of 1
[2022-03-23 03:50:53,701] {taskinstance.py:1044} INFO - 
--------------------------------------------------------------------------------
[2022-03-23 03:50:53,734] {taskinstance.py:1063} INFO - Executing <Task(BashOperator): cleanup_csv> on 2019-04-02T06:00:00+00:00
[2022-03-23 03:50:53,743] {standard_task_runner.py:52} INFO - Started process 686 to run task
[2022-03-23 03:50:53,753] {standard_task_runner.py:76} INFO - Running: ['airflow', 'tasks', 'run', 'boston_service_request_csv', 'cleanup_csv', '2019-04-02T06:00:00+00:00', '--job-id', '141', '--pool', 'default_pool', '--raw', '--subdir', 'DAGS_FOLDER/boston_service_request.py', '--cfg-path', '/tmp/tmpuvbmhvx2', '--error-file', '/tmp/tmp2alvaaz0']
[2022-03-23 03:50:53,760] {standard_task_runner.py:77} INFO - Job 141: Subtask cleanup_csv
[2022-03-23 03:50:53,884] {logging_mixin.py:104} INFO - Running <TaskInstance: boston_service_request_csv.cleanup_csv 2019-04-02T06:00:00+00:00 [running]> on host 294e23567a6c
[2022-03-23 03:50:54,003] {taskinstance.py:1257} INFO - Exporting the following env vars:
AIRFLOW_CTX_DAG_OWNER=airflow
AIRFLOW_CTX_DAG_ID=boston_service_request_csv
AIRFLOW_CTX_TASK_ID=cleanup_csv
AIRFLOW_CTX_EXECUTION_DATE=2019-04-02T06:00:00+00:00
AIRFLOW_CTX_DAG_RUN_ID=scheduled__2019-04-02T06:00:00+00:00
[2022-03-23 03:50:54,010] {bash.py:135} INFO - Tmp dir root location: 
 /tmp
[2022-03-23 03:50:54,015] {bash.py:158} INFO - Running command: rm /opt/airflow/output_*.csv
[2022-03-23 03:50:54,032] {bash.py:169} INFO - Output:
[2022-03-23 03:50:54,147] {bash.py:177} INFO - Command exited with return code 0
[2022-03-23 03:50:54,207] {taskinstance.py:1166} INFO - Marking task as SUCCESS. dag_id=boston_service_request_csv, task_id=cleanup_csv, execution_date=20190402T060000, start_date=20220323T035053, end_date=20220323T035054
[2022-03-23 03:50:54,271] {taskinstance.py:1220} INFO - 0 downstream tasks scheduled from follow-on schedule check
[2022-03-23 03:50:54,296] {local_task_job.py:146} INFO - Task exited with return code 0
