[2022-03-23 03:53:09,449] {taskinstance.py:851} INFO - Dependencies all met for <TaskInstance: boston_service_request_csv.cleanup_csv 2019-10-02T06:00:00+00:00 [queued]>
[2022-03-23 03:53:09,493] {taskinstance.py:851} INFO - Dependencies all met for <TaskInstance: boston_service_request_csv.cleanup_csv 2019-10-02T06:00:00+00:00 [queued]>
[2022-03-23 03:53:09,495] {taskinstance.py:1042} INFO - 
--------------------------------------------------------------------------------
[2022-03-23 03:53:09,497] {taskinstance.py:1043} INFO - Starting attempt 1 of 1
[2022-03-23 03:53:09,499] {taskinstance.py:1044} INFO - 
--------------------------------------------------------------------------------
[2022-03-23 03:53:09,526] {taskinstance.py:1063} INFO - Executing <Task(BashOperator): cleanup_csv> on 2019-10-02T06:00:00+00:00
[2022-03-23 03:53:09,536] {standard_task_runner.py:52} INFO - Started process 958 to run task
[2022-03-23 03:53:09,547] {standard_task_runner.py:76} INFO - Running: ['airflow', 'tasks', 'run', 'boston_service_request_csv', 'cleanup_csv', '2019-10-02T06:00:00+00:00', '--job-id', '157', '--pool', 'default_pool', '--raw', '--subdir', 'DAGS_FOLDER/boston_service_request.py', '--cfg-path', '/tmp/tmp5lq6fk_7', '--error-file', '/tmp/tmp5h2nb1b2']
[2022-03-23 03:53:09,554] {standard_task_runner.py:77} INFO - Job 157: Subtask cleanup_csv
[2022-03-23 03:53:09,667] {logging_mixin.py:104} INFO - Running <TaskInstance: boston_service_request_csv.cleanup_csv 2019-10-02T06:00:00+00:00 [running]> on host 294e23567a6c
[2022-03-23 03:53:09,782] {taskinstance.py:1257} INFO - Exporting the following env vars:
AIRFLOW_CTX_DAG_OWNER=airflow
AIRFLOW_CTX_DAG_ID=boston_service_request_csv
AIRFLOW_CTX_TASK_ID=cleanup_csv
AIRFLOW_CTX_EXECUTION_DATE=2019-10-02T06:00:00+00:00
AIRFLOW_CTX_DAG_RUN_ID=scheduled__2019-10-02T06:00:00+00:00
[2022-03-23 03:53:09,791] {bash.py:135} INFO - Tmp dir root location: 
 /tmp
[2022-03-23 03:53:09,796] {bash.py:158} INFO - Running command: rm /opt/airflow/output_*.csv
[2022-03-23 03:53:09,815] {bash.py:169} INFO - Output:
[2022-03-23 03:53:09,889] {bash.py:177} INFO - Command exited with return code 0
[2022-03-23 03:53:09,968] {taskinstance.py:1166} INFO - Marking task as SUCCESS. dag_id=boston_service_request_csv, task_id=cleanup_csv, execution_date=20191002T060000, start_date=20220323T035309, end_date=20220323T035309
[2022-03-23 03:53:10,034] {taskinstance.py:1220} INFO - 0 downstream tasks scheduled from follow-on schedule check
[2022-03-23 03:53:10,084] {local_task_job.py:146} INFO - Task exited with return code 0
