[2022-03-24 17:54:30,849] {taskinstance.py:851} INFO - Dependencies all met for <TaskInstance: boston_service_request_csv.cleanup_csv 2022-02-01T00:00:00+00:00 [queued]>
[2022-03-24 17:54:30,880] {taskinstance.py:851} INFO - Dependencies all met for <TaskInstance: boston_service_request_csv.cleanup_csv 2022-02-01T00:00:00+00:00 [queued]>
[2022-03-24 17:54:30,882] {taskinstance.py:1042} INFO - 
--------------------------------------------------------------------------------
[2022-03-24 17:54:30,883] {taskinstance.py:1043} INFO - Starting attempt 2 of 2
[2022-03-24 17:54:30,885] {taskinstance.py:1044} INFO - 
--------------------------------------------------------------------------------
[2022-03-24 17:54:30,914] {taskinstance.py:1063} INFO - Executing <Task(BashOperator): cleanup_csv> on 2022-02-01T00:00:00+00:00
[2022-03-24 17:54:30,922] {standard_task_runner.py:52} INFO - Started process 2595 to run task
[2022-03-24 17:54:30,932] {standard_task_runner.py:76} INFO - Running: ['airflow', 'tasks', 'run', 'boston_service_request_csv', 'cleanup_csv', '2022-02-01T00:00:00+00:00', '--job-id', '16', '--pool', 'default_pool', '--raw', '--subdir', 'DAGS_FOLDER/boston_service_request.py', '--cfg-path', '/tmp/tmpjv_kauut', '--error-file', '/tmp/tmp72vdy_1b']
[2022-03-24 17:54:30,938] {standard_task_runner.py:77} INFO - Job 16: Subtask cleanup_csv
[2022-03-24 17:54:31,033] {logging_mixin.py:104} INFO - Running <TaskInstance: boston_service_request_csv.cleanup_csv 2022-02-01T00:00:00+00:00 [running]> on host 581d1616f220
[2022-03-24 17:54:31,125] {taskinstance.py:1257} INFO - Exporting the following env vars:
AIRFLOW_CTX_DAG_OWNER=airflow
AIRFLOW_CTX_DAG_ID=boston_service_request_csv
AIRFLOW_CTX_TASK_ID=cleanup_csv
AIRFLOW_CTX_EXECUTION_DATE=2022-02-01T00:00:00+00:00
AIRFLOW_CTX_DAG_RUN_ID=scheduled__2022-02-01T00:00:00+00:00
[2022-03-24 17:54:31,132] {bash.py:135} INFO - Tmp dir root location: 
 /tmp
[2022-03-24 17:54:31,135] {bash.py:158} INFO - Running command: rm /opt/airflow/boston_*.csv
[2022-03-24 17:54:31,149] {bash.py:169} INFO - Output:
[2022-03-24 17:54:31,227] {bash.py:177} INFO - Command exited with return code 0
[2022-03-24 17:54:31,281] {taskinstance.py:1166} INFO - Marking task as SUCCESS. dag_id=boston_service_request_csv, task_id=cleanup_csv, execution_date=20220201T000000, start_date=20220324T175430, end_date=20220324T175431
[2022-03-24 17:54:31,335] {taskinstance.py:1220} INFO - 0 downstream tasks scheduled from follow-on schedule check
[2022-03-24 17:54:31,355] {local_task_job.py:146} INFO - Task exited with return code 0
